[2024-05-28T20:02:01.939+0000] {processor.py:161} INFO - Started process (PID=34169) to work on /opt/airflow/dags/first_dag.py
[2024-05-28T20:02:01.941+0000] {processor.py:830} INFO - Processing file /opt/airflow/dags/first_dag.py for tasks to queue
[2024-05-28T20:02:01.943+0000] {logging_mixin.py:188} INFO - [2024-05-28T20:02:01.942+0000] {dagbag.py:545} INFO - Filling up the DagBag from /opt/airflow/dags/first_dag.py
[2024-05-28T20:02:01.955+0000] {processor.py:840} INFO - DAG(s) 'dag_id' retrieved from /opt/airflow/dags/first_dag.py
[2024-05-28T20:02:02.096+0000] {logging_mixin.py:188} INFO - [2024-05-28T20:02:02.096+0000] {override.py:1829} INFO - Created Permission View: can delete on DAG:dag_id
[2024-05-28T20:02:02.108+0000] {logging_mixin.py:188} INFO - [2024-05-28T20:02:02.108+0000] {override.py:1829} INFO - Created Permission View: can read on DAG:dag_id
[2024-05-28T20:02:02.116+0000] {logging_mixin.py:188} INFO - [2024-05-28T20:02:02.116+0000] {override.py:1829} INFO - Created Permission View: can edit on DAG:dag_id
[2024-05-28T20:02:02.117+0000] {logging_mixin.py:188} INFO - [2024-05-28T20:02:02.117+0000] {dag.py:3096} INFO - Sync 1 DAGs
[2024-05-28T20:02:02.132+0000] {logging_mixin.py:188} INFO - [2024-05-28T20:02:02.131+0000] {dag.py:3118} INFO - Creating ORM DAG for dag_id
[2024-05-28T20:02:02.144+0000] {logging_mixin.py:188} INFO - [2024-05-28T20:02:02.144+0000] {dag.py:3954} INFO - Setting next_dagrun for dag_id to None, run_after=None
[2024-05-28T20:02:02.164+0000] {processor.py:183} INFO - Processing /opt/airflow/dags/first_dag.py took 0.238 seconds
[2024-05-28T20:02:32.800+0000] {processor.py:161} INFO - Started process (PID=34235) to work on /opt/airflow/dags/first_dag.py
[2024-05-28T20:02:32.801+0000] {processor.py:830} INFO - Processing file /opt/airflow/dags/first_dag.py for tasks to queue
[2024-05-28T20:02:32.803+0000] {logging_mixin.py:188} INFO - [2024-05-28T20:02:32.802+0000] {dagbag.py:545} INFO - Filling up the DagBag from /opt/airflow/dags/first_dag.py
[2024-05-28T20:02:32.811+0000] {processor.py:840} INFO - DAG(s) 'dag_id' retrieved from /opt/airflow/dags/first_dag.py
[2024-05-28T20:02:32.836+0000] {logging_mixin.py:188} INFO - [2024-05-28T20:02:32.836+0000] {dag.py:3096} INFO - Sync 1 DAGs
[2024-05-28T20:02:32.864+0000] {logging_mixin.py:188} INFO - [2024-05-28T20:02:32.863+0000] {dag.py:3954} INFO - Setting next_dagrun for dag_id to None, run_after=None
[2024-05-28T20:02:32.895+0000] {processor.py:183} INFO - Processing /opt/airflow/dags/first_dag.py took 0.103 seconds
[2024-05-28T20:03:03.198+0000] {processor.py:161} INFO - Started process (PID=34295) to work on /opt/airflow/dags/first_dag.py
[2024-05-28T20:03:03.200+0000] {processor.py:830} INFO - Processing file /opt/airflow/dags/first_dag.py for tasks to queue
[2024-05-28T20:03:03.201+0000] {logging_mixin.py:188} INFO - [2024-05-28T20:03:03.201+0000] {dagbag.py:545} INFO - Filling up the DagBag from /opt/airflow/dags/first_dag.py
[2024-05-28T20:03:03.218+0000] {processor.py:840} INFO - DAG(s) 'dag_id' retrieved from /opt/airflow/dags/first_dag.py
[2024-05-28T20:03:03.246+0000] {logging_mixin.py:188} INFO - [2024-05-28T20:03:03.245+0000] {dag.py:3096} INFO - Sync 1 DAGs
[2024-05-28T20:03:03.284+0000] {logging_mixin.py:188} INFO - [2024-05-28T20:03:03.284+0000] {dag.py:3954} INFO - Setting next_dagrun for dag_id to None, run_after=None
[2024-05-28T20:03:03.326+0000] {processor.py:183} INFO - Processing /opt/airflow/dags/first_dag.py took 0.139 seconds
[2024-05-28T20:03:33.490+0000] {processor.py:161} INFO - Started process (PID=34354) to work on /opt/airflow/dags/first_dag.py
[2024-05-28T20:03:33.491+0000] {processor.py:830} INFO - Processing file /opt/airflow/dags/first_dag.py for tasks to queue
[2024-05-28T20:03:33.492+0000] {logging_mixin.py:188} INFO - [2024-05-28T20:03:33.492+0000] {dagbag.py:545} INFO - Filling up the DagBag from /opt/airflow/dags/first_dag.py
[2024-05-28T20:03:33.500+0000] {processor.py:840} INFO - DAG(s) 'dag_id' retrieved from /opt/airflow/dags/first_dag.py
[2024-05-28T20:03:33.525+0000] {logging_mixin.py:188} INFO - [2024-05-28T20:03:33.524+0000] {dag.py:3096} INFO - Sync 1 DAGs
[2024-05-28T20:03:33.555+0000] {logging_mixin.py:188} INFO - [2024-05-28T20:03:33.554+0000] {dag.py:3954} INFO - Setting next_dagrun for dag_id to None, run_after=None
[2024-05-28T20:03:33.576+0000] {processor.py:183} INFO - Processing /opt/airflow/dags/first_dag.py took 0.095 seconds
[2024-05-28T20:04:03.693+0000] {processor.py:161} INFO - Started process (PID=34414) to work on /opt/airflow/dags/first_dag.py
[2024-05-28T20:04:03.694+0000] {processor.py:830} INFO - Processing file /opt/airflow/dags/first_dag.py for tasks to queue
[2024-05-28T20:04:03.695+0000] {logging_mixin.py:188} INFO - [2024-05-28T20:04:03.695+0000] {dagbag.py:545} INFO - Filling up the DagBag from /opt/airflow/dags/first_dag.py
[2024-05-28T20:04:03.703+0000] {processor.py:840} INFO - DAG(s) 'dag_id' retrieved from /opt/airflow/dags/first_dag.py
[2024-05-28T20:04:03.728+0000] {logging_mixin.py:188} INFO - [2024-05-28T20:04:03.727+0000] {dag.py:3096} INFO - Sync 1 DAGs
[2024-05-28T20:04:03.765+0000] {logging_mixin.py:188} INFO - [2024-05-28T20:04:03.765+0000] {dag.py:3954} INFO - Setting next_dagrun for dag_id to None, run_after=None
[2024-05-28T20:04:03.790+0000] {processor.py:183} INFO - Processing /opt/airflow/dags/first_dag.py took 0.105 seconds
[2024-05-28T20:04:34.208+0000] {processor.py:161} INFO - Started process (PID=34474) to work on /opt/airflow/dags/first_dag.py
[2024-05-28T20:04:34.209+0000] {processor.py:830} INFO - Processing file /opt/airflow/dags/first_dag.py for tasks to queue
[2024-05-28T20:04:34.210+0000] {logging_mixin.py:188} INFO - [2024-05-28T20:04:34.210+0000] {dagbag.py:545} INFO - Filling up the DagBag from /opt/airflow/dags/first_dag.py
[2024-05-28T20:04:34.219+0000] {processor.py:840} INFO - DAG(s) 'dag_id' retrieved from /opt/airflow/dags/first_dag.py
[2024-05-28T20:04:34.242+0000] {logging_mixin.py:188} INFO - [2024-05-28T20:04:34.242+0000] {dag.py:3096} INFO - Sync 1 DAGs
[2024-05-28T20:04:34.269+0000] {logging_mixin.py:188} INFO - [2024-05-28T20:04:34.269+0000] {dag.py:3954} INFO - Setting next_dagrun for dag_id to None, run_after=None
[2024-05-28T20:04:34.294+0000] {processor.py:183} INFO - Processing /opt/airflow/dags/first_dag.py took 0.093 seconds
[2024-05-28T20:05:04.537+0000] {processor.py:161} INFO - Started process (PID=34534) to work on /opt/airflow/dags/first_dag.py
[2024-05-28T20:05:04.538+0000] {processor.py:830} INFO - Processing file /opt/airflow/dags/first_dag.py for tasks to queue
[2024-05-28T20:05:04.540+0000] {logging_mixin.py:188} INFO - [2024-05-28T20:05:04.539+0000] {dagbag.py:545} INFO - Filling up the DagBag from /opt/airflow/dags/first_dag.py
[2024-05-28T20:05:04.548+0000] {processor.py:840} INFO - DAG(s) 'dag_id' retrieved from /opt/airflow/dags/first_dag.py
[2024-05-28T20:05:04.571+0000] {logging_mixin.py:188} INFO - [2024-05-28T20:05:04.570+0000] {dag.py:3096} INFO - Sync 1 DAGs
[2024-05-28T20:05:04.598+0000] {logging_mixin.py:188} INFO - [2024-05-28T20:05:04.597+0000] {dag.py:3954} INFO - Setting next_dagrun for dag_id to None, run_after=None
[2024-05-28T20:05:04.620+0000] {processor.py:183} INFO - Processing /opt/airflow/dags/first_dag.py took 0.090 seconds
[2024-05-28T20:05:34.810+0000] {processor.py:161} INFO - Started process (PID=34595) to work on /opt/airflow/dags/first_dag.py
[2024-05-28T20:05:34.812+0000] {processor.py:830} INFO - Processing file /opt/airflow/dags/first_dag.py for tasks to queue
[2024-05-28T20:05:34.813+0000] {logging_mixin.py:188} INFO - [2024-05-28T20:05:34.812+0000] {dagbag.py:545} INFO - Filling up the DagBag from /opt/airflow/dags/first_dag.py
[2024-05-28T20:05:34.821+0000] {processor.py:840} INFO - DAG(s) 'dag_id' retrieved from /opt/airflow/dags/first_dag.py
[2024-05-28T20:05:34.847+0000] {logging_mixin.py:188} INFO - [2024-05-28T20:05:34.847+0000] {dag.py:3096} INFO - Sync 1 DAGs
[2024-05-28T20:05:34.880+0000] {logging_mixin.py:188} INFO - [2024-05-28T20:05:34.879+0000] {dag.py:3954} INFO - Setting next_dagrun for dag_id to None, run_after=None
[2024-05-28T20:05:34.903+0000] {processor.py:183} INFO - Processing /opt/airflow/dags/first_dag.py took 0.101 seconds
[2024-05-28T20:05:36.881+0000] {processor.py:161} INFO - Started process (PID=34596) to work on /opt/airflow/dags/first_dag.py
[2024-05-28T20:05:36.883+0000] {processor.py:830} INFO - Processing file /opt/airflow/dags/first_dag.py for tasks to queue
[2024-05-28T20:05:36.884+0000] {logging_mixin.py:188} INFO - [2024-05-28T20:05:36.884+0000] {dagbag.py:545} INFO - Filling up the DagBag from /opt/airflow/dags/first_dag.py
[2024-05-28T20:05:36.914+0000] {logging_mixin.py:188} INFO - [2024-05-28T20:05:36.901+0000] {dagbag.py:452} ERROR - Failed to bag_dag: /opt/airflow/dags/first_dag.py
Traceback (most recent call last):
  File "/home/airflow/.local/lib/python3.12/site-packages/airflow/timetables/_cron.py", line 100, in validate
    croniter(self._expression)
  File "/home/airflow/.local/lib/python3.12/site-packages/croniter/croniter.py", line 187, in __init__
    self.expanded, self.nth_weekday_of_month = self.expand(expr_format, hash_id=hash_id)
                                               ^^^^^^^^^^^^^^^^^^^^^^^^^^^^^^^^^^^^^^^^^
  File "/home/airflow/.local/lib/python3.12/site-packages/croniter/croniter.py", line 821, in expand
    return cls._expand(expr_format, hash_id=hash_id)
           ^^^^^^^^^^^^^^^^^^^^^^^^^^^^^^^^^^^^^^^^^
  File "/home/airflow/.local/lib/python3.12/site-packages/croniter/croniter.py", line 776, in _expand
    raise CroniterBadCronError(
croniter.croniter.CroniterBadCronError: [0 0 0 * *] is not acceptable, out of range

During handling of the above exception, another exception occurred:

Traceback (most recent call last):
  File "/home/airflow/.local/lib/python3.12/site-packages/airflow/models/dagbag.py", line 447, in _process_modules
    dag.validate()
  File "/home/airflow/.local/lib/python3.12/site-packages/airflow/models/dag.py", line 775, in validate
    self.timetable.validate()
  File "/home/airflow/.local/lib/python3.12/site-packages/airflow/timetables/_cron.py", line 102, in validate
    raise AirflowTimetableInvalid(str(e))
airflow.exceptions.AirflowTimetableInvalid: [0 0 0 * *] is not acceptable, out of range
[2024-05-28T20:05:36.914+0000] {processor.py:842} WARNING - No viable dags retrieved from /opt/airflow/dags/first_dag.py
[2024-05-28T20:05:36.945+0000] {processor.py:183} INFO - Processing /opt/airflow/dags/first_dag.py took 0.071 seconds
[2024-05-28T20:06:07.428+0000] {processor.py:161} INFO - Started process (PID=34656) to work on /opt/airflow/dags/first_dag.py
[2024-05-28T20:06:07.430+0000] {processor.py:830} INFO - Processing file /opt/airflow/dags/first_dag.py for tasks to queue
[2024-05-28T20:06:07.431+0000] {logging_mixin.py:188} INFO - [2024-05-28T20:06:07.431+0000] {dagbag.py:545} INFO - Filling up the DagBag from /opt/airflow/dags/first_dag.py
[2024-05-28T20:06:07.457+0000] {logging_mixin.py:188} INFO - [2024-05-28T20:06:07.454+0000] {dagbag.py:452} ERROR - Failed to bag_dag: /opt/airflow/dags/first_dag.py
Traceback (most recent call last):
  File "/home/airflow/.local/lib/python3.12/site-packages/airflow/timetables/_cron.py", line 100, in validate
    croniter(self._expression)
  File "/home/airflow/.local/lib/python3.12/site-packages/croniter/croniter.py", line 187, in __init__
    self.expanded, self.nth_weekday_of_month = self.expand(expr_format, hash_id=hash_id)
                                               ^^^^^^^^^^^^^^^^^^^^^^^^^^^^^^^^^^^^^^^^^
  File "/home/airflow/.local/lib/python3.12/site-packages/croniter/croniter.py", line 821, in expand
    return cls._expand(expr_format, hash_id=hash_id)
           ^^^^^^^^^^^^^^^^^^^^^^^^^^^^^^^^^^^^^^^^^
  File "/home/airflow/.local/lib/python3.12/site-packages/croniter/croniter.py", line 776, in _expand
    raise CroniterBadCronError(
croniter.croniter.CroniterBadCronError: [0 0 0 * *] is not acceptable, out of range

During handling of the above exception, another exception occurred:

Traceback (most recent call last):
  File "/home/airflow/.local/lib/python3.12/site-packages/airflow/models/dagbag.py", line 447, in _process_modules
    dag.validate()
  File "/home/airflow/.local/lib/python3.12/site-packages/airflow/models/dag.py", line 775, in validate
    self.timetable.validate()
  File "/home/airflow/.local/lib/python3.12/site-packages/airflow/timetables/_cron.py", line 102, in validate
    raise AirflowTimetableInvalid(str(e))
airflow.exceptions.AirflowTimetableInvalid: [0 0 0 * *] is not acceptable, out of range
[2024-05-28T20:06:07.458+0000] {processor.py:842} WARNING - No viable dags retrieved from /opt/airflow/dags/first_dag.py
[2024-05-28T20:06:07.480+0000] {processor.py:183} INFO - Processing /opt/airflow/dags/first_dag.py took 0.062 seconds
[2024-05-28T20:06:38.437+0000] {processor.py:161} INFO - Started process (PID=34716) to work on /opt/airflow/dags/first_dag.py
[2024-05-28T20:06:38.438+0000] {processor.py:830} INFO - Processing file /opt/airflow/dags/first_dag.py for tasks to queue
[2024-05-28T20:06:38.440+0000] {logging_mixin.py:188} INFO - [2024-05-28T20:06:38.439+0000] {dagbag.py:545} INFO - Filling up the DagBag from /opt/airflow/dags/first_dag.py
[2024-05-28T20:06:38.455+0000] {logging_mixin.py:188} INFO - [2024-05-28T20:06:38.451+0000] {dagbag.py:452} ERROR - Failed to bag_dag: /opt/airflow/dags/first_dag.py
Traceback (most recent call last):
  File "/home/airflow/.local/lib/python3.12/site-packages/airflow/timetables/_cron.py", line 100, in validate
    croniter(self._expression)
  File "/home/airflow/.local/lib/python3.12/site-packages/croniter/croniter.py", line 187, in __init__
    self.expanded, self.nth_weekday_of_month = self.expand(expr_format, hash_id=hash_id)
                                               ^^^^^^^^^^^^^^^^^^^^^^^^^^^^^^^^^^^^^^^^^
  File "/home/airflow/.local/lib/python3.12/site-packages/croniter/croniter.py", line 821, in expand
    return cls._expand(expr_format, hash_id=hash_id)
           ^^^^^^^^^^^^^^^^^^^^^^^^^^^^^^^^^^^^^^^^^
  File "/home/airflow/.local/lib/python3.12/site-packages/croniter/croniter.py", line 776, in _expand
    raise CroniterBadCronError(
croniter.croniter.CroniterBadCronError: [0 0 0 * *] is not acceptable, out of range

During handling of the above exception, another exception occurred:

Traceback (most recent call last):
  File "/home/airflow/.local/lib/python3.12/site-packages/airflow/models/dagbag.py", line 447, in _process_modules
    dag.validate()
  File "/home/airflow/.local/lib/python3.12/site-packages/airflow/models/dag.py", line 775, in validate
    self.timetable.validate()
  File "/home/airflow/.local/lib/python3.12/site-packages/airflow/timetables/_cron.py", line 102, in validate
    raise AirflowTimetableInvalid(str(e))
airflow.exceptions.AirflowTimetableInvalid: [0 0 0 * *] is not acceptable, out of range
[2024-05-28T20:06:38.455+0000] {processor.py:842} WARNING - No viable dags retrieved from /opt/airflow/dags/first_dag.py
[2024-05-28T20:06:38.479+0000] {processor.py:183} INFO - Processing /opt/airflow/dags/first_dag.py took 0.051 seconds
[2024-05-28T20:07:08.872+0000] {processor.py:161} INFO - Started process (PID=34776) to work on /opt/airflow/dags/first_dag.py
[2024-05-28T20:07:08.873+0000] {processor.py:830} INFO - Processing file /opt/airflow/dags/first_dag.py for tasks to queue
[2024-05-28T20:07:08.874+0000] {logging_mixin.py:188} INFO - [2024-05-28T20:07:08.874+0000] {dagbag.py:545} INFO - Filling up the DagBag from /opt/airflow/dags/first_dag.py
[2024-05-28T20:07:08.890+0000] {logging_mixin.py:188} INFO - [2024-05-28T20:07:08.886+0000] {dagbag.py:452} ERROR - Failed to bag_dag: /opt/airflow/dags/first_dag.py
Traceback (most recent call last):
  File "/home/airflow/.local/lib/python3.12/site-packages/airflow/timetables/_cron.py", line 100, in validate
    croniter(self._expression)
  File "/home/airflow/.local/lib/python3.12/site-packages/croniter/croniter.py", line 187, in __init__
    self.expanded, self.nth_weekday_of_month = self.expand(expr_format, hash_id=hash_id)
                                               ^^^^^^^^^^^^^^^^^^^^^^^^^^^^^^^^^^^^^^^^^
  File "/home/airflow/.local/lib/python3.12/site-packages/croniter/croniter.py", line 821, in expand
    return cls._expand(expr_format, hash_id=hash_id)
           ^^^^^^^^^^^^^^^^^^^^^^^^^^^^^^^^^^^^^^^^^
  File "/home/airflow/.local/lib/python3.12/site-packages/croniter/croniter.py", line 776, in _expand
    raise CroniterBadCronError(
croniter.croniter.CroniterBadCronError: [0 0 0 * *] is not acceptable, out of range

During handling of the above exception, another exception occurred:

Traceback (most recent call last):
  File "/home/airflow/.local/lib/python3.12/site-packages/airflow/models/dagbag.py", line 447, in _process_modules
    dag.validate()
  File "/home/airflow/.local/lib/python3.12/site-packages/airflow/models/dag.py", line 775, in validate
    self.timetable.validate()
  File "/home/airflow/.local/lib/python3.12/site-packages/airflow/timetables/_cron.py", line 102, in validate
    raise AirflowTimetableInvalid(str(e))
airflow.exceptions.AirflowTimetableInvalid: [0 0 0 * *] is not acceptable, out of range
[2024-05-28T20:07:08.891+0000] {processor.py:842} WARNING - No viable dags retrieved from /opt/airflow/dags/first_dag.py
[2024-05-28T20:07:08.914+0000] {processor.py:183} INFO - Processing /opt/airflow/dags/first_dag.py took 0.051 seconds
[2024-05-28T20:07:17.753+0000] {processor.py:161} INFO - Started process (PID=34802) to work on /opt/airflow/dags/first_dag.py
[2024-05-28T20:07:17.754+0000] {processor.py:830} INFO - Processing file /opt/airflow/dags/first_dag.py for tasks to queue
[2024-05-28T20:07:17.756+0000] {logging_mixin.py:188} INFO - [2024-05-28T20:07:17.755+0000] {dagbag.py:545} INFO - Filling up the DagBag from /opt/airflow/dags/first_dag.py
[2024-05-28T20:07:17.781+0000] {logging_mixin.py:188} INFO - [2024-05-28T20:07:17.778+0000] {dagbag.py:452} ERROR - Failed to bag_dag: /opt/airflow/dags/first_dag.py
Traceback (most recent call last):
  File "/home/airflow/.local/lib/python3.12/site-packages/airflow/timetables/_cron.py", line 100, in validate
    croniter(self._expression)
  File "/home/airflow/.local/lib/python3.12/site-packages/croniter/croniter.py", line 187, in __init__
    self.expanded, self.nth_weekday_of_month = self.expand(expr_format, hash_id=hash_id)
                                               ^^^^^^^^^^^^^^^^^^^^^^^^^^^^^^^^^^^^^^^^^
  File "/home/airflow/.local/lib/python3.12/site-packages/croniter/croniter.py", line 821, in expand
    return cls._expand(expr_format, hash_id=hash_id)
           ^^^^^^^^^^^^^^^^^^^^^^^^^^^^^^^^^^^^^^^^^
  File "/home/airflow/.local/lib/python3.12/site-packages/croniter/croniter.py", line 776, in _expand
    raise CroniterBadCronError(
croniter.croniter.CroniterBadCronError: [0 0 0 * *] is not acceptable, out of range

During handling of the above exception, another exception occurred:

Traceback (most recent call last):
  File "/home/airflow/.local/lib/python3.12/site-packages/airflow/models/dagbag.py", line 447, in _process_modules
    dag.validate()
  File "/home/airflow/.local/lib/python3.12/site-packages/airflow/models/dag.py", line 775, in validate
    self.timetable.validate()
  File "/home/airflow/.local/lib/python3.12/site-packages/airflow/timetables/_cron.py", line 102, in validate
    raise AirflowTimetableInvalid(str(e))
airflow.exceptions.AirflowTimetableInvalid: [0 0 0 * *] is not acceptable, out of range
[2024-05-28T20:07:17.782+0000] {processor.py:842} WARNING - No viable dags retrieved from /opt/airflow/dags/first_dag.py
[2024-05-28T20:07:17.804+0000] {processor.py:183} INFO - Processing /opt/airflow/dags/first_dag.py took 0.059 seconds
[2024-05-28T20:07:43.560+0000] {processor.py:161} INFO - Started process (PID=34854) to work on /opt/airflow/dags/first_dag.py
[2024-05-28T20:07:43.561+0000] {processor.py:830} INFO - Processing file /opt/airflow/dags/first_dag.py for tasks to queue
[2024-05-28T20:07:43.563+0000] {logging_mixin.py:188} INFO - [2024-05-28T20:07:43.562+0000] {dagbag.py:545} INFO - Filling up the DagBag from /opt/airflow/dags/first_dag.py
[2024-05-28T20:07:43.585+0000] {logging_mixin.py:188} INFO - [2024-05-28T20:07:43.580+0000] {dagbag.py:355} ERROR - Failed to import: /opt/airflow/dags/first_dag.py
Traceback (most recent call last):
  File "/home/airflow/.local/lib/python3.12/site-packages/airflow/models/dagbag.py", line 351, in parse
    loader.exec_module(new_module)
  File "<frozen importlib._bootstrap_external>", line 995, in exec_module
  File "<frozen importlib._bootstrap>", line 488, in _call_with_frames_removed
  File "/opt/airflow/dags/first_dag.py", line 53, in <module>
    task1 >> task2 >> task3
    ~~~~~~^^~~~~~~
  File "/home/airflow/.local/lib/python3.12/site-packages/airflow/models/taskmixin.py", line 104, in __rshift__
    self.set_downstream(other)
  File "/home/airflow/.local/lib/python3.12/site-packages/airflow/models/taskmixin.py", line 262, in set_downstream
    self._set_relatives(task_or_task_list, upstream=False, edge_modifier=edge_modifier)
  File "/home/airflow/.local/lib/python3.12/site-packages/airflow/models/taskmixin.py", line 232, in _set_relatives
    raise AirflowException(
airflow.exceptions.AirflowException: Tried to create relationships between tasks that don't have DAGs yet. Set the DAG for at least one task and try again: [<Task(BashOperator): bash_task>, <Task(PythonOperator): python_task>]
[2024-05-28T20:07:43.586+0000] {processor.py:842} WARNING - No viable dags retrieved from /opt/airflow/dags/first_dag.py
[2024-05-28T20:07:43.612+0000] {processor.py:183} INFO - Processing /opt/airflow/dags/first_dag.py took 0.061 seconds
[2024-05-28T20:08:14.055+0000] {processor.py:161} INFO - Started process (PID=34913) to work on /opt/airflow/dags/first_dag.py
[2024-05-28T20:08:14.057+0000] {processor.py:830} INFO - Processing file /opt/airflow/dags/first_dag.py for tasks to queue
[2024-05-28T20:08:14.060+0000] {logging_mixin.py:188} INFO - [2024-05-28T20:08:14.059+0000] {dagbag.py:545} INFO - Filling up the DagBag from /opt/airflow/dags/first_dag.py
[2024-05-28T20:08:14.086+0000] {logging_mixin.py:188} INFO - [2024-05-28T20:08:14.084+0000] {dagbag.py:355} ERROR - Failed to import: /opt/airflow/dags/first_dag.py
Traceback (most recent call last):
  File "/home/airflow/.local/lib/python3.12/site-packages/airflow/models/dagbag.py", line 351, in parse
    loader.exec_module(new_module)
  File "<frozen importlib._bootstrap_external>", line 995, in exec_module
  File "<frozen importlib._bootstrap>", line 488, in _call_with_frames_removed
  File "/opt/airflow/dags/first_dag.py", line 53, in <module>
    task1 >> task2 >> task3
    ~~~~~~^^~~~~~~
  File "/home/airflow/.local/lib/python3.12/site-packages/airflow/models/taskmixin.py", line 104, in __rshift__
    self.set_downstream(other)
  File "/home/airflow/.local/lib/python3.12/site-packages/airflow/models/taskmixin.py", line 262, in set_downstream
    self._set_relatives(task_or_task_list, upstream=False, edge_modifier=edge_modifier)
  File "/home/airflow/.local/lib/python3.12/site-packages/airflow/models/taskmixin.py", line 232, in _set_relatives
    raise AirflowException(
airflow.exceptions.AirflowException: Tried to create relationships between tasks that don't have DAGs yet. Set the DAG for at least one task and try again: [<Task(BashOperator): bash_task>, <Task(PythonOperator): python_task>]
[2024-05-28T20:08:14.087+0000] {processor.py:842} WARNING - No viable dags retrieved from /opt/airflow/dags/first_dag.py
[2024-05-28T20:08:14.140+0000] {processor.py:183} INFO - Processing /opt/airflow/dags/first_dag.py took 0.109 seconds
[2024-05-28T20:08:19.793+0000] {processor.py:161} INFO - Started process (PID=34921) to work on /opt/airflow/dags/first_dag.py
[2024-05-28T20:08:19.794+0000] {processor.py:830} INFO - Processing file /opt/airflow/dags/first_dag.py for tasks to queue
[2024-05-28T20:08:19.796+0000] {logging_mixin.py:188} INFO - [2024-05-28T20:08:19.795+0000] {dagbag.py:545} INFO - Filling up the DagBag from /opt/airflow/dags/first_dag.py
[2024-05-28T20:08:19.816+0000] {logging_mixin.py:188} INFO - [2024-05-28T20:08:19.812+0000] {dagbag.py:452} ERROR - Failed to bag_dag: /opt/airflow/dags/first_dag.py
Traceback (most recent call last):
  File "/home/airflow/.local/lib/python3.12/site-packages/airflow/timetables/_cron.py", line 100, in validate
    croniter(self._expression)
  File "/home/airflow/.local/lib/python3.12/site-packages/croniter/croniter.py", line 187, in __init__
    self.expanded, self.nth_weekday_of_month = self.expand(expr_format, hash_id=hash_id)
                                               ^^^^^^^^^^^^^^^^^^^^^^^^^^^^^^^^^^^^^^^^^
  File "/home/airflow/.local/lib/python3.12/site-packages/croniter/croniter.py", line 821, in expand
    return cls._expand(expr_format, hash_id=hash_id)
           ^^^^^^^^^^^^^^^^^^^^^^^^^^^^^^^^^^^^^^^^^
  File "/home/airflow/.local/lib/python3.12/site-packages/croniter/croniter.py", line 776, in _expand
    raise CroniterBadCronError(
croniter.croniter.CroniterBadCronError: [0 0 0 * *] is not acceptable, out of range

During handling of the above exception, another exception occurred:

Traceback (most recent call last):
  File "/home/airflow/.local/lib/python3.12/site-packages/airflow/models/dagbag.py", line 447, in _process_modules
    dag.validate()
  File "/home/airflow/.local/lib/python3.12/site-packages/airflow/models/dag.py", line 775, in validate
    self.timetable.validate()
  File "/home/airflow/.local/lib/python3.12/site-packages/airflow/timetables/_cron.py", line 102, in validate
    raise AirflowTimetableInvalid(str(e))
airflow.exceptions.AirflowTimetableInvalid: [0 0 0 * *] is not acceptable, out of range
[2024-05-28T20:08:19.817+0000] {processor.py:842} WARNING - No viable dags retrieved from /opt/airflow/dags/first_dag.py
[2024-05-28T20:08:19.841+0000] {processor.py:183} INFO - Processing /opt/airflow/dags/first_dag.py took 0.057 seconds
[2024-05-28T20:08:32.337+0000] {processor.py:161} INFO - Started process (PID=34930) to work on /opt/airflow/dags/first_dag.py
[2024-05-28T20:08:32.340+0000] {processor.py:830} INFO - Processing file /opt/airflow/dags/first_dag.py for tasks to queue
[2024-05-28T20:08:32.342+0000] {logging_mixin.py:188} INFO - [2024-05-28T20:08:32.341+0000] {dagbag.py:545} INFO - Filling up the DagBag from /opt/airflow/dags/first_dag.py
[2024-05-28T20:08:32.361+0000] {logging_mixin.py:188} INFO - [2024-05-28T20:08:32.357+0000] {dagbag.py:452} ERROR - Failed to bag_dag: /opt/airflow/dags/first_dag.py
Traceback (most recent call last):
  File "/home/airflow/.local/lib/python3.12/site-packages/airflow/timetables/_cron.py", line 100, in validate
    croniter(self._expression)
  File "/home/airflow/.local/lib/python3.12/site-packages/croniter/croniter.py", line 187, in __init__
    self.expanded, self.nth_weekday_of_month = self.expand(expr_format, hash_id=hash_id)
                                               ^^^^^^^^^^^^^^^^^^^^^^^^^^^^^^^^^^^^^^^^^
  File "/home/airflow/.local/lib/python3.12/site-packages/croniter/croniter.py", line 821, in expand
    return cls._expand(expr_format, hash_id=hash_id)
           ^^^^^^^^^^^^^^^^^^^^^^^^^^^^^^^^^^^^^^^^^
  File "/home/airflow/.local/lib/python3.12/site-packages/croniter/croniter.py", line 659, in _expand
    raise CroniterBadCronError(cls.bad_length)
croniter.croniter.CroniterBadCronError: Exactly 5 or 6 columns has to be specified for iterator expression.

During handling of the above exception, another exception occurred:

Traceback (most recent call last):
  File "/home/airflow/.local/lib/python3.12/site-packages/airflow/models/dagbag.py", line 447, in _process_modules
    dag.validate()
  File "/home/airflow/.local/lib/python3.12/site-packages/airflow/models/dag.py", line 775, in validate
    self.timetable.validate()
  File "/home/airflow/.local/lib/python3.12/site-packages/airflow/timetables/_cron.py", line 102, in validate
    raise AirflowTimetableInvalid(str(e))
airflow.exceptions.AirflowTimetableInvalid: Exactly 5 or 6 columns has to be specified for iterator expression.
[2024-05-28T20:08:32.362+0000] {processor.py:842} WARNING - No viable dags retrieved from /opt/airflow/dags/first_dag.py
[2024-05-28T20:08:32.385+0000] {processor.py:183} INFO - Processing /opt/airflow/dags/first_dag.py took 0.056 seconds
[2024-05-28T20:09:02.499+0000] {processor.py:161} INFO - Started process (PID=34990) to work on /opt/airflow/dags/first_dag.py
[2024-05-28T20:09:02.503+0000] {processor.py:830} INFO - Processing file /opt/airflow/dags/first_dag.py for tasks to queue
[2024-05-28T20:09:02.504+0000] {logging_mixin.py:188} INFO - [2024-05-28T20:09:02.504+0000] {dagbag.py:545} INFO - Filling up the DagBag from /opt/airflow/dags/first_dag.py
[2024-05-28T20:09:02.523+0000] {logging_mixin.py:188} INFO - [2024-05-28T20:09:02.520+0000] {dagbag.py:452} ERROR - Failed to bag_dag: /opt/airflow/dags/first_dag.py
Traceback (most recent call last):
  File "/home/airflow/.local/lib/python3.12/site-packages/airflow/timetables/_cron.py", line 100, in validate
    croniter(self._expression)
  File "/home/airflow/.local/lib/python3.12/site-packages/croniter/croniter.py", line 187, in __init__
    self.expanded, self.nth_weekday_of_month = self.expand(expr_format, hash_id=hash_id)
                                               ^^^^^^^^^^^^^^^^^^^^^^^^^^^^^^^^^^^^^^^^^
  File "/home/airflow/.local/lib/python3.12/site-packages/croniter/croniter.py", line 821, in expand
    return cls._expand(expr_format, hash_id=hash_id)
           ^^^^^^^^^^^^^^^^^^^^^^^^^^^^^^^^^^^^^^^^^
  File "/home/airflow/.local/lib/python3.12/site-packages/croniter/croniter.py", line 659, in _expand
    raise CroniterBadCronError(cls.bad_length)
croniter.croniter.CroniterBadCronError: Exactly 5 or 6 columns has to be specified for iterator expression.

During handling of the above exception, another exception occurred:

Traceback (most recent call last):
  File "/home/airflow/.local/lib/python3.12/site-packages/airflow/models/dagbag.py", line 447, in _process_modules
    dag.validate()
  File "/home/airflow/.local/lib/python3.12/site-packages/airflow/models/dag.py", line 775, in validate
    self.timetable.validate()
  File "/home/airflow/.local/lib/python3.12/site-packages/airflow/timetables/_cron.py", line 102, in validate
    raise AirflowTimetableInvalid(str(e))
airflow.exceptions.AirflowTimetableInvalid: Exactly 5 or 6 columns has to be specified for iterator expression.
[2024-05-28T20:09:02.524+0000] {processor.py:842} WARNING - No viable dags retrieved from /opt/airflow/dags/first_dag.py
[2024-05-28T20:09:02.553+0000] {processor.py:183} INFO - Processing /opt/airflow/dags/first_dag.py took 0.063 seconds
[2024-05-28T20:09:20.580+0000] {processor.py:161} INFO - Started process (PID=35042) to work on /opt/airflow/dags/first_dag.py
[2024-05-28T20:09:20.582+0000] {processor.py:830} INFO - Processing file /opt/airflow/dags/first_dag.py for tasks to queue
[2024-05-28T20:09:20.583+0000] {logging_mixin.py:188} INFO - [2024-05-28T20:09:20.583+0000] {dagbag.py:545} INFO - Filling up the DagBag from /opt/airflow/dags/first_dag.py
[2024-05-28T20:09:20.607+0000] {processor.py:840} INFO - DAG(s) 'example_dag_1' retrieved from /opt/airflow/dags/first_dag.py
[2024-05-28T20:09:20.776+0000] {logging_mixin.py:188} INFO - [2024-05-28T20:09:20.776+0000] {override.py:1829} INFO - Created Permission View: can delete on DAG:example_dag_1
[2024-05-28T20:09:20.790+0000] {logging_mixin.py:188} INFO - [2024-05-28T20:09:20.790+0000] {override.py:1829} INFO - Created Permission View: can read on DAG:example_dag_1
[2024-05-28T20:09:20.799+0000] {logging_mixin.py:188} INFO - [2024-05-28T20:09:20.799+0000] {override.py:1829} INFO - Created Permission View: can edit on DAG:example_dag_1
[2024-05-28T20:09:20.800+0000] {logging_mixin.py:188} INFO - [2024-05-28T20:09:20.800+0000] {dag.py:3096} INFO - Sync 1 DAGs
[2024-05-28T20:09:20.813+0000] {logging_mixin.py:188} INFO - [2024-05-28T20:09:20.813+0000] {dag.py:3118} INFO - Creating ORM DAG for example_dag_1
[2024-05-28T20:09:20.826+0000] {logging_mixin.py:188} INFO - [2024-05-28T20:09:20.826+0000] {dag.py:3954} INFO - Setting next_dagrun for example_dag_1 to 2024-05-28 00:00:00+00:00, run_after=2024-05-29 00:00:00+00:00
[2024-05-28T20:09:20.850+0000] {processor.py:183} INFO - Processing /opt/airflow/dags/first_dag.py took 0.284 seconds
[2024-05-28T20:09:50.933+0000] {processor.py:161} INFO - Started process (PID=35102) to work on /opt/airflow/dags/first_dag.py
[2024-05-28T20:09:50.935+0000] {processor.py:830} INFO - Processing file /opt/airflow/dags/first_dag.py for tasks to queue
[2024-05-28T20:09:50.936+0000] {logging_mixin.py:188} INFO - [2024-05-28T20:09:50.936+0000] {dagbag.py:545} INFO - Filling up the DagBag from /opt/airflow/dags/first_dag.py
[2024-05-28T20:09:50.952+0000] {processor.py:840} INFO - DAG(s) 'example_dag_1' retrieved from /opt/airflow/dags/first_dag.py
[2024-05-28T20:09:50.980+0000] {logging_mixin.py:188} INFO - [2024-05-28T20:09:50.979+0000] {dag.py:3096} INFO - Sync 1 DAGs
[2024-05-28T20:09:51.009+0000] {logging_mixin.py:188} INFO - [2024-05-28T20:09:51.009+0000] {dag.py:3954} INFO - Setting next_dagrun for example_dag_1 to 2024-05-28 00:00:00+00:00, run_after=2024-05-29 00:00:00+00:00
[2024-05-28T20:09:51.033+0000] {processor.py:183} INFO - Processing /opt/airflow/dags/first_dag.py took 0.108 seconds
[2024-05-28T20:10:21.728+0000] {processor.py:161} INFO - Started process (PID=35162) to work on /opt/airflow/dags/first_dag.py
[2024-05-28T20:10:21.729+0000] {processor.py:830} INFO - Processing file /opt/airflow/dags/first_dag.py for tasks to queue
[2024-05-28T20:10:21.731+0000] {logging_mixin.py:188} INFO - [2024-05-28T20:10:21.730+0000] {dagbag.py:545} INFO - Filling up the DagBag from /opt/airflow/dags/first_dag.py
[2024-05-28T20:10:21.751+0000] {processor.py:840} INFO - DAG(s) 'example_dag_1' retrieved from /opt/airflow/dags/first_dag.py
[2024-05-28T20:10:21.783+0000] {logging_mixin.py:188} INFO - [2024-05-28T20:10:21.783+0000] {dag.py:3096} INFO - Sync 1 DAGs
[2024-05-28T20:10:21.821+0000] {logging_mixin.py:188} INFO - [2024-05-28T20:10:21.820+0000] {dag.py:3954} INFO - Setting next_dagrun for example_dag_1 to 2024-05-28 00:00:00+00:00, run_after=2024-05-29 00:00:00+00:00
[2024-05-28T20:10:21.852+0000] {processor.py:183} INFO - Processing /opt/airflow/dags/first_dag.py took 0.134 seconds
[2024-05-28T20:10:52.337+0000] {processor.py:161} INFO - Started process (PID=35221) to work on /opt/airflow/dags/first_dag.py
[2024-05-28T20:10:52.338+0000] {processor.py:830} INFO - Processing file /opt/airflow/dags/first_dag.py for tasks to queue
[2024-05-28T20:10:52.340+0000] {logging_mixin.py:188} INFO - [2024-05-28T20:10:52.339+0000] {dagbag.py:545} INFO - Filling up the DagBag from /opt/airflow/dags/first_dag.py
[2024-05-28T20:10:52.355+0000] {processor.py:840} INFO - DAG(s) 'example_dag_1' retrieved from /opt/airflow/dags/first_dag.py
[2024-05-28T20:10:52.377+0000] {logging_mixin.py:188} INFO - [2024-05-28T20:10:52.377+0000] {dag.py:3096} INFO - Sync 1 DAGs
[2024-05-28T20:10:52.414+0000] {logging_mixin.py:188} INFO - [2024-05-28T20:10:52.413+0000] {dag.py:3954} INFO - Setting next_dagrun for example_dag_1 to 2024-05-28 00:00:00+00:00, run_after=2024-05-29 00:00:00+00:00
[2024-05-28T20:10:52.437+0000] {processor.py:183} INFO - Processing /opt/airflow/dags/first_dag.py took 0.107 seconds
[2024-05-28T20:11:22.792+0000] {processor.py:161} INFO - Started process (PID=35281) to work on /opt/airflow/dags/first_dag.py
[2024-05-28T20:11:22.793+0000] {processor.py:830} INFO - Processing file /opt/airflow/dags/first_dag.py for tasks to queue
[2024-05-28T20:11:22.795+0000] {logging_mixin.py:188} INFO - [2024-05-28T20:11:22.794+0000] {dagbag.py:545} INFO - Filling up the DagBag from /opt/airflow/dags/first_dag.py
[2024-05-28T20:11:22.808+0000] {processor.py:840} INFO - DAG(s) 'example_dag_1' retrieved from /opt/airflow/dags/first_dag.py
[2024-05-28T20:11:22.833+0000] {logging_mixin.py:188} INFO - [2024-05-28T20:11:22.832+0000] {dag.py:3096} INFO - Sync 1 DAGs
[2024-05-28T20:11:22.863+0000] {logging_mixin.py:188} INFO - [2024-05-28T20:11:22.863+0000] {dag.py:3954} INFO - Setting next_dagrun for example_dag_1 to 2024-05-28 00:00:00+00:00, run_after=2024-05-29 00:00:00+00:00
[2024-05-28T20:11:22.886+0000] {processor.py:183} INFO - Processing /opt/airflow/dags/first_dag.py took 0.102 seconds
[2024-05-28T20:11:53.274+0000] {processor.py:161} INFO - Started process (PID=35340) to work on /opt/airflow/dags/first_dag.py
[2024-05-28T20:11:53.276+0000] {processor.py:830} INFO - Processing file /opt/airflow/dags/first_dag.py for tasks to queue
[2024-05-28T20:11:53.278+0000] {logging_mixin.py:188} INFO - [2024-05-28T20:11:53.278+0000] {dagbag.py:545} INFO - Filling up the DagBag from /opt/airflow/dags/first_dag.py
[2024-05-28T20:11:53.294+0000] {processor.py:840} INFO - DAG(s) 'example_dag_1' retrieved from /opt/airflow/dags/first_dag.py
[2024-05-28T20:11:53.322+0000] {logging_mixin.py:188} INFO - [2024-05-28T20:11:53.322+0000] {dag.py:3096} INFO - Sync 1 DAGs
[2024-05-28T20:11:53.356+0000] {logging_mixin.py:188} INFO - [2024-05-28T20:11:53.356+0000] {dag.py:3954} INFO - Setting next_dagrun for example_dag_1 to 2024-05-28 00:00:00+00:00, run_after=2024-05-29 00:00:00+00:00
[2024-05-28T20:11:53.384+0000] {processor.py:183} INFO - Processing /opt/airflow/dags/first_dag.py took 0.120 seconds
[2024-05-28T20:12:24.189+0000] {processor.py:161} INFO - Started process (PID=35400) to work on /opt/airflow/dags/first_dag.py
[2024-05-28T20:12:24.190+0000] {processor.py:830} INFO - Processing file /opt/airflow/dags/first_dag.py for tasks to queue
[2024-05-28T20:12:24.192+0000] {logging_mixin.py:188} INFO - [2024-05-28T20:12:24.191+0000] {dagbag.py:545} INFO - Filling up the DagBag from /opt/airflow/dags/first_dag.py
[2024-05-28T20:12:24.207+0000] {processor.py:840} INFO - DAG(s) 'example_dag_1' retrieved from /opt/airflow/dags/first_dag.py
[2024-05-28T20:12:24.234+0000] {logging_mixin.py:188} INFO - [2024-05-28T20:12:24.233+0000] {dag.py:3096} INFO - Sync 1 DAGs
[2024-05-28T20:12:24.265+0000] {logging_mixin.py:188} INFO - [2024-05-28T20:12:24.265+0000] {dag.py:3954} INFO - Setting next_dagrun for example_dag_1 to 2024-05-28 00:00:00+00:00, run_after=2024-05-29 00:00:00+00:00
[2024-05-28T20:12:24.290+0000] {processor.py:183} INFO - Processing /opt/airflow/dags/first_dag.py took 0.109 seconds
[2024-05-28T20:12:55.089+0000] {processor.py:161} INFO - Started process (PID=35460) to work on /opt/airflow/dags/first_dag.py
[2024-05-28T20:12:55.090+0000] {processor.py:830} INFO - Processing file /opt/airflow/dags/first_dag.py for tasks to queue
[2024-05-28T20:12:55.091+0000] {logging_mixin.py:188} INFO - [2024-05-28T20:12:55.091+0000] {dagbag.py:545} INFO - Filling up the DagBag from /opt/airflow/dags/first_dag.py
[2024-05-28T20:12:55.109+0000] {processor.py:840} INFO - DAG(s) 'example_dag_1' retrieved from /opt/airflow/dags/first_dag.py
[2024-05-28T20:12:55.134+0000] {logging_mixin.py:188} INFO - [2024-05-28T20:12:55.134+0000] {dag.py:3096} INFO - Sync 1 DAGs
[2024-05-28T20:12:55.164+0000] {logging_mixin.py:188} INFO - [2024-05-28T20:12:55.164+0000] {dag.py:3954} INFO - Setting next_dagrun for example_dag_1 to 2024-05-28 00:00:00+00:00, run_after=2024-05-29 00:00:00+00:00
[2024-05-28T20:12:55.190+0000] {processor.py:183} INFO - Processing /opt/airflow/dags/first_dag.py took 0.109 seconds
[2024-05-28T20:13:25.735+0000] {processor.py:161} INFO - Started process (PID=35520) to work on /opt/airflow/dags/first_dag.py
[2024-05-28T20:13:25.738+0000] {processor.py:830} INFO - Processing file /opt/airflow/dags/first_dag.py for tasks to queue
[2024-05-28T20:13:25.740+0000] {logging_mixin.py:188} INFO - [2024-05-28T20:13:25.739+0000] {dagbag.py:545} INFO - Filling up the DagBag from /opt/airflow/dags/first_dag.py
[2024-05-28T20:13:25.754+0000] {processor.py:840} INFO - DAG(s) 'example_dag_1' retrieved from /opt/airflow/dags/first_dag.py
[2024-05-28T20:13:25.786+0000] {logging_mixin.py:188} INFO - [2024-05-28T20:13:25.786+0000] {dag.py:3096} INFO - Sync 1 DAGs
[2024-05-28T20:13:25.821+0000] {logging_mixin.py:188} INFO - [2024-05-28T20:13:25.821+0000] {dag.py:3954} INFO - Setting next_dagrun for example_dag_1 to 2024-05-28 00:00:00+00:00, run_after=2024-05-29 00:00:00+00:00
[2024-05-28T20:13:25.848+0000] {processor.py:183} INFO - Processing /opt/airflow/dags/first_dag.py took 0.125 seconds
[2024-05-28T20:13:56.574+0000] {processor.py:161} INFO - Started process (PID=35580) to work on /opt/airflow/dags/first_dag.py
[2024-05-28T20:13:56.576+0000] {processor.py:830} INFO - Processing file /opt/airflow/dags/first_dag.py for tasks to queue
[2024-05-28T20:13:56.578+0000] {logging_mixin.py:188} INFO - [2024-05-28T20:13:56.577+0000] {dagbag.py:545} INFO - Filling up the DagBag from /opt/airflow/dags/first_dag.py
[2024-05-28T20:13:56.594+0000] {processor.py:840} INFO - DAG(s) 'example_dag_1' retrieved from /opt/airflow/dags/first_dag.py
[2024-05-28T20:13:56.620+0000] {logging_mixin.py:188} INFO - [2024-05-28T20:13:56.620+0000] {dag.py:3096} INFO - Sync 1 DAGs
[2024-05-28T20:13:56.651+0000] {logging_mixin.py:188} INFO - [2024-05-28T20:13:56.650+0000] {dag.py:3954} INFO - Setting next_dagrun for example_dag_1 to 2024-05-28 00:00:00+00:00, run_after=2024-05-29 00:00:00+00:00
[2024-05-28T20:13:56.673+0000] {processor.py:183} INFO - Processing /opt/airflow/dags/first_dag.py took 0.108 seconds
[2024-05-28T20:14:27.178+0000] {processor.py:161} INFO - Started process (PID=35640) to work on /opt/airflow/dags/first_dag.py
[2024-05-28T20:14:27.179+0000] {processor.py:830} INFO - Processing file /opt/airflow/dags/first_dag.py for tasks to queue
[2024-05-28T20:14:27.180+0000] {logging_mixin.py:188} INFO - [2024-05-28T20:14:27.180+0000] {dagbag.py:545} INFO - Filling up the DagBag from /opt/airflow/dags/first_dag.py
[2024-05-28T20:14:27.194+0000] {processor.py:840} INFO - DAG(s) 'example_dag_1' retrieved from /opt/airflow/dags/first_dag.py
[2024-05-28T20:14:27.219+0000] {logging_mixin.py:188} INFO - [2024-05-28T20:14:27.219+0000] {dag.py:3096} INFO - Sync 1 DAGs
[2024-05-28T20:14:27.250+0000] {logging_mixin.py:188} INFO - [2024-05-28T20:14:27.250+0000] {dag.py:3954} INFO - Setting next_dagrun for example_dag_1 to 2024-05-28 00:00:00+00:00, run_after=2024-05-29 00:00:00+00:00
[2024-05-28T20:14:27.273+0000] {processor.py:183} INFO - Processing /opt/airflow/dags/first_dag.py took 0.104 seconds
[2024-05-28T20:14:30.245+0000] {processor.py:161} INFO - Started process (PID=35641) to work on /opt/airflow/dags/first_dag.py
[2024-05-28T20:14:30.247+0000] {processor.py:830} INFO - Processing file /opt/airflow/dags/first_dag.py for tasks to queue
[2024-05-28T20:14:30.248+0000] {logging_mixin.py:188} INFO - [2024-05-28T20:14:30.247+0000] {dagbag.py:545} INFO - Filling up the DagBag from /opt/airflow/dags/first_dag.py
[2024-05-28T20:14:30.258+0000] {logging_mixin.py:188} INFO - [2024-05-28T20:14:30.255+0000] {dagbag.py:355} ERROR - Failed to import: /opt/airflow/dags/first_dag.py
Traceback (most recent call last):
  File "/home/airflow/.local/lib/python3.12/site-packages/airflow/models/dagbag.py", line 351, in parse
    loader.exec_module(new_module)
  File "<frozen importlib._bootstrap_external>", line 991, in exec_module
  File "<frozen importlib._bootstrap_external>", line 1129, in get_code
  File "<frozen importlib._bootstrap_external>", line 1059, in source_to_code
  File "<frozen importlib._bootstrap>", line 488, in _call_with_frames_removed
  File "/opt/airflow/dags/first_dag.py", line 35
    with TaskGroup('some_taskgroup')as:
                                      ^
SyntaxError: invalid syntax
[2024-05-28T20:14:30.260+0000] {processor.py:842} WARNING - No viable dags retrieved from /opt/airflow/dags/first_dag.py
[2024-05-28T20:14:30.287+0000] {processor.py:183} INFO - Processing /opt/airflow/dags/first_dag.py took 0.049 seconds
[2024-05-28T20:15:01.186+0000] {processor.py:161} INFO - Started process (PID=35700) to work on /opt/airflow/dags/first_dag.py
[2024-05-28T20:15:01.187+0000] {processor.py:830} INFO - Processing file /opt/airflow/dags/first_dag.py for tasks to queue
[2024-05-28T20:15:01.189+0000] {logging_mixin.py:188} INFO - [2024-05-28T20:15:01.188+0000] {dagbag.py:545} INFO - Filling up the DagBag from /opt/airflow/dags/first_dag.py
[2024-05-28T20:15:01.196+0000] {logging_mixin.py:188} INFO - [2024-05-28T20:15:01.194+0000] {dagbag.py:355} ERROR - Failed to import: /opt/airflow/dags/first_dag.py
Traceback (most recent call last):
  File "/home/airflow/.local/lib/python3.12/site-packages/airflow/models/dagbag.py", line 351, in parse
    loader.exec_module(new_module)
  File "<frozen importlib._bootstrap_external>", line 991, in exec_module
  File "<frozen importlib._bootstrap_external>", line 1129, in get_code
  File "<frozen importlib._bootstrap_external>", line 1059, in source_to_code
  File "<frozen importlib._bootstrap>", line 488, in _call_with_frames_removed
  File "/opt/airflow/dags/first_dag.py", line 35
    with TaskGroup('some_taskgroup')as:
                                      ^
SyntaxError: invalid syntax
[2024-05-28T20:15:01.197+0000] {processor.py:842} WARNING - No viable dags retrieved from /opt/airflow/dags/first_dag.py
[2024-05-28T20:15:01.221+0000] {processor.py:183} INFO - Processing /opt/airflow/dags/first_dag.py took 0.044 seconds
[2024-05-28T20:15:19.380+0000] {processor.py:161} INFO - Started process (PID=35737) to work on /opt/airflow/dags/first_dag.py
[2024-05-28T20:15:19.383+0000] {processor.py:830} INFO - Processing file /opt/airflow/dags/first_dag.py for tasks to queue
[2024-05-28T20:15:19.385+0000] {logging_mixin.py:188} INFO - [2024-05-28T20:15:19.385+0000] {dagbag.py:545} INFO - Filling up the DagBag from /opt/airflow/dags/first_dag.py
[2024-05-28T20:15:19.458+0000] {processor.py:840} INFO - DAG(s) 'example_dag_1' retrieved from /opt/airflow/dags/first_dag.py
[2024-05-28T20:15:19.776+0000] {logging_mixin.py:188} INFO - [2024-05-28T20:15:19.775+0000] {dag.py:3096} INFO - Sync 1 DAGs
[2024-05-28T20:15:19.836+0000] {logging_mixin.py:188} INFO - [2024-05-28T20:15:19.835+0000] {dag.py:3954} INFO - Setting next_dagrun for example_dag_1 to 2024-05-28 00:00:00+00:00, run_after=2024-05-29 00:00:00+00:00
[2024-05-28T20:15:19.889+0000] {processor.py:183} INFO - Processing /opt/airflow/dags/first_dag.py took 0.544 seconds
[2024-05-28T20:15:50.649+0000] {processor.py:161} INFO - Started process (PID=35797) to work on /opt/airflow/dags/first_dag.py
[2024-05-28T20:15:50.650+0000] {processor.py:830} INFO - Processing file /opt/airflow/dags/first_dag.py for tasks to queue
[2024-05-28T20:15:50.651+0000] {logging_mixin.py:188} INFO - [2024-05-28T20:15:50.651+0000] {dagbag.py:545} INFO - Filling up the DagBag from /opt/airflow/dags/first_dag.py
[2024-05-28T20:15:50.667+0000] {processor.py:840} INFO - DAG(s) 'example_dag_1' retrieved from /opt/airflow/dags/first_dag.py
[2024-05-28T20:15:50.692+0000] {logging_mixin.py:188} INFO - [2024-05-28T20:15:50.692+0000] {dag.py:3096} INFO - Sync 1 DAGs
[2024-05-28T20:15:50.725+0000] {logging_mixin.py:188} INFO - [2024-05-28T20:15:50.725+0000] {dag.py:3954} INFO - Setting next_dagrun for example_dag_1 to 2024-05-28 00:00:00+00:00, run_after=2024-05-29 00:00:00+00:00
[2024-05-28T20:15:50.747+0000] {processor.py:183} INFO - Processing /opt/airflow/dags/first_dag.py took 0.107 seconds
[2024-05-28T20:16:21.223+0000] {processor.py:161} INFO - Started process (PID=35857) to work on /opt/airflow/dags/first_dag.py
[2024-05-28T20:16:21.224+0000] {processor.py:830} INFO - Processing file /opt/airflow/dags/first_dag.py for tasks to queue
[2024-05-28T20:16:21.226+0000] {logging_mixin.py:188} INFO - [2024-05-28T20:16:21.225+0000] {dagbag.py:545} INFO - Filling up the DagBag from /opt/airflow/dags/first_dag.py
[2024-05-28T20:16:21.241+0000] {processor.py:840} INFO - DAG(s) 'example_dag_1' retrieved from /opt/airflow/dags/first_dag.py
[2024-05-28T20:16:21.268+0000] {logging_mixin.py:188} INFO - [2024-05-28T20:16:21.268+0000] {dag.py:3096} INFO - Sync 1 DAGs
[2024-05-28T20:16:21.300+0000] {logging_mixin.py:188} INFO - [2024-05-28T20:16:21.299+0000] {dag.py:3954} INFO - Setting next_dagrun for example_dag_1 to 2024-05-28 00:00:00+00:00, run_after=2024-05-29 00:00:00+00:00
[2024-05-28T20:16:21.322+0000] {processor.py:183} INFO - Processing /opt/airflow/dags/first_dag.py took 0.107 seconds
[2024-05-28T20:16:51.731+0000] {processor.py:161} INFO - Started process (PID=35917) to work on /opt/airflow/dags/first_dag.py
[2024-05-28T20:16:51.733+0000] {processor.py:830} INFO - Processing file /opt/airflow/dags/first_dag.py for tasks to queue
[2024-05-28T20:16:51.734+0000] {logging_mixin.py:188} INFO - [2024-05-28T20:16:51.734+0000] {dagbag.py:545} INFO - Filling up the DagBag from /opt/airflow/dags/first_dag.py
[2024-05-28T20:16:51.749+0000] {processor.py:840} INFO - DAG(s) 'example_dag_1' retrieved from /opt/airflow/dags/first_dag.py
[2024-05-28T20:16:51.776+0000] {logging_mixin.py:188} INFO - [2024-05-28T20:16:51.775+0000] {dag.py:3096} INFO - Sync 1 DAGs
[2024-05-28T20:16:51.808+0000] {logging_mixin.py:188} INFO - [2024-05-28T20:16:51.807+0000] {dag.py:3954} INFO - Setting next_dagrun for example_dag_1 to 2024-05-28 00:00:00+00:00, run_after=2024-05-29 00:00:00+00:00
[2024-05-28T20:16:51.828+0000] {processor.py:183} INFO - Processing /opt/airflow/dags/first_dag.py took 0.106 seconds
[2024-05-28T20:17:22.531+0000] {processor.py:161} INFO - Started process (PID=35977) to work on /opt/airflow/dags/first_dag.py
[2024-05-28T20:17:22.533+0000] {processor.py:830} INFO - Processing file /opt/airflow/dags/first_dag.py for tasks to queue
[2024-05-28T20:17:22.534+0000] {logging_mixin.py:188} INFO - [2024-05-28T20:17:22.534+0000] {dagbag.py:545} INFO - Filling up the DagBag from /opt/airflow/dags/first_dag.py
[2024-05-28T20:17:22.549+0000] {processor.py:840} INFO - DAG(s) 'example_dag_1' retrieved from /opt/airflow/dags/first_dag.py
[2024-05-28T20:17:22.574+0000] {logging_mixin.py:188} INFO - [2024-05-28T20:17:22.574+0000] {dag.py:3096} INFO - Sync 1 DAGs
[2024-05-28T20:17:22.605+0000] {logging_mixin.py:188} INFO - [2024-05-28T20:17:22.605+0000] {dag.py:3954} INFO - Setting next_dagrun for example_dag_1 to 2024-05-28 00:00:00+00:00, run_after=2024-05-29 00:00:00+00:00
[2024-05-28T20:17:22.632+0000] {processor.py:183} INFO - Processing /opt/airflow/dags/first_dag.py took 0.110 seconds
[2024-05-28T20:17:52.809+0000] {processor.py:161} INFO - Started process (PID=36036) to work on /opt/airflow/dags/first_dag.py
[2024-05-28T20:17:52.812+0000] {processor.py:830} INFO - Processing file /opt/airflow/dags/first_dag.py for tasks to queue
[2024-05-28T20:17:52.813+0000] {logging_mixin.py:188} INFO - [2024-05-28T20:17:52.813+0000] {dagbag.py:545} INFO - Filling up the DagBag from /opt/airflow/dags/first_dag.py
[2024-05-28T20:17:52.829+0000] {processor.py:840} INFO - DAG(s) 'example_dag_1' retrieved from /opt/airflow/dags/first_dag.py
[2024-05-28T20:17:52.861+0000] {logging_mixin.py:188} INFO - [2024-05-28T20:17:52.860+0000] {dag.py:3096} INFO - Sync 1 DAGs
[2024-05-28T20:17:52.906+0000] {logging_mixin.py:188} INFO - [2024-05-28T20:17:52.905+0000] {dag.py:3954} INFO - Setting next_dagrun for example_dag_1 to 2024-05-28 00:00:00+00:00, run_after=2024-05-29 00:00:00+00:00
[2024-05-28T20:17:52.929+0000] {processor.py:183} INFO - Processing /opt/airflow/dags/first_dag.py took 0.129 seconds
[2024-05-28T20:18:23.241+0000] {processor.py:161} INFO - Started process (PID=36096) to work on /opt/airflow/dags/first_dag.py
[2024-05-28T20:18:23.245+0000] {processor.py:830} INFO - Processing file /opt/airflow/dags/first_dag.py for tasks to queue
[2024-05-28T20:18:23.246+0000] {logging_mixin.py:188} INFO - [2024-05-28T20:18:23.246+0000] {dagbag.py:545} INFO - Filling up the DagBag from /opt/airflow/dags/first_dag.py
[2024-05-28T20:18:23.278+0000] {processor.py:840} INFO - DAG(s) 'example_dag_1' retrieved from /opt/airflow/dags/first_dag.py
[2024-05-28T20:18:23.329+0000] {logging_mixin.py:188} INFO - [2024-05-28T20:18:23.328+0000] {dag.py:3096} INFO - Sync 1 DAGs
[2024-05-28T20:18:23.404+0000] {logging_mixin.py:188} INFO - [2024-05-28T20:18:23.404+0000] {dag.py:3954} INFO - Setting next_dagrun for example_dag_1 to 2024-05-28 00:00:00+00:00, run_after=2024-05-29 00:00:00+00:00
[2024-05-28T20:18:23.473+0000] {processor.py:183} INFO - Processing /opt/airflow/dags/first_dag.py took 0.248 seconds
[2024-05-28T20:18:53.663+0000] {processor.py:161} INFO - Started process (PID=36156) to work on /opt/airflow/dags/first_dag.py
[2024-05-28T20:18:53.665+0000] {processor.py:830} INFO - Processing file /opt/airflow/dags/first_dag.py for tasks to queue
[2024-05-28T20:18:53.666+0000] {logging_mixin.py:188} INFO - [2024-05-28T20:18:53.666+0000] {dagbag.py:545} INFO - Filling up the DagBag from /opt/airflow/dags/first_dag.py
[2024-05-28T20:18:53.681+0000] {processor.py:840} INFO - DAG(s) 'example_dag_1' retrieved from /opt/airflow/dags/first_dag.py
[2024-05-28T20:18:53.706+0000] {logging_mixin.py:188} INFO - [2024-05-28T20:18:53.706+0000] {dag.py:3096} INFO - Sync 1 DAGs
[2024-05-28T20:18:53.740+0000] {logging_mixin.py:188} INFO - [2024-05-28T20:18:53.740+0000] {dag.py:3954} INFO - Setting next_dagrun for example_dag_1 to 2024-05-28 00:00:00+00:00, run_after=2024-05-29 00:00:00+00:00
[2024-05-28T20:18:53.762+0000] {processor.py:183} INFO - Processing /opt/airflow/dags/first_dag.py took 0.108 seconds
[2024-05-28T20:19:24.096+0000] {processor.py:161} INFO - Started process (PID=36215) to work on /opt/airflow/dags/first_dag.py
[2024-05-28T20:19:24.098+0000] {processor.py:830} INFO - Processing file /opt/airflow/dags/first_dag.py for tasks to queue
[2024-05-28T20:19:24.099+0000] {logging_mixin.py:188} INFO - [2024-05-28T20:19:24.099+0000] {dagbag.py:545} INFO - Filling up the DagBag from /opt/airflow/dags/first_dag.py
[2024-05-28T20:19:24.123+0000] {processor.py:840} INFO - DAG(s) 'example_dag_1' retrieved from /opt/airflow/dags/first_dag.py
[2024-05-28T20:19:24.148+0000] {logging_mixin.py:188} INFO - [2024-05-28T20:19:24.148+0000] {dag.py:3096} INFO - Sync 1 DAGs
[2024-05-28T20:19:24.181+0000] {logging_mixin.py:188} INFO - [2024-05-28T20:19:24.181+0000] {dag.py:3954} INFO - Setting next_dagrun for example_dag_1 to 2024-05-28 00:00:00+00:00, run_after=2024-05-29 00:00:00+00:00
[2024-05-28T20:19:24.216+0000] {processor.py:183} INFO - Processing /opt/airflow/dags/first_dag.py took 0.130 seconds
[2024-05-28T20:19:54.749+0000] {processor.py:161} INFO - Started process (PID=36273) to work on /opt/airflow/dags/first_dag.py
[2024-05-28T20:19:54.750+0000] {processor.py:830} INFO - Processing file /opt/airflow/dags/first_dag.py for tasks to queue
[2024-05-28T20:19:54.751+0000] {logging_mixin.py:188} INFO - [2024-05-28T20:19:54.751+0000] {dagbag.py:545} INFO - Filling up the DagBag from /opt/airflow/dags/first_dag.py
[2024-05-28T20:19:54.767+0000] {processor.py:840} INFO - DAG(s) 'example_dag_1' retrieved from /opt/airflow/dags/first_dag.py
[2024-05-28T20:19:54.794+0000] {logging_mixin.py:188} INFO - [2024-05-28T20:19:54.794+0000] {dag.py:3096} INFO - Sync 1 DAGs
[2024-05-28T20:19:54.825+0000] {logging_mixin.py:188} INFO - [2024-05-28T20:19:54.824+0000] {dag.py:3954} INFO - Setting next_dagrun for example_dag_1 to 2024-05-28 00:00:00+00:00, run_after=2024-05-29 00:00:00+00:00
[2024-05-28T20:19:54.849+0000] {processor.py:183} INFO - Processing /opt/airflow/dags/first_dag.py took 0.109 seconds
[2024-05-28T20:20:25.330+0000] {processor.py:161} INFO - Started process (PID=36333) to work on /opt/airflow/dags/first_dag.py
[2024-05-28T20:20:25.335+0000] {processor.py:830} INFO - Processing file /opt/airflow/dags/first_dag.py for tasks to queue
[2024-05-28T20:20:25.336+0000] {logging_mixin.py:188} INFO - [2024-05-28T20:20:25.336+0000] {dagbag.py:545} INFO - Filling up the DagBag from /opt/airflow/dags/first_dag.py
[2024-05-28T20:20:25.350+0000] {processor.py:840} INFO - DAG(s) 'example_dag_1' retrieved from /opt/airflow/dags/first_dag.py
[2024-05-28T20:20:25.383+0000] {logging_mixin.py:188} INFO - [2024-05-28T20:20:25.382+0000] {dag.py:3096} INFO - Sync 1 DAGs
[2024-05-28T20:20:25.414+0000] {logging_mixin.py:188} INFO - [2024-05-28T20:20:25.414+0000] {dag.py:3954} INFO - Setting next_dagrun for example_dag_1 to 2024-05-28 00:00:00+00:00, run_after=2024-05-29 00:00:00+00:00
[2024-05-28T20:20:25.455+0000] {processor.py:183} INFO - Processing /opt/airflow/dags/first_dag.py took 0.141 seconds
[2024-05-28T20:20:55.820+0000] {processor.py:161} INFO - Started process (PID=36393) to work on /opt/airflow/dags/first_dag.py
[2024-05-28T20:20:55.822+0000] {processor.py:830} INFO - Processing file /opt/airflow/dags/first_dag.py for tasks to queue
[2024-05-28T20:20:55.823+0000] {logging_mixin.py:188} INFO - [2024-05-28T20:20:55.823+0000] {dagbag.py:545} INFO - Filling up the DagBag from /opt/airflow/dags/first_dag.py
[2024-05-28T20:20:55.839+0000] {processor.py:840} INFO - DAG(s) 'example_dag_1' retrieved from /opt/airflow/dags/first_dag.py
[2024-05-28T20:20:55.868+0000] {logging_mixin.py:188} INFO - [2024-05-28T20:20:55.868+0000] {dag.py:3096} INFO - Sync 1 DAGs
[2024-05-28T20:20:55.907+0000] {logging_mixin.py:188} INFO - [2024-05-28T20:20:55.907+0000] {dag.py:3954} INFO - Setting next_dagrun for example_dag_1 to 2024-05-28 00:00:00+00:00, run_after=2024-05-29 00:00:00+00:00
[2024-05-28T20:20:55.932+0000] {processor.py:183} INFO - Processing /opt/airflow/dags/first_dag.py took 0.121 seconds
[2024-05-28T20:21:26.398+0000] {processor.py:161} INFO - Started process (PID=36453) to work on /opt/airflow/dags/first_dag.py
[2024-05-28T20:21:26.400+0000] {processor.py:830} INFO - Processing file /opt/airflow/dags/first_dag.py for tasks to queue
[2024-05-28T20:21:26.402+0000] {logging_mixin.py:188} INFO - [2024-05-28T20:21:26.401+0000] {dagbag.py:545} INFO - Filling up the DagBag from /opt/airflow/dags/first_dag.py
[2024-05-28T20:21:26.417+0000] {processor.py:840} INFO - DAG(s) 'example_dag_1' retrieved from /opt/airflow/dags/first_dag.py
[2024-05-28T20:21:26.443+0000] {logging_mixin.py:188} INFO - [2024-05-28T20:21:26.442+0000] {dag.py:3096} INFO - Sync 1 DAGs
[2024-05-28T20:21:26.478+0000] {logging_mixin.py:188} INFO - [2024-05-28T20:21:26.477+0000] {dag.py:3954} INFO - Setting next_dagrun for example_dag_1 to 2024-05-28 00:00:00+00:00, run_after=2024-05-29 00:00:00+00:00
[2024-05-28T20:21:26.500+0000] {processor.py:183} INFO - Processing /opt/airflow/dags/first_dag.py took 0.110 seconds
[2024-05-28T20:21:56.906+0000] {processor.py:161} INFO - Started process (PID=36513) to work on /opt/airflow/dags/first_dag.py
[2024-05-28T20:21:56.908+0000] {processor.py:830} INFO - Processing file /opt/airflow/dags/first_dag.py for tasks to queue
[2024-05-28T20:21:56.909+0000] {logging_mixin.py:188} INFO - [2024-05-28T20:21:56.908+0000] {dagbag.py:545} INFO - Filling up the DagBag from /opt/airflow/dags/first_dag.py
[2024-05-28T20:21:56.925+0000] {processor.py:840} INFO - DAG(s) 'example_dag_1' retrieved from /opt/airflow/dags/first_dag.py
[2024-05-28T20:21:56.953+0000] {logging_mixin.py:188} INFO - [2024-05-28T20:21:56.952+0000] {dag.py:3096} INFO - Sync 1 DAGs
[2024-05-28T20:21:57.000+0000] {logging_mixin.py:188} INFO - [2024-05-28T20:21:56.998+0000] {dag.py:3954} INFO - Setting next_dagrun for example_dag_1 to 2024-05-28 00:00:00+00:00, run_after=2024-05-29 00:00:00+00:00
[2024-05-28T20:21:57.043+0000] {processor.py:183} INFO - Processing /opt/airflow/dags/first_dag.py took 0.147 seconds
[2024-05-28T20:22:27.297+0000] {processor.py:161} INFO - Started process (PID=36573) to work on /opt/airflow/dags/first_dag.py
[2024-05-28T20:22:27.300+0000] {processor.py:830} INFO - Processing file /opt/airflow/dags/first_dag.py for tasks to queue
[2024-05-28T20:22:27.304+0000] {logging_mixin.py:188} INFO - [2024-05-28T20:22:27.302+0000] {dagbag.py:545} INFO - Filling up the DagBag from /opt/airflow/dags/first_dag.py
[2024-05-28T20:22:27.332+0000] {processor.py:840} INFO - DAG(s) 'example_dag_1' retrieved from /opt/airflow/dags/first_dag.py
[2024-05-28T20:22:27.371+0000] {logging_mixin.py:188} INFO - [2024-05-28T20:22:27.371+0000] {dag.py:3096} INFO - Sync 1 DAGs
[2024-05-28T20:22:27.406+0000] {logging_mixin.py:188} INFO - [2024-05-28T20:22:27.405+0000] {dag.py:3954} INFO - Setting next_dagrun for example_dag_1 to 2024-05-28 00:00:00+00:00, run_after=2024-05-29 00:00:00+00:00
[2024-05-28T20:22:27.461+0000] {processor.py:183} INFO - Processing /opt/airflow/dags/first_dag.py took 0.175 seconds
[2024-05-28T20:22:58.254+0000] {processor.py:161} INFO - Started process (PID=36633) to work on /opt/airflow/dags/first_dag.py
[2024-05-28T20:22:58.258+0000] {processor.py:830} INFO - Processing file /opt/airflow/dags/first_dag.py for tasks to queue
[2024-05-28T20:22:58.259+0000] {logging_mixin.py:188} INFO - [2024-05-28T20:22:58.259+0000] {dagbag.py:545} INFO - Filling up the DagBag from /opt/airflow/dags/first_dag.py
[2024-05-28T20:22:58.293+0000] {processor.py:840} INFO - DAG(s) 'example_dag_1' retrieved from /opt/airflow/dags/first_dag.py
[2024-05-28T20:22:58.367+0000] {logging_mixin.py:188} INFO - [2024-05-28T20:22:58.367+0000] {dag.py:3096} INFO - Sync 1 DAGs
[2024-05-28T20:22:58.449+0000] {logging_mixin.py:188} INFO - [2024-05-28T20:22:58.448+0000] {dag.py:3954} INFO - Setting next_dagrun for example_dag_1 to 2024-05-28 00:00:00+00:00, run_after=2024-05-29 00:00:00+00:00
[2024-05-28T20:22:58.513+0000] {processor.py:183} INFO - Processing /opt/airflow/dags/first_dag.py took 0.273 seconds
[2024-05-28T20:23:28.649+0000] {processor.py:161} INFO - Started process (PID=36694) to work on /opt/airflow/dags/first_dag.py
[2024-05-28T20:23:28.651+0000] {processor.py:830} INFO - Processing file /opt/airflow/dags/first_dag.py for tasks to queue
[2024-05-28T20:23:28.653+0000] {logging_mixin.py:188} INFO - [2024-05-28T20:23:28.652+0000] {dagbag.py:545} INFO - Filling up the DagBag from /opt/airflow/dags/first_dag.py
[2024-05-28T20:23:28.671+0000] {processor.py:840} INFO - DAG(s) 'example_dag_1' retrieved from /opt/airflow/dags/first_dag.py
[2024-05-28T20:23:28.699+0000] {logging_mixin.py:188} INFO - [2024-05-28T20:23:28.699+0000] {dag.py:3096} INFO - Sync 1 DAGs
[2024-05-28T20:23:28.745+0000] {logging_mixin.py:188} INFO - [2024-05-28T20:23:28.744+0000] {dag.py:3954} INFO - Setting next_dagrun for example_dag_1 to 2024-05-28 00:00:00+00:00, run_after=2024-05-29 00:00:00+00:00
[2024-05-28T20:23:28.773+0000] {processor.py:183} INFO - Processing /opt/airflow/dags/first_dag.py took 0.132 seconds
[2024-05-28T20:23:59.098+0000] {processor.py:161} INFO - Started process (PID=36753) to work on /opt/airflow/dags/first_dag.py
[2024-05-28T20:23:59.100+0000] {processor.py:830} INFO - Processing file /opt/airflow/dags/first_dag.py for tasks to queue
[2024-05-28T20:23:59.101+0000] {logging_mixin.py:188} INFO - [2024-05-28T20:23:59.101+0000] {dagbag.py:545} INFO - Filling up the DagBag from /opt/airflow/dags/first_dag.py
[2024-05-28T20:23:59.116+0000] {processor.py:840} INFO - DAG(s) 'example_dag_1' retrieved from /opt/airflow/dags/first_dag.py
[2024-05-28T20:23:59.139+0000] {logging_mixin.py:188} INFO - [2024-05-28T20:23:59.139+0000] {dag.py:3096} INFO - Sync 1 DAGs
[2024-05-28T20:23:59.169+0000] {logging_mixin.py:188} INFO - [2024-05-28T20:23:59.169+0000] {dag.py:3954} INFO - Setting next_dagrun for example_dag_1 to 2024-05-28 00:00:00+00:00, run_after=2024-05-29 00:00:00+00:00
[2024-05-28T20:23:59.190+0000] {processor.py:183} INFO - Processing /opt/airflow/dags/first_dag.py took 0.100 seconds
[2024-05-28T20:24:29.707+0000] {processor.py:161} INFO - Started process (PID=36813) to work on /opt/airflow/dags/first_dag.py
[2024-05-28T20:24:29.709+0000] {processor.py:830} INFO - Processing file /opt/airflow/dags/first_dag.py for tasks to queue
[2024-05-28T20:24:29.710+0000] {logging_mixin.py:188} INFO - [2024-05-28T20:24:29.709+0000] {dagbag.py:545} INFO - Filling up the DagBag from /opt/airflow/dags/first_dag.py
[2024-05-28T20:24:29.743+0000] {processor.py:840} INFO - DAG(s) 'example_dag_1' retrieved from /opt/airflow/dags/first_dag.py
[2024-05-28T20:24:29.796+0000] {logging_mixin.py:188} INFO - [2024-05-28T20:24:29.796+0000] {dag.py:3096} INFO - Sync 1 DAGs
[2024-05-28T20:24:29.846+0000] {logging_mixin.py:188} INFO - [2024-05-28T20:24:29.845+0000] {dag.py:3954} INFO - Setting next_dagrun for example_dag_1 to 2024-05-28 00:00:00+00:00, run_after=2024-05-29 00:00:00+00:00
[2024-05-28T20:24:29.888+0000] {processor.py:183} INFO - Processing /opt/airflow/dags/first_dag.py took 0.190 seconds
[2024-05-28T20:25:00.434+0000] {processor.py:161} INFO - Started process (PID=36872) to work on /opt/airflow/dags/first_dag.py
[2024-05-28T20:25:00.437+0000] {processor.py:830} INFO - Processing file /opt/airflow/dags/first_dag.py for tasks to queue
[2024-05-28T20:25:00.438+0000] {logging_mixin.py:188} INFO - [2024-05-28T20:25:00.438+0000] {dagbag.py:545} INFO - Filling up the DagBag from /opt/airflow/dags/first_dag.py
[2024-05-28T20:25:00.456+0000] {processor.py:840} INFO - DAG(s) 'example_dag_1' retrieved from /opt/airflow/dags/first_dag.py
[2024-05-28T20:25:00.482+0000] {logging_mixin.py:188} INFO - [2024-05-28T20:25:00.482+0000] {dag.py:3096} INFO - Sync 1 DAGs
[2024-05-28T20:25:00.514+0000] {logging_mixin.py:188} INFO - [2024-05-28T20:25:00.514+0000] {dag.py:3954} INFO - Setting next_dagrun for example_dag_1 to 2024-05-28 00:00:00+00:00, run_after=2024-05-29 00:00:00+00:00
[2024-05-28T20:25:00.536+0000] {processor.py:183} INFO - Processing /opt/airflow/dags/first_dag.py took 0.111 seconds
[2024-05-28T20:25:30.741+0000] {processor.py:161} INFO - Started process (PID=36932) to work on /opt/airflow/dags/first_dag.py
[2024-05-28T20:25:30.743+0000] {processor.py:830} INFO - Processing file /opt/airflow/dags/first_dag.py for tasks to queue
[2024-05-28T20:25:30.744+0000] {logging_mixin.py:188} INFO - [2024-05-28T20:25:30.743+0000] {dagbag.py:545} INFO - Filling up the DagBag from /opt/airflow/dags/first_dag.py
[2024-05-28T20:25:30.758+0000] {processor.py:840} INFO - DAG(s) 'example_dag_1' retrieved from /opt/airflow/dags/first_dag.py
[2024-05-28T20:25:30.783+0000] {logging_mixin.py:188} INFO - [2024-05-28T20:25:30.783+0000] {dag.py:3096} INFO - Sync 1 DAGs
[2024-05-28T20:25:30.812+0000] {logging_mixin.py:188} INFO - [2024-05-28T20:25:30.812+0000] {dag.py:3954} INFO - Setting next_dagrun for example_dag_1 to 2024-05-28 00:00:00+00:00, run_after=2024-05-29 00:00:00+00:00
[2024-05-28T20:25:30.832+0000] {processor.py:183} INFO - Processing /opt/airflow/dags/first_dag.py took 0.099 seconds
[2024-05-28T20:26:01.405+0000] {processor.py:161} INFO - Started process (PID=36991) to work on /opt/airflow/dags/first_dag.py
[2024-05-28T20:26:01.408+0000] {processor.py:830} INFO - Processing file /opt/airflow/dags/first_dag.py for tasks to queue
[2024-05-28T20:26:01.409+0000] {logging_mixin.py:188} INFO - [2024-05-28T20:26:01.409+0000] {dagbag.py:545} INFO - Filling up the DagBag from /opt/airflow/dags/first_dag.py
[2024-05-28T20:26:01.426+0000] {processor.py:840} INFO - DAG(s) 'example_dag_1' retrieved from /opt/airflow/dags/first_dag.py
[2024-05-28T20:26:01.454+0000] {logging_mixin.py:188} INFO - [2024-05-28T20:26:01.453+0000] {dag.py:3096} INFO - Sync 1 DAGs
[2024-05-28T20:26:01.484+0000] {logging_mixin.py:188} INFO - [2024-05-28T20:26:01.483+0000] {dag.py:3954} INFO - Setting next_dagrun for example_dag_1 to 2024-05-28 00:00:00+00:00, run_after=2024-05-29 00:00:00+00:00
[2024-05-28T20:26:01.507+0000] {processor.py:183} INFO - Processing /opt/airflow/dags/first_dag.py took 0.118 seconds
[2024-05-28T20:26:31.625+0000] {processor.py:161} INFO - Started process (PID=37051) to work on /opt/airflow/dags/first_dag.py
[2024-05-28T20:26:31.626+0000] {processor.py:830} INFO - Processing file /opt/airflow/dags/first_dag.py for tasks to queue
[2024-05-28T20:26:31.628+0000] {logging_mixin.py:188} INFO - [2024-05-28T20:26:31.627+0000] {dagbag.py:545} INFO - Filling up the DagBag from /opt/airflow/dags/first_dag.py
[2024-05-28T20:26:31.643+0000] {processor.py:840} INFO - DAG(s) 'example_dag_1' retrieved from /opt/airflow/dags/first_dag.py
[2024-05-28T20:26:31.667+0000] {logging_mixin.py:188} INFO - [2024-05-28T20:26:31.667+0000] {dag.py:3096} INFO - Sync 1 DAGs
[2024-05-28T20:26:31.696+0000] {logging_mixin.py:188} INFO - [2024-05-28T20:26:31.696+0000] {dag.py:3954} INFO - Setting next_dagrun for example_dag_1 to 2024-05-28 00:00:00+00:00, run_after=2024-05-29 00:00:00+00:00
[2024-05-28T20:26:31.715+0000] {processor.py:183} INFO - Processing /opt/airflow/dags/first_dag.py took 0.099 seconds
[2024-05-28T20:27:02.066+0000] {processor.py:161} INFO - Started process (PID=37111) to work on /opt/airflow/dags/first_dag.py
[2024-05-28T20:27:02.068+0000] {processor.py:830} INFO - Processing file /opt/airflow/dags/first_dag.py for tasks to queue
[2024-05-28T20:27:02.069+0000] {logging_mixin.py:188} INFO - [2024-05-28T20:27:02.069+0000] {dagbag.py:545} INFO - Filling up the DagBag from /opt/airflow/dags/first_dag.py
[2024-05-28T20:27:02.084+0000] {processor.py:840} INFO - DAG(s) 'example_dag_1' retrieved from /opt/airflow/dags/first_dag.py
[2024-05-28T20:27:02.107+0000] {logging_mixin.py:188} INFO - [2024-05-28T20:27:02.107+0000] {dag.py:3096} INFO - Sync 1 DAGs
[2024-05-28T20:27:02.137+0000] {logging_mixin.py:188} INFO - [2024-05-28T20:27:02.137+0000] {dag.py:3954} INFO - Setting next_dagrun for example_dag_1 to 2024-05-28 00:00:00+00:00, run_after=2024-05-29 00:00:00+00:00
[2024-05-28T20:27:02.158+0000] {processor.py:183} INFO - Processing /opt/airflow/dags/first_dag.py took 0.099 seconds
[2024-05-28T20:27:32.398+0000] {processor.py:161} INFO - Started process (PID=37171) to work on /opt/airflow/dags/first_dag.py
[2024-05-28T20:27:32.403+0000] {processor.py:830} INFO - Processing file /opt/airflow/dags/first_dag.py for tasks to queue
[2024-05-28T20:27:32.407+0000] {logging_mixin.py:188} INFO - [2024-05-28T20:27:32.406+0000] {dagbag.py:545} INFO - Filling up the DagBag from /opt/airflow/dags/first_dag.py
[2024-05-28T20:27:32.437+0000] {processor.py:840} INFO - DAG(s) 'example_dag_1' retrieved from /opt/airflow/dags/first_dag.py
[2024-05-28T20:27:32.472+0000] {logging_mixin.py:188} INFO - [2024-05-28T20:27:32.471+0000] {dag.py:3096} INFO - Sync 1 DAGs
[2024-05-28T20:27:32.512+0000] {logging_mixin.py:188} INFO - [2024-05-28T20:27:32.511+0000] {dag.py:3954} INFO - Setting next_dagrun for example_dag_1 to 2024-05-28 00:00:00+00:00, run_after=2024-05-29 00:00:00+00:00
[2024-05-28T20:27:32.553+0000] {processor.py:183} INFO - Processing /opt/airflow/dags/first_dag.py took 0.168 seconds
[2024-05-28T20:28:03.174+0000] {processor.py:161} INFO - Started process (PID=37231) to work on /opt/airflow/dags/first_dag.py
[2024-05-28T20:28:03.175+0000] {processor.py:830} INFO - Processing file /opt/airflow/dags/first_dag.py for tasks to queue
[2024-05-28T20:28:03.177+0000] {logging_mixin.py:188} INFO - [2024-05-28T20:28:03.176+0000] {dagbag.py:545} INFO - Filling up the DagBag from /opt/airflow/dags/first_dag.py
[2024-05-28T20:28:03.192+0000] {processor.py:840} INFO - DAG(s) 'example_dag_1' retrieved from /opt/airflow/dags/first_dag.py
[2024-05-28T20:28:03.216+0000] {logging_mixin.py:188} INFO - [2024-05-28T20:28:03.216+0000] {dag.py:3096} INFO - Sync 1 DAGs
[2024-05-28T20:28:03.249+0000] {logging_mixin.py:188} INFO - [2024-05-28T20:28:03.249+0000] {dag.py:3954} INFO - Setting next_dagrun for example_dag_1 to 2024-05-28 00:00:00+00:00, run_after=2024-05-29 00:00:00+00:00
[2024-05-28T20:28:03.269+0000] {processor.py:183} INFO - Processing /opt/airflow/dags/first_dag.py took 0.104 seconds
[2024-05-28T20:28:33.826+0000] {processor.py:161} INFO - Started process (PID=37291) to work on /opt/airflow/dags/first_dag.py
[2024-05-28T20:28:33.827+0000] {processor.py:830} INFO - Processing file /opt/airflow/dags/first_dag.py for tasks to queue
[2024-05-28T20:28:33.828+0000] {logging_mixin.py:188} INFO - [2024-05-28T20:28:33.828+0000] {dagbag.py:545} INFO - Filling up the DagBag from /opt/airflow/dags/first_dag.py
[2024-05-28T20:28:33.841+0000] {processor.py:840} INFO - DAG(s) 'example_dag_1' retrieved from /opt/airflow/dags/first_dag.py
[2024-05-28T20:28:33.864+0000] {logging_mixin.py:188} INFO - [2024-05-28T20:28:33.863+0000] {dag.py:3096} INFO - Sync 1 DAGs
[2024-05-28T20:28:33.891+0000] {logging_mixin.py:188} INFO - [2024-05-28T20:28:33.891+0000] {dag.py:3954} INFO - Setting next_dagrun for example_dag_1 to 2024-05-28 00:00:00+00:00, run_after=2024-05-29 00:00:00+00:00
[2024-05-28T20:28:33.911+0000] {processor.py:183} INFO - Processing /opt/airflow/dags/first_dag.py took 0.093 seconds
[2024-05-28T20:29:04.205+0000] {processor.py:161} INFO - Started process (PID=37351) to work on /opt/airflow/dags/first_dag.py
[2024-05-28T20:29:04.208+0000] {processor.py:830} INFO - Processing file /opt/airflow/dags/first_dag.py for tasks to queue
[2024-05-28T20:29:04.209+0000] {logging_mixin.py:188} INFO - [2024-05-28T20:29:04.209+0000] {dagbag.py:545} INFO - Filling up the DagBag from /opt/airflow/dags/first_dag.py
[2024-05-28T20:29:04.237+0000] {processor.py:840} INFO - DAG(s) 'example_dag_1' retrieved from /opt/airflow/dags/first_dag.py
[2024-05-28T20:29:04.273+0000] {logging_mixin.py:188} INFO - [2024-05-28T20:29:04.273+0000] {dag.py:3096} INFO - Sync 1 DAGs
[2024-05-28T20:29:04.332+0000] {logging_mixin.py:188} INFO - [2024-05-28T20:29:04.331+0000] {dag.py:3954} INFO - Setting next_dagrun for example_dag_1 to 2024-05-28 00:00:00+00:00, run_after=2024-05-29 00:00:00+00:00
[2024-05-28T20:29:04.371+0000] {processor.py:183} INFO - Processing /opt/airflow/dags/first_dag.py took 0.182 seconds
[2024-05-28T20:29:34.526+0000] {processor.py:161} INFO - Started process (PID=37410) to work on /opt/airflow/dags/first_dag.py
[2024-05-28T20:29:34.528+0000] {processor.py:830} INFO - Processing file /opt/airflow/dags/first_dag.py for tasks to queue
[2024-05-28T20:29:34.529+0000] {logging_mixin.py:188} INFO - [2024-05-28T20:29:34.529+0000] {dagbag.py:545} INFO - Filling up the DagBag from /opt/airflow/dags/first_dag.py
[2024-05-28T20:29:34.545+0000] {processor.py:840} INFO - DAG(s) 'example_dag_1' retrieved from /opt/airflow/dags/first_dag.py
[2024-05-28T20:29:34.572+0000] {logging_mixin.py:188} INFO - [2024-05-28T20:29:34.572+0000] {dag.py:3096} INFO - Sync 1 DAGs
[2024-05-28T20:29:34.602+0000] {logging_mixin.py:188} INFO - [2024-05-28T20:29:34.602+0000] {dag.py:3954} INFO - Setting next_dagrun for example_dag_1 to 2024-05-28 00:00:00+00:00, run_after=2024-05-29 00:00:00+00:00
[2024-05-28T20:29:34.625+0000] {processor.py:183} INFO - Processing /opt/airflow/dags/first_dag.py took 0.107 seconds
[2024-05-28T20:30:04.699+0000] {processor.py:161} INFO - Started process (PID=37469) to work on /opt/airflow/dags/first_dag.py
[2024-05-28T20:30:04.700+0000] {processor.py:830} INFO - Processing file /opt/airflow/dags/first_dag.py for tasks to queue
[2024-05-28T20:30:04.702+0000] {logging_mixin.py:188} INFO - [2024-05-28T20:30:04.701+0000] {dagbag.py:545} INFO - Filling up the DagBag from /opt/airflow/dags/first_dag.py
[2024-05-28T20:30:04.719+0000] {processor.py:840} INFO - DAG(s) 'example_dag_1' retrieved from /opt/airflow/dags/first_dag.py
[2024-05-28T20:30:04.744+0000] {logging_mixin.py:188} INFO - [2024-05-28T20:30:04.743+0000] {dag.py:3096} INFO - Sync 1 DAGs
[2024-05-28T20:30:04.780+0000] {logging_mixin.py:188} INFO - [2024-05-28T20:30:04.779+0000] {dag.py:3954} INFO - Setting next_dagrun for example_dag_1 to 2024-05-28 00:00:00+00:00, run_after=2024-05-29 00:00:00+00:00
[2024-05-28T20:30:04.808+0000] {processor.py:183} INFO - Processing /opt/airflow/dags/first_dag.py took 0.119 seconds
[2024-05-28T20:30:34.984+0000] {processor.py:161} INFO - Started process (PID=37527) to work on /opt/airflow/dags/first_dag.py
[2024-05-28T20:30:34.985+0000] {processor.py:830} INFO - Processing file /opt/airflow/dags/first_dag.py for tasks to queue
[2024-05-28T20:30:34.986+0000] {logging_mixin.py:188} INFO - [2024-05-28T20:30:34.986+0000] {dagbag.py:545} INFO - Filling up the DagBag from /opt/airflow/dags/first_dag.py
[2024-05-28T20:30:35.001+0000] {processor.py:840} INFO - DAG(s) 'example_dag_1' retrieved from /opt/airflow/dags/first_dag.py
[2024-05-28T20:30:35.025+0000] {logging_mixin.py:188} INFO - [2024-05-28T20:30:35.024+0000] {dag.py:3096} INFO - Sync 1 DAGs
[2024-05-28T20:30:35.064+0000] {logging_mixin.py:188} INFO - [2024-05-28T20:30:35.063+0000] {dag.py:3954} INFO - Setting next_dagrun for example_dag_1 to 2024-05-28 00:00:00+00:00, run_after=2024-05-29 00:00:00+00:00
[2024-05-28T20:30:35.093+0000] {processor.py:183} INFO - Processing /opt/airflow/dags/first_dag.py took 0.117 seconds
[2024-05-28T20:31:05.213+0000] {processor.py:161} INFO - Started process (PID=37582) to work on /opt/airflow/dags/first_dag.py
[2024-05-28T20:31:05.215+0000] {processor.py:830} INFO - Processing file /opt/airflow/dags/first_dag.py for tasks to queue
[2024-05-28T20:31:05.216+0000] {logging_mixin.py:188} INFO - [2024-05-28T20:31:05.216+0000] {dagbag.py:545} INFO - Filling up the DagBag from /opt/airflow/dags/first_dag.py
[2024-05-28T20:31:05.235+0000] {processor.py:840} INFO - DAG(s) 'example_dag_1' retrieved from /opt/airflow/dags/first_dag.py
[2024-05-28T20:31:05.262+0000] {logging_mixin.py:188} INFO - [2024-05-28T20:31:05.261+0000] {dag.py:3096} INFO - Sync 1 DAGs
[2024-05-28T20:31:05.291+0000] {logging_mixin.py:188} INFO - [2024-05-28T20:31:05.290+0000] {dag.py:3954} INFO - Setting next_dagrun for example_dag_1 to 2024-05-28 00:00:00+00:00, run_after=2024-05-29 00:00:00+00:00
[2024-05-28T20:31:05.309+0000] {processor.py:183} INFO - Processing /opt/airflow/dags/first_dag.py took 0.105 seconds
[2024-05-28T20:31:36.150+0000] {processor.py:161} INFO - Started process (PID=37642) to work on /opt/airflow/dags/first_dag.py
[2024-05-28T20:31:36.152+0000] {processor.py:830} INFO - Processing file /opt/airflow/dags/first_dag.py for tasks to queue
[2024-05-28T20:31:36.153+0000] {logging_mixin.py:188} INFO - [2024-05-28T20:31:36.153+0000] {dagbag.py:545} INFO - Filling up the DagBag from /opt/airflow/dags/first_dag.py
[2024-05-28T20:31:36.168+0000] {processor.py:840} INFO - DAG(s) 'example_dag_1' retrieved from /opt/airflow/dags/first_dag.py
[2024-05-28T20:31:36.200+0000] {logging_mixin.py:188} INFO - [2024-05-28T20:31:36.199+0000] {dag.py:3096} INFO - Sync 1 DAGs
[2024-05-28T20:31:36.238+0000] {logging_mixin.py:188} INFO - [2024-05-28T20:31:36.238+0000] {dag.py:3954} INFO - Setting next_dagrun for example_dag_1 to 2024-05-28 00:00:00+00:00, run_after=2024-05-29 00:00:00+00:00
[2024-05-28T20:31:36.283+0000] {processor.py:183} INFO - Processing /opt/airflow/dags/first_dag.py took 0.141 seconds
[2024-05-28T20:32:06.579+0000] {processor.py:161} INFO - Started process (PID=37707) to work on /opt/airflow/dags/first_dag.py
[2024-05-28T20:32:06.580+0000] {processor.py:830} INFO - Processing file /opt/airflow/dags/first_dag.py for tasks to queue
[2024-05-28T20:32:06.581+0000] {logging_mixin.py:188} INFO - [2024-05-28T20:32:06.580+0000] {dagbag.py:545} INFO - Filling up the DagBag from /opt/airflow/dags/first_dag.py
[2024-05-28T20:32:06.595+0000] {processor.py:840} INFO - DAG(s) 'example_dag_1' retrieved from /opt/airflow/dags/first_dag.py
[2024-05-28T20:32:06.620+0000] {logging_mixin.py:188} INFO - [2024-05-28T20:32:06.620+0000] {dag.py:3096} INFO - Sync 1 DAGs
[2024-05-28T20:32:06.653+0000] {logging_mixin.py:188} INFO - [2024-05-28T20:32:06.651+0000] {dag.py:3954} INFO - Setting next_dagrun for example_dag_1 to 2024-05-28 00:00:00+00:00, run_after=2024-05-29 00:00:00+00:00
[2024-05-28T20:32:06.706+0000] {processor.py:183} INFO - Processing /opt/airflow/dags/first_dag.py took 0.135 seconds
[2024-05-28T20:32:37.402+0000] {processor.py:161} INFO - Started process (PID=37767) to work on /opt/airflow/dags/first_dag.py
[2024-05-28T20:32:37.404+0000] {processor.py:830} INFO - Processing file /opt/airflow/dags/first_dag.py for tasks to queue
[2024-05-28T20:32:37.405+0000] {logging_mixin.py:188} INFO - [2024-05-28T20:32:37.405+0000] {dagbag.py:545} INFO - Filling up the DagBag from /opt/airflow/dags/first_dag.py
[2024-05-28T20:32:37.420+0000] {processor.py:840} INFO - DAG(s) 'example_dag_1' retrieved from /opt/airflow/dags/first_dag.py
[2024-05-28T20:32:37.443+0000] {logging_mixin.py:188} INFO - [2024-05-28T20:32:37.443+0000] {dag.py:3096} INFO - Sync 1 DAGs
[2024-05-28T20:32:37.477+0000] {logging_mixin.py:188} INFO - [2024-05-28T20:32:37.476+0000] {dag.py:3954} INFO - Setting next_dagrun for example_dag_1 to 2024-05-28 00:00:00+00:00, run_after=2024-05-29 00:00:00+00:00
[2024-05-28T20:32:37.496+0000] {processor.py:183} INFO - Processing /opt/airflow/dags/first_dag.py took 0.102 seconds
[2024-05-28T20:33:07.753+0000] {processor.py:161} INFO - Started process (PID=37827) to work on /opt/airflow/dags/first_dag.py
[2024-05-28T20:33:07.755+0000] {processor.py:830} INFO - Processing file /opt/airflow/dags/first_dag.py for tasks to queue
[2024-05-28T20:33:07.757+0000] {logging_mixin.py:188} INFO - [2024-05-28T20:33:07.756+0000] {dagbag.py:545} INFO - Filling up the DagBag from /opt/airflow/dags/first_dag.py
[2024-05-28T20:33:07.773+0000] {processor.py:840} INFO - DAG(s) 'example_dag_1' retrieved from /opt/airflow/dags/first_dag.py
[2024-05-28T20:33:07.797+0000] {logging_mixin.py:188} INFO - [2024-05-28T20:33:07.797+0000] {dag.py:3096} INFO - Sync 1 DAGs
[2024-05-28T20:33:08.033+0000] {logging_mixin.py:188} INFO - [2024-05-28T20:33:08.033+0000] {dag.py:3954} INFO - Setting next_dagrun for example_dag_1 to 2024-05-28 00:00:00+00:00, run_after=2024-05-29 00:00:00+00:00
[2024-05-28T20:33:08.062+0000] {processor.py:183} INFO - Processing /opt/airflow/dags/first_dag.py took 0.321 seconds
[2024-05-28T20:33:38.992+0000] {processor.py:161} INFO - Started process (PID=37887) to work on /opt/airflow/dags/first_dag.py
[2024-05-28T20:33:38.995+0000] {processor.py:830} INFO - Processing file /opt/airflow/dags/first_dag.py for tasks to queue
[2024-05-28T20:33:38.997+0000] {logging_mixin.py:188} INFO - [2024-05-28T20:33:38.997+0000] {dagbag.py:545} INFO - Filling up the DagBag from /opt/airflow/dags/first_dag.py
[2024-05-28T20:33:39.018+0000] {processor.py:840} INFO - DAG(s) 'example_dag_1' retrieved from /opt/airflow/dags/first_dag.py
[2024-05-28T20:33:39.045+0000] {logging_mixin.py:188} INFO - [2024-05-28T20:33:39.044+0000] {dag.py:3096} INFO - Sync 1 DAGs
[2024-05-28T20:33:39.232+0000] {logging_mixin.py:188} INFO - [2024-05-28T20:33:39.232+0000] {dag.py:3954} INFO - Setting next_dagrun for example_dag_1 to 2024-05-28 00:00:00+00:00, run_after=2024-05-29 00:00:00+00:00
[2024-05-28T20:33:39.287+0000] {processor.py:183} INFO - Processing /opt/airflow/dags/first_dag.py took 0.304 seconds
[2024-05-28T20:34:09.709+0000] {processor.py:161} INFO - Started process (PID=37944) to work on /opt/airflow/dags/first_dag.py
[2024-05-28T20:34:09.711+0000] {processor.py:830} INFO - Processing file /opt/airflow/dags/first_dag.py for tasks to queue
[2024-05-28T20:34:09.713+0000] {logging_mixin.py:188} INFO - [2024-05-28T20:34:09.712+0000] {dagbag.py:545} INFO - Filling up the DagBag from /opt/airflow/dags/first_dag.py
[2024-05-28T20:34:09.729+0000] {processor.py:840} INFO - DAG(s) 'example_dag_1' retrieved from /opt/airflow/dags/first_dag.py
[2024-05-28T20:34:09.766+0000] {logging_mixin.py:188} INFO - [2024-05-28T20:34:09.766+0000] {dag.py:3096} INFO - Sync 1 DAGs
[2024-05-28T20:34:09.805+0000] {logging_mixin.py:188} INFO - [2024-05-28T20:34:09.804+0000] {dag.py:3954} INFO - Setting next_dagrun for example_dag_1 to 2024-05-28 00:00:00+00:00, run_after=2024-05-29 00:00:00+00:00
[2024-05-28T20:34:09.830+0000] {processor.py:183} INFO - Processing /opt/airflow/dags/first_dag.py took 0.129 seconds
[2024-05-28T20:34:40.454+0000] {processor.py:161} INFO - Started process (PID=38003) to work on /opt/airflow/dags/first_dag.py
[2024-05-28T20:34:40.456+0000] {processor.py:830} INFO - Processing file /opt/airflow/dags/first_dag.py for tasks to queue
[2024-05-28T20:34:40.458+0000] {logging_mixin.py:188} INFO - [2024-05-28T20:34:40.457+0000] {dagbag.py:545} INFO - Filling up the DagBag from /opt/airflow/dags/first_dag.py
[2024-05-28T20:34:40.478+0000] {processor.py:840} INFO - DAG(s) 'example_dag_1' retrieved from /opt/airflow/dags/first_dag.py
[2024-05-28T20:34:40.508+0000] {logging_mixin.py:188} INFO - [2024-05-28T20:34:40.508+0000] {dag.py:3096} INFO - Sync 1 DAGs
[2024-05-28T20:34:40.540+0000] {logging_mixin.py:188} INFO - [2024-05-28T20:34:40.540+0000] {dag.py:3954} INFO - Setting next_dagrun for example_dag_1 to 2024-05-28 00:00:00+00:00, run_after=2024-05-29 00:00:00+00:00
[2024-05-28T20:34:40.564+0000] {processor.py:183} INFO - Processing /opt/airflow/dags/first_dag.py took 0.118 seconds
[2024-05-28T20:35:10.713+0000] {processor.py:161} INFO - Started process (PID=38063) to work on /opt/airflow/dags/first_dag.py
[2024-05-28T20:35:10.716+0000] {processor.py:830} INFO - Processing file /opt/airflow/dags/first_dag.py for tasks to queue
[2024-05-28T20:35:10.718+0000] {logging_mixin.py:188} INFO - [2024-05-28T20:35:10.718+0000] {dagbag.py:545} INFO - Filling up the DagBag from /opt/airflow/dags/first_dag.py
[2024-05-28T20:35:10.735+0000] {processor.py:840} INFO - DAG(s) 'example_dag_1' retrieved from /opt/airflow/dags/first_dag.py
[2024-05-28T20:35:10.763+0000] {logging_mixin.py:188} INFO - [2024-05-28T20:35:10.763+0000] {dag.py:3096} INFO - Sync 1 DAGs
[2024-05-28T20:35:10.799+0000] {logging_mixin.py:188} INFO - [2024-05-28T20:35:10.799+0000] {dag.py:3954} INFO - Setting next_dagrun for example_dag_1 to 2024-05-28 00:00:00+00:00, run_after=2024-05-29 00:00:00+00:00
[2024-05-28T20:35:10.825+0000] {processor.py:183} INFO - Processing /opt/airflow/dags/first_dag.py took 0.121 seconds
[2024-05-28T20:35:41.260+0000] {processor.py:161} INFO - Started process (PID=38122) to work on /opt/airflow/dags/first_dag.py
[2024-05-28T20:35:41.262+0000] {processor.py:830} INFO - Processing file /opt/airflow/dags/first_dag.py for tasks to queue
[2024-05-28T20:35:41.264+0000] {logging_mixin.py:188} INFO - [2024-05-28T20:35:41.263+0000] {dagbag.py:545} INFO - Filling up the DagBag from /opt/airflow/dags/first_dag.py
[2024-05-28T20:35:41.282+0000] {processor.py:840} INFO - DAG(s) 'example_dag_1' retrieved from /opt/airflow/dags/first_dag.py
[2024-05-28T20:35:41.323+0000] {logging_mixin.py:188} INFO - [2024-05-28T20:35:41.322+0000] {dag.py:3096} INFO - Sync 1 DAGs
[2024-05-28T20:35:41.353+0000] {logging_mixin.py:188} INFO - [2024-05-28T20:35:41.353+0000] {dag.py:3954} INFO - Setting next_dagrun for example_dag_1 to 2024-05-28 00:00:00+00:00, run_after=2024-05-29 00:00:00+00:00
[2024-05-28T20:35:41.374+0000] {processor.py:183} INFO - Processing /opt/airflow/dags/first_dag.py took 0.126 seconds
[2024-05-28T20:36:12.049+0000] {processor.py:161} INFO - Started process (PID=38182) to work on /opt/airflow/dags/first_dag.py
[2024-05-28T20:36:12.051+0000] {processor.py:830} INFO - Processing file /opt/airflow/dags/first_dag.py for tasks to queue
[2024-05-28T20:36:12.053+0000] {logging_mixin.py:188} INFO - [2024-05-28T20:36:12.052+0000] {dagbag.py:545} INFO - Filling up the DagBag from /opt/airflow/dags/first_dag.py
[2024-05-28T20:36:12.076+0000] {processor.py:840} INFO - DAG(s) 'example_dag_1' retrieved from /opt/airflow/dags/first_dag.py
[2024-05-28T20:36:12.165+0000] {logging_mixin.py:188} INFO - [2024-05-28T20:36:12.163+0000] {dag.py:3096} INFO - Sync 1 DAGs
[2024-05-28T20:36:12.212+0000] {logging_mixin.py:188} INFO - [2024-05-28T20:36:12.212+0000] {dag.py:3954} INFO - Setting next_dagrun for example_dag_1 to 2024-05-28 00:00:00+00:00, run_after=2024-05-29 00:00:00+00:00
[2024-05-28T20:36:12.238+0000] {processor.py:183} INFO - Processing /opt/airflow/dags/first_dag.py took 0.198 seconds
[2024-05-28T20:36:42.777+0000] {processor.py:161} INFO - Started process (PID=38240) to work on /opt/airflow/dags/first_dag.py
[2024-05-28T20:36:42.781+0000] {processor.py:830} INFO - Processing file /opt/airflow/dags/first_dag.py for tasks to queue
[2024-05-28T20:36:42.789+0000] {logging_mixin.py:188} INFO - [2024-05-28T20:36:42.787+0000] {dagbag.py:545} INFO - Filling up the DagBag from /opt/airflow/dags/first_dag.py
[2024-05-28T20:36:42.821+0000] {processor.py:840} INFO - DAG(s) 'example_dag_1' retrieved from /opt/airflow/dags/first_dag.py
[2024-05-28T20:36:42.893+0000] {logging_mixin.py:188} INFO - [2024-05-28T20:36:42.893+0000] {dag.py:3096} INFO - Sync 1 DAGs
[2024-05-28T20:36:42.937+0000] {logging_mixin.py:188} INFO - [2024-05-28T20:36:42.937+0000] {dag.py:3954} INFO - Setting next_dagrun for example_dag_1 to 2024-05-28 00:00:00+00:00, run_after=2024-05-29 00:00:00+00:00
[2024-05-28T20:36:42.974+0000] {processor.py:183} INFO - Processing /opt/airflow/dags/first_dag.py took 0.214 seconds
[2024-05-28T20:37:13.092+0000] {processor.py:161} INFO - Started process (PID=38300) to work on /opt/airflow/dags/first_dag.py
[2024-05-28T20:37:13.093+0000] {processor.py:830} INFO - Processing file /opt/airflow/dags/first_dag.py for tasks to queue
[2024-05-28T20:37:13.094+0000] {logging_mixin.py:188} INFO - [2024-05-28T20:37:13.094+0000] {dagbag.py:545} INFO - Filling up the DagBag from /opt/airflow/dags/first_dag.py
[2024-05-28T20:37:13.110+0000] {processor.py:840} INFO - DAG(s) 'example_dag_1' retrieved from /opt/airflow/dags/first_dag.py
[2024-05-28T20:37:13.136+0000] {logging_mixin.py:188} INFO - [2024-05-28T20:37:13.135+0000] {dag.py:3096} INFO - Sync 1 DAGs
[2024-05-28T20:37:13.179+0000] {logging_mixin.py:188} INFO - [2024-05-28T20:37:13.179+0000] {dag.py:3954} INFO - Setting next_dagrun for example_dag_1 to 2024-05-28 00:00:00+00:00, run_after=2024-05-29 00:00:00+00:00
[2024-05-28T20:37:13.199+0000] {processor.py:183} INFO - Processing /opt/airflow/dags/first_dag.py took 0.116 seconds
[2024-05-28T20:37:43.919+0000] {processor.py:161} INFO - Started process (PID=38360) to work on /opt/airflow/dags/first_dag.py
[2024-05-28T20:37:43.924+0000] {processor.py:830} INFO - Processing file /opt/airflow/dags/first_dag.py for tasks to queue
[2024-05-28T20:37:43.930+0000] {logging_mixin.py:188} INFO - [2024-05-28T20:37:43.926+0000] {dagbag.py:545} INFO - Filling up the DagBag from /opt/airflow/dags/first_dag.py
[2024-05-28T20:37:43.969+0000] {processor.py:840} INFO - DAG(s) 'example_dag_1' retrieved from /opt/airflow/dags/first_dag.py
[2024-05-28T20:37:44.143+0000] {logging_mixin.py:188} INFO - [2024-05-28T20:37:44.136+0000] {dag.py:3096} INFO - Sync 1 DAGs
[2024-05-28T20:37:44.441+0000] {logging_mixin.py:188} INFO - [2024-05-28T20:37:44.438+0000] {dag.py:3954} INFO - Setting next_dagrun for example_dag_1 to 2024-05-28 00:00:00+00:00, run_after=2024-05-29 00:00:00+00:00
[2024-05-28T20:37:45.130+0000] {processor.py:183} INFO - Processing /opt/airflow/dags/first_dag.py took 1.222 seconds
[2024-05-28T20:38:15.213+0000] {processor.py:161} INFO - Started process (PID=38420) to work on /opt/airflow/dags/first_dag.py
[2024-05-28T20:38:15.216+0000] {processor.py:830} INFO - Processing file /opt/airflow/dags/first_dag.py for tasks to queue
[2024-05-28T20:38:15.219+0000] {logging_mixin.py:188} INFO - [2024-05-28T20:38:15.219+0000] {dagbag.py:545} INFO - Filling up the DagBag from /opt/airflow/dags/first_dag.py
[2024-05-28T20:38:15.240+0000] {processor.py:840} INFO - DAG(s) 'example_dag_1' retrieved from /opt/airflow/dags/first_dag.py
[2024-05-28T20:38:15.304+0000] {logging_mixin.py:188} INFO - [2024-05-28T20:38:15.303+0000] {dag.py:3096} INFO - Sync 1 DAGs
[2024-05-28T20:38:15.349+0000] {logging_mixin.py:188} INFO - [2024-05-28T20:38:15.349+0000] {dag.py:3954} INFO - Setting next_dagrun for example_dag_1 to 2024-05-28 00:00:00+00:00, run_after=2024-05-29 00:00:00+00:00
[2024-05-28T20:38:15.374+0000] {processor.py:183} INFO - Processing /opt/airflow/dags/first_dag.py took 0.173 seconds
[2024-05-28T20:38:45.455+0000] {processor.py:161} INFO - Started process (PID=38480) to work on /opt/airflow/dags/first_dag.py
[2024-05-28T20:38:45.457+0000] {processor.py:830} INFO - Processing file /opt/airflow/dags/first_dag.py for tasks to queue
[2024-05-28T20:38:45.458+0000] {logging_mixin.py:188} INFO - [2024-05-28T20:38:45.458+0000] {dagbag.py:545} INFO - Filling up the DagBag from /opt/airflow/dags/first_dag.py
[2024-05-28T20:38:45.474+0000] {processor.py:840} INFO - DAG(s) 'example_dag_1' retrieved from /opt/airflow/dags/first_dag.py
[2024-05-28T20:38:45.510+0000] {logging_mixin.py:188} INFO - [2024-05-28T20:38:45.510+0000] {dag.py:3096} INFO - Sync 1 DAGs
[2024-05-28T20:38:45.543+0000] {logging_mixin.py:188} INFO - [2024-05-28T20:38:45.543+0000] {dag.py:3954} INFO - Setting next_dagrun for example_dag_1 to 2024-05-28 00:00:00+00:00, run_after=2024-05-29 00:00:00+00:00
[2024-05-28T20:38:45.572+0000] {processor.py:183} INFO - Processing /opt/airflow/dags/first_dag.py took 0.127 seconds
[2024-05-28T20:39:16.335+0000] {processor.py:161} INFO - Started process (PID=38539) to work on /opt/airflow/dags/first_dag.py
[2024-05-28T20:39:16.339+0000] {processor.py:830} INFO - Processing file /opt/airflow/dags/first_dag.py for tasks to queue
[2024-05-28T20:39:16.341+0000] {logging_mixin.py:188} INFO - [2024-05-28T20:39:16.340+0000] {dagbag.py:545} INFO - Filling up the DagBag from /opt/airflow/dags/first_dag.py
[2024-05-28T20:39:16.366+0000] {processor.py:840} INFO - DAG(s) 'example_dag_1' retrieved from /opt/airflow/dags/first_dag.py
[2024-05-28T20:39:16.390+0000] {logging_mixin.py:188} INFO - [2024-05-28T20:39:16.390+0000] {dag.py:3096} INFO - Sync 1 DAGs
[2024-05-28T20:39:16.421+0000] {logging_mixin.py:188} INFO - [2024-05-28T20:39:16.421+0000] {dag.py:3954} INFO - Setting next_dagrun for example_dag_1 to 2024-05-28 00:00:00+00:00, run_after=2024-05-29 00:00:00+00:00
[2024-05-28T20:39:16.442+0000] {processor.py:183} INFO - Processing /opt/airflow/dags/first_dag.py took 0.117 seconds
[2024-05-28T20:39:46.498+0000] {processor.py:161} INFO - Started process (PID=38596) to work on /opt/airflow/dags/first_dag.py
[2024-05-28T20:39:46.499+0000] {processor.py:830} INFO - Processing file /opt/airflow/dags/first_dag.py for tasks to queue
[2024-05-28T20:39:46.501+0000] {logging_mixin.py:188} INFO - [2024-05-28T20:39:46.500+0000] {dagbag.py:545} INFO - Filling up the DagBag from /opt/airflow/dags/first_dag.py
[2024-05-28T20:39:46.515+0000] {processor.py:840} INFO - DAG(s) 'example_dag_1' retrieved from /opt/airflow/dags/first_dag.py
[2024-05-28T20:39:46.541+0000] {logging_mixin.py:188} INFO - [2024-05-28T20:39:46.541+0000] {dag.py:3096} INFO - Sync 1 DAGs
[2024-05-28T20:39:46.574+0000] {logging_mixin.py:188} INFO - [2024-05-28T20:39:46.574+0000] {dag.py:3954} INFO - Setting next_dagrun for example_dag_1 to 2024-05-28 00:00:00+00:00, run_after=2024-05-29 00:00:00+00:00
[2024-05-28T20:39:46.596+0000] {processor.py:183} INFO - Processing /opt/airflow/dags/first_dag.py took 0.107 seconds
[2024-05-28T20:40:16.643+0000] {processor.py:161} INFO - Started process (PID=38649) to work on /opt/airflow/dags/first_dag.py
[2024-05-28T20:40:16.645+0000] {processor.py:830} INFO - Processing file /opt/airflow/dags/first_dag.py for tasks to queue
[2024-05-28T20:40:16.646+0000] {logging_mixin.py:188} INFO - [2024-05-28T20:40:16.646+0000] {dagbag.py:545} INFO - Filling up the DagBag from /opt/airflow/dags/first_dag.py
[2024-05-28T20:40:16.669+0000] {processor.py:840} INFO - DAG(s) 'example_dag_1' retrieved from /opt/airflow/dags/first_dag.py
[2024-05-28T20:40:16.703+0000] {logging_mixin.py:188} INFO - [2024-05-28T20:40:16.701+0000] {dag.py:3096} INFO - Sync 1 DAGs
[2024-05-28T20:40:16.738+0000] {logging_mixin.py:188} INFO - [2024-05-28T20:40:16.737+0000] {dag.py:3954} INFO - Setting next_dagrun for example_dag_1 to 2024-05-28 00:00:00+00:00, run_after=2024-05-29 00:00:00+00:00
[2024-05-28T20:40:16.762+0000] {processor.py:183} INFO - Processing /opt/airflow/dags/first_dag.py took 0.130 seconds
[2024-05-28T20:40:46.950+0000] {processor.py:161} INFO - Started process (PID=38709) to work on /opt/airflow/dags/first_dag.py
[2024-05-28T20:40:46.954+0000] {processor.py:830} INFO - Processing file /opt/airflow/dags/first_dag.py for tasks to queue
[2024-05-28T20:40:46.957+0000] {logging_mixin.py:188} INFO - [2024-05-28T20:40:46.957+0000] {dagbag.py:545} INFO - Filling up the DagBag from /opt/airflow/dags/first_dag.py
[2024-05-28T20:40:46.978+0000] {processor.py:840} INFO - DAG(s) 'example_dag_1' retrieved from /opt/airflow/dags/first_dag.py
[2024-05-28T20:40:47.018+0000] {logging_mixin.py:188} INFO - [2024-05-28T20:40:47.018+0000] {dag.py:3096} INFO - Sync 1 DAGs
[2024-05-28T20:40:47.050+0000] {logging_mixin.py:188} INFO - [2024-05-28T20:40:47.049+0000] {dag.py:3954} INFO - Setting next_dagrun for example_dag_1 to 2024-05-28 00:00:00+00:00, run_after=2024-05-29 00:00:00+00:00
[2024-05-28T20:40:47.075+0000] {processor.py:183} INFO - Processing /opt/airflow/dags/first_dag.py took 0.135 seconds
[2024-05-28T20:41:17.570+0000] {processor.py:161} INFO - Started process (PID=38769) to work on /opt/airflow/dags/first_dag.py
[2024-05-28T20:41:17.579+0000] {processor.py:830} INFO - Processing file /opt/airflow/dags/first_dag.py for tasks to queue
[2024-05-28T20:41:17.597+0000] {logging_mixin.py:188} INFO - [2024-05-28T20:41:17.587+0000] {dagbag.py:545} INFO - Filling up the DagBag from /opt/airflow/dags/first_dag.py
[2024-05-28T20:41:17.636+0000] {processor.py:840} INFO - DAG(s) 'example_dag_1' retrieved from /opt/airflow/dags/first_dag.py
[2024-05-28T20:41:17.686+0000] {logging_mixin.py:188} INFO - [2024-05-28T20:41:17.686+0000] {dag.py:3096} INFO - Sync 1 DAGs
[2024-05-28T20:41:17.745+0000] {logging_mixin.py:188} INFO - [2024-05-28T20:41:17.745+0000] {dag.py:3954} INFO - Setting next_dagrun for example_dag_1 to 2024-05-28 00:00:00+00:00, run_after=2024-05-29 00:00:00+00:00
[2024-05-28T20:41:17.795+0000] {processor.py:183} INFO - Processing /opt/airflow/dags/first_dag.py took 0.248 seconds
[2024-05-28T20:41:48.037+0000] {processor.py:161} INFO - Started process (PID=38829) to work on /opt/airflow/dags/first_dag.py
[2024-05-28T20:41:48.039+0000] {processor.py:830} INFO - Processing file /opt/airflow/dags/first_dag.py for tasks to queue
[2024-05-28T20:41:48.041+0000] {logging_mixin.py:188} INFO - [2024-05-28T20:41:48.040+0000] {dagbag.py:545} INFO - Filling up the DagBag from /opt/airflow/dags/first_dag.py
[2024-05-28T20:41:48.057+0000] {processor.py:840} INFO - DAG(s) 'example_dag_1' retrieved from /opt/airflow/dags/first_dag.py
[2024-05-28T20:41:48.086+0000] {logging_mixin.py:188} INFO - [2024-05-28T20:41:48.086+0000] {dag.py:3096} INFO - Sync 1 DAGs
[2024-05-28T20:41:48.116+0000] {logging_mixin.py:188} INFO - [2024-05-28T20:41:48.116+0000] {dag.py:3954} INFO - Setting next_dagrun for example_dag_1 to 2024-05-28 00:00:00+00:00, run_after=2024-05-29 00:00:00+00:00
[2024-05-28T20:41:48.142+0000] {processor.py:183} INFO - Processing /opt/airflow/dags/first_dag.py took 0.113 seconds
[2024-05-28T20:42:18.658+0000] {processor.py:161} INFO - Started process (PID=38889) to work on /opt/airflow/dags/first_dag.py
[2024-05-28T20:42:18.661+0000] {processor.py:830} INFO - Processing file /opt/airflow/dags/first_dag.py for tasks to queue
[2024-05-28T20:42:18.662+0000] {logging_mixin.py:188} INFO - [2024-05-28T20:42:18.662+0000] {dagbag.py:545} INFO - Filling up the DagBag from /opt/airflow/dags/first_dag.py
[2024-05-28T20:42:18.681+0000] {processor.py:840} INFO - DAG(s) 'example_dag_1' retrieved from /opt/airflow/dags/first_dag.py
[2024-05-28T20:42:18.723+0000] {logging_mixin.py:188} INFO - [2024-05-28T20:42:18.723+0000] {dag.py:3096} INFO - Sync 1 DAGs
[2024-05-28T20:42:18.757+0000] {logging_mixin.py:188} INFO - [2024-05-28T20:42:18.756+0000] {dag.py:3954} INFO - Setting next_dagrun for example_dag_1 to 2024-05-28 00:00:00+00:00, run_after=2024-05-29 00:00:00+00:00
[2024-05-28T20:42:18.781+0000] {processor.py:183} INFO - Processing /opt/airflow/dags/first_dag.py took 0.133 seconds
[2024-05-28T20:42:49.347+0000] {processor.py:161} INFO - Started process (PID=38949) to work on /opt/airflow/dags/first_dag.py
[2024-05-28T20:42:49.350+0000] {processor.py:830} INFO - Processing file /opt/airflow/dags/first_dag.py for tasks to queue
[2024-05-28T20:42:49.351+0000] {logging_mixin.py:188} INFO - [2024-05-28T20:42:49.351+0000] {dagbag.py:545} INFO - Filling up the DagBag from /opt/airflow/dags/first_dag.py
[2024-05-28T20:42:49.369+0000] {processor.py:840} INFO - DAG(s) 'example_dag_1' retrieved from /opt/airflow/dags/first_dag.py
[2024-05-28T20:42:49.401+0000] {logging_mixin.py:188} INFO - [2024-05-28T20:42:49.401+0000] {dag.py:3096} INFO - Sync 1 DAGs
[2024-05-28T20:42:49.430+0000] {logging_mixin.py:188} INFO - [2024-05-28T20:42:49.429+0000] {dag.py:3954} INFO - Setting next_dagrun for example_dag_1 to 2024-05-28 00:00:00+00:00, run_after=2024-05-29 00:00:00+00:00
[2024-05-28T20:42:49.451+0000] {processor.py:183} INFO - Processing /opt/airflow/dags/first_dag.py took 0.114 seconds
[2024-05-28T20:43:19.871+0000] {processor.py:161} INFO - Started process (PID=39009) to work on /opt/airflow/dags/first_dag.py
[2024-05-28T20:43:19.875+0000] {processor.py:830} INFO - Processing file /opt/airflow/dags/first_dag.py for tasks to queue
[2024-05-28T20:43:19.876+0000] {logging_mixin.py:188} INFO - [2024-05-28T20:43:19.876+0000] {dagbag.py:545} INFO - Filling up the DagBag from /opt/airflow/dags/first_dag.py
[2024-05-28T20:43:19.895+0000] {processor.py:840} INFO - DAG(s) 'example_dag_1' retrieved from /opt/airflow/dags/first_dag.py
[2024-05-28T20:43:19.928+0000] {logging_mixin.py:188} INFO - [2024-05-28T20:43:19.928+0000] {dag.py:3096} INFO - Sync 1 DAGs
[2024-05-28T20:43:19.958+0000] {logging_mixin.py:188} INFO - [2024-05-28T20:43:19.958+0000] {dag.py:3954} INFO - Setting next_dagrun for example_dag_1 to 2024-05-28 00:00:00+00:00, run_after=2024-05-29 00:00:00+00:00
[2024-05-28T20:43:19.982+0000] {processor.py:183} INFO - Processing /opt/airflow/dags/first_dag.py took 0.123 seconds
[2024-05-28T20:43:50.039+0000] {processor.py:161} INFO - Started process (PID=39068) to work on /opt/airflow/dags/first_dag.py
[2024-05-28T20:43:50.047+0000] {processor.py:830} INFO - Processing file /opt/airflow/dags/first_dag.py for tasks to queue
[2024-05-28T20:43:50.050+0000] {logging_mixin.py:188} INFO - [2024-05-28T20:43:50.050+0000] {dagbag.py:545} INFO - Filling up the DagBag from /opt/airflow/dags/first_dag.py
[2024-05-28T20:43:50.083+0000] {processor.py:840} INFO - DAG(s) 'example_dag_1' retrieved from /opt/airflow/dags/first_dag.py
[2024-05-28T20:43:50.220+0000] {logging_mixin.py:188} INFO - [2024-05-28T20:43:50.208+0000] {dag.py:3096} INFO - Sync 1 DAGs
[2024-05-28T20:43:50.275+0000] {logging_mixin.py:188} INFO - [2024-05-28T20:43:50.275+0000] {dag.py:3954} INFO - Setting next_dagrun for example_dag_1 to 2024-05-28 00:00:00+00:00, run_after=2024-05-29 00:00:00+00:00
[2024-05-28T20:43:50.981+0000] {processor.py:183} INFO - Processing /opt/airflow/dags/first_dag.py took 0.964 seconds
[2024-05-28T20:44:21.474+0000] {processor.py:161} INFO - Started process (PID=39128) to work on /opt/airflow/dags/first_dag.py
[2024-05-28T20:44:21.476+0000] {processor.py:830} INFO - Processing file /opt/airflow/dags/first_dag.py for tasks to queue
[2024-05-28T20:44:21.478+0000] {logging_mixin.py:188} INFO - [2024-05-28T20:44:21.477+0000] {dagbag.py:545} INFO - Filling up the DagBag from /opt/airflow/dags/first_dag.py
[2024-05-28T20:44:21.494+0000] {processor.py:840} INFO - DAG(s) 'example_dag_1' retrieved from /opt/airflow/dags/first_dag.py
[2024-05-28T20:44:21.522+0000] {logging_mixin.py:188} INFO - [2024-05-28T20:44:21.522+0000] {dag.py:3096} INFO - Sync 1 DAGs
[2024-05-28T20:44:21.558+0000] {logging_mixin.py:188} INFO - [2024-05-28T20:44:21.558+0000] {dag.py:3954} INFO - Setting next_dagrun for example_dag_1 to 2024-05-28 00:00:00+00:00, run_after=2024-05-29 00:00:00+00:00
[2024-05-28T20:44:21.585+0000] {processor.py:183} INFO - Processing /opt/airflow/dags/first_dag.py took 0.119 seconds
[2024-05-28T20:44:51.943+0000] {processor.py:161} INFO - Started process (PID=39188) to work on /opt/airflow/dags/first_dag.py
[2024-05-28T20:44:51.945+0000] {processor.py:830} INFO - Processing file /opt/airflow/dags/first_dag.py for tasks to queue
[2024-05-28T20:44:51.946+0000] {logging_mixin.py:188} INFO - [2024-05-28T20:44:51.946+0000] {dagbag.py:545} INFO - Filling up the DagBag from /opt/airflow/dags/first_dag.py
[2024-05-28T20:44:51.959+0000] {processor.py:840} INFO - DAG(s) 'example_dag_1' retrieved from /opt/airflow/dags/first_dag.py
[2024-05-28T20:44:51.990+0000] {logging_mixin.py:188} INFO - [2024-05-28T20:44:51.990+0000] {dag.py:3096} INFO - Sync 1 DAGs
[2024-05-28T20:44:52.017+0000] {logging_mixin.py:188} INFO - [2024-05-28T20:44:52.017+0000] {dag.py:3954} INFO - Setting next_dagrun for example_dag_1 to 2024-05-28 00:00:00+00:00, run_after=2024-05-29 00:00:00+00:00
[2024-05-28T20:44:52.038+0000] {processor.py:183} INFO - Processing /opt/airflow/dags/first_dag.py took 0.103 seconds
[2024-05-28T20:45:22.842+0000] {processor.py:161} INFO - Started process (PID=39248) to work on /opt/airflow/dags/first_dag.py
[2024-05-28T20:45:22.845+0000] {processor.py:830} INFO - Processing file /opt/airflow/dags/first_dag.py for tasks to queue
[2024-05-28T20:45:22.846+0000] {logging_mixin.py:188} INFO - [2024-05-28T20:45:22.846+0000] {dagbag.py:545} INFO - Filling up the DagBag from /opt/airflow/dags/first_dag.py
[2024-05-28T20:45:22.866+0000] {processor.py:840} INFO - DAG(s) 'example_dag_1' retrieved from /opt/airflow/dags/first_dag.py
[2024-05-28T20:45:22.934+0000] {logging_mixin.py:188} INFO - [2024-05-28T20:45:22.933+0000] {dag.py:3096} INFO - Sync 1 DAGs
[2024-05-28T20:45:22.972+0000] {logging_mixin.py:188} INFO - [2024-05-28T20:45:22.971+0000] {dag.py:3954} INFO - Setting next_dagrun for example_dag_1 to 2024-05-28 00:00:00+00:00, run_after=2024-05-29 00:00:00+00:00
[2024-05-28T20:45:22.993+0000] {processor.py:183} INFO - Processing /opt/airflow/dags/first_dag.py took 0.165 seconds
[2024-05-28T20:45:53.158+0000] {processor.py:161} INFO - Started process (PID=39307) to work on /opt/airflow/dags/first_dag.py
[2024-05-28T20:45:53.160+0000] {processor.py:830} INFO - Processing file /opt/airflow/dags/first_dag.py for tasks to queue
[2024-05-28T20:45:53.162+0000] {logging_mixin.py:188} INFO - [2024-05-28T20:45:53.161+0000] {dagbag.py:545} INFO - Filling up the DagBag from /opt/airflow/dags/first_dag.py
[2024-05-28T20:45:53.180+0000] {processor.py:840} INFO - DAG(s) 'example_dag_1' retrieved from /opt/airflow/dags/first_dag.py
[2024-05-28T20:45:53.218+0000] {logging_mixin.py:188} INFO - [2024-05-28T20:45:53.218+0000] {dag.py:3096} INFO - Sync 1 DAGs
[2024-05-28T20:45:53.252+0000] {logging_mixin.py:188} INFO - [2024-05-28T20:45:53.252+0000] {dag.py:3954} INFO - Setting next_dagrun for example_dag_1 to 2024-05-28 00:00:00+00:00, run_after=2024-05-29 00:00:00+00:00
[2024-05-28T20:45:53.293+0000] {processor.py:183} INFO - Processing /opt/airflow/dags/first_dag.py took 0.148 seconds
[2024-05-28T20:46:23.413+0000] {processor.py:161} INFO - Started process (PID=39366) to work on /opt/airflow/dags/first_dag.py
[2024-05-28T20:46:23.415+0000] {processor.py:830} INFO - Processing file /opt/airflow/dags/first_dag.py for tasks to queue
[2024-05-28T20:46:23.418+0000] {logging_mixin.py:188} INFO - [2024-05-28T20:46:23.416+0000] {dagbag.py:545} INFO - Filling up the DagBag from /opt/airflow/dags/first_dag.py
[2024-05-28T20:46:23.438+0000] {processor.py:840} INFO - DAG(s) 'example_dag_1' retrieved from /opt/airflow/dags/first_dag.py
[2024-05-28T20:46:23.490+0000] {logging_mixin.py:188} INFO - [2024-05-28T20:46:23.490+0000] {dag.py:3096} INFO - Sync 1 DAGs
[2024-05-28T20:46:23.529+0000] {logging_mixin.py:188} INFO - [2024-05-28T20:46:23.529+0000] {dag.py:3954} INFO - Setting next_dagrun for example_dag_1 to 2024-05-28 00:00:00+00:00, run_after=2024-05-29 00:00:00+00:00
[2024-05-28T20:46:23.556+0000] {processor.py:183} INFO - Processing /opt/airflow/dags/first_dag.py took 0.151 seconds
[2024-05-28T20:46:54.302+0000] {processor.py:161} INFO - Started process (PID=39426) to work on /opt/airflow/dags/first_dag.py
[2024-05-28T20:46:54.304+0000] {processor.py:830} INFO - Processing file /opt/airflow/dags/first_dag.py for tasks to queue
[2024-05-28T20:46:54.306+0000] {logging_mixin.py:188} INFO - [2024-05-28T20:46:54.305+0000] {dagbag.py:545} INFO - Filling up the DagBag from /opt/airflow/dags/first_dag.py
[2024-05-28T20:46:54.322+0000] {processor.py:840} INFO - DAG(s) 'example_dag_1' retrieved from /opt/airflow/dags/first_dag.py
[2024-05-28T20:46:54.348+0000] {logging_mixin.py:188} INFO - [2024-05-28T20:46:54.347+0000] {dag.py:3096} INFO - Sync 1 DAGs
[2024-05-28T20:46:54.378+0000] {logging_mixin.py:188} INFO - [2024-05-28T20:46:54.377+0000] {dag.py:3954} INFO - Setting next_dagrun for example_dag_1 to 2024-05-28 00:00:00+00:00, run_after=2024-05-29 00:00:00+00:00
[2024-05-28T20:46:54.400+0000] {processor.py:183} INFO - Processing /opt/airflow/dags/first_dag.py took 0.107 seconds
[2024-05-28T20:47:24.488+0000] {processor.py:161} INFO - Started process (PID=39486) to work on /opt/airflow/dags/first_dag.py
[2024-05-28T20:47:24.490+0000] {processor.py:830} INFO - Processing file /opt/airflow/dags/first_dag.py for tasks to queue
[2024-05-28T20:47:24.492+0000] {logging_mixin.py:188} INFO - [2024-05-28T20:47:24.491+0000] {dagbag.py:545} INFO - Filling up the DagBag from /opt/airflow/dags/first_dag.py
[2024-05-28T20:47:24.517+0000] {processor.py:840} INFO - DAG(s) 'example_dag_1' retrieved from /opt/airflow/dags/first_dag.py
[2024-05-28T20:47:24.573+0000] {logging_mixin.py:188} INFO - [2024-05-28T20:47:24.573+0000] {dag.py:3096} INFO - Sync 1 DAGs
[2024-05-28T20:47:24.621+0000] {logging_mixin.py:188} INFO - [2024-05-28T20:47:24.621+0000] {dag.py:3954} INFO - Setting next_dagrun for example_dag_1 to 2024-05-28 00:00:00+00:00, run_after=2024-05-29 00:00:00+00:00
[2024-05-28T20:47:24.652+0000] {processor.py:183} INFO - Processing /opt/airflow/dags/first_dag.py took 0.176 seconds
[2024-05-28T20:47:55.088+0000] {processor.py:161} INFO - Started process (PID=39546) to work on /opt/airflow/dags/first_dag.py
[2024-05-28T20:47:55.090+0000] {processor.py:830} INFO - Processing file /opt/airflow/dags/first_dag.py for tasks to queue
[2024-05-28T20:47:55.092+0000] {logging_mixin.py:188} INFO - [2024-05-28T20:47:55.091+0000] {dagbag.py:545} INFO - Filling up the DagBag from /opt/airflow/dags/first_dag.py
[2024-05-28T20:47:55.108+0000] {processor.py:840} INFO - DAG(s) 'example_dag_1' retrieved from /opt/airflow/dags/first_dag.py
[2024-05-28T20:47:55.135+0000] {logging_mixin.py:188} INFO - [2024-05-28T20:47:55.135+0000] {dag.py:3096} INFO - Sync 1 DAGs
[2024-05-28T20:47:55.166+0000] {logging_mixin.py:188} INFO - [2024-05-28T20:47:55.166+0000] {dag.py:3954} INFO - Setting next_dagrun for example_dag_1 to 2024-05-28 00:00:00+00:00, run_after=2024-05-29 00:00:00+00:00
[2024-05-28T20:47:55.192+0000] {processor.py:183} INFO - Processing /opt/airflow/dags/first_dag.py took 0.115 seconds
[2024-05-28T20:48:26.050+0000] {processor.py:161} INFO - Started process (PID=39606) to work on /opt/airflow/dags/first_dag.py
[2024-05-28T20:48:26.052+0000] {processor.py:830} INFO - Processing file /opt/airflow/dags/first_dag.py for tasks to queue
[2024-05-28T20:48:26.055+0000] {logging_mixin.py:188} INFO - [2024-05-28T20:48:26.053+0000] {dagbag.py:545} INFO - Filling up the DagBag from /opt/airflow/dags/first_dag.py
[2024-05-28T20:48:26.071+0000] {processor.py:840} INFO - DAG(s) 'example_dag_1' retrieved from /opt/airflow/dags/first_dag.py
[2024-05-28T20:48:26.110+0000] {logging_mixin.py:188} INFO - [2024-05-28T20:48:26.110+0000] {dag.py:3096} INFO - Sync 1 DAGs
[2024-05-28T20:48:26.143+0000] {logging_mixin.py:188} INFO - [2024-05-28T20:48:26.142+0000] {dag.py:3954} INFO - Setting next_dagrun for example_dag_1 to 2024-05-28 00:00:00+00:00, run_after=2024-05-29 00:00:00+00:00
[2024-05-28T20:48:26.172+0000] {processor.py:183} INFO - Processing /opt/airflow/dags/first_dag.py took 0.132 seconds
[2024-05-28T20:48:56.250+0000] {processor.py:161} INFO - Started process (PID=39666) to work on /opt/airflow/dags/first_dag.py
[2024-05-28T20:48:56.252+0000] {processor.py:830} INFO - Processing file /opt/airflow/dags/first_dag.py for tasks to queue
[2024-05-28T20:48:56.253+0000] {logging_mixin.py:188} INFO - [2024-05-28T20:48:56.253+0000] {dagbag.py:545} INFO - Filling up the DagBag from /opt/airflow/dags/first_dag.py
[2024-05-28T20:48:56.271+0000] {processor.py:840} INFO - DAG(s) 'example_dag_1' retrieved from /opt/airflow/dags/first_dag.py
[2024-05-28T20:48:56.329+0000] {logging_mixin.py:188} INFO - [2024-05-28T20:48:56.328+0000] {dag.py:3096} INFO - Sync 1 DAGs
[2024-05-28T20:48:56.360+0000] {logging_mixin.py:188} INFO - [2024-05-28T20:48:56.360+0000] {dag.py:3954} INFO - Setting next_dagrun for example_dag_1 to 2024-05-28 00:00:00+00:00, run_after=2024-05-29 00:00:00+00:00
[2024-05-28T20:48:56.410+0000] {processor.py:183} INFO - Processing /opt/airflow/dags/first_dag.py took 0.168 seconds
[2024-05-28T20:49:27.098+0000] {processor.py:161} INFO - Started process (PID=39726) to work on /opt/airflow/dags/first_dag.py
[2024-05-28T20:49:27.100+0000] {processor.py:830} INFO - Processing file /opt/airflow/dags/first_dag.py for tasks to queue
[2024-05-28T20:49:27.102+0000] {logging_mixin.py:188} INFO - [2024-05-28T20:49:27.101+0000] {dagbag.py:545} INFO - Filling up the DagBag from /opt/airflow/dags/first_dag.py
[2024-05-28T20:49:27.119+0000] {processor.py:840} INFO - DAG(s) 'example_dag_1' retrieved from /opt/airflow/dags/first_dag.py
[2024-05-28T20:49:27.149+0000] {logging_mixin.py:188} INFO - [2024-05-28T20:49:27.148+0000] {dag.py:3096} INFO - Sync 1 DAGs
[2024-05-28T20:49:27.177+0000] {logging_mixin.py:188} INFO - [2024-05-28T20:49:27.177+0000] {dag.py:3954} INFO - Setting next_dagrun for example_dag_1 to 2024-05-28 00:00:00+00:00, run_after=2024-05-29 00:00:00+00:00
[2024-05-28T20:49:27.201+0000] {processor.py:183} INFO - Processing /opt/airflow/dags/first_dag.py took 0.113 seconds
[2024-05-28T20:49:57.625+0000] {processor.py:161} INFO - Started process (PID=39786) to work on /opt/airflow/dags/first_dag.py
[2024-05-28T20:49:57.626+0000] {processor.py:830} INFO - Processing file /opt/airflow/dags/first_dag.py for tasks to queue
[2024-05-28T20:49:57.628+0000] {logging_mixin.py:188} INFO - [2024-05-28T20:49:57.627+0000] {dagbag.py:545} INFO - Filling up the DagBag from /opt/airflow/dags/first_dag.py
[2024-05-28T20:49:57.652+0000] {processor.py:840} INFO - DAG(s) 'example_dag_1' retrieved from /opt/airflow/dags/first_dag.py
[2024-05-28T20:49:57.692+0000] {logging_mixin.py:188} INFO - [2024-05-28T20:49:57.692+0000] {dag.py:3096} INFO - Sync 1 DAGs
[2024-05-28T20:49:57.722+0000] {logging_mixin.py:188} INFO - [2024-05-28T20:49:57.722+0000] {dag.py:3954} INFO - Setting next_dagrun for example_dag_1 to 2024-05-28 00:00:00+00:00, run_after=2024-05-29 00:00:00+00:00
[2024-05-28T20:49:57.746+0000] {processor.py:183} INFO - Processing /opt/airflow/dags/first_dag.py took 0.132 seconds
[2024-05-28T20:50:27.839+0000] {processor.py:161} INFO - Started process (PID=39846) to work on /opt/airflow/dags/first_dag.py
[2024-05-28T20:50:27.842+0000] {processor.py:830} INFO - Processing file /opt/airflow/dags/first_dag.py for tasks to queue
[2024-05-28T20:50:27.843+0000] {logging_mixin.py:188} INFO - [2024-05-28T20:50:27.842+0000] {dagbag.py:545} INFO - Filling up the DagBag from /opt/airflow/dags/first_dag.py
[2024-05-28T20:50:27.859+0000] {processor.py:840} INFO - DAG(s) 'example_dag_1' retrieved from /opt/airflow/dags/first_dag.py
[2024-05-28T20:50:27.899+0000] {logging_mixin.py:188} INFO - [2024-05-28T20:50:27.898+0000] {dag.py:3096} INFO - Sync 1 DAGs
[2024-05-28T20:50:27.928+0000] {logging_mixin.py:188} INFO - [2024-05-28T20:50:27.928+0000] {dag.py:3954} INFO - Setting next_dagrun for example_dag_1 to 2024-05-28 00:00:00+00:00, run_after=2024-05-29 00:00:00+00:00
[2024-05-28T20:50:27.950+0000] {processor.py:183} INFO - Processing /opt/airflow/dags/first_dag.py took 0.121 seconds
[2024-05-28T20:50:58.102+0000] {processor.py:161} INFO - Started process (PID=39906) to work on /opt/airflow/dags/first_dag.py
[2024-05-28T20:50:58.103+0000] {processor.py:830} INFO - Processing file /opt/airflow/dags/first_dag.py for tasks to queue
[2024-05-28T20:50:58.105+0000] {logging_mixin.py:188} INFO - [2024-05-28T20:50:58.104+0000] {dagbag.py:545} INFO - Filling up the DagBag from /opt/airflow/dags/first_dag.py
[2024-05-28T20:50:58.121+0000] {processor.py:840} INFO - DAG(s) 'example_dag_1' retrieved from /opt/airflow/dags/first_dag.py
[2024-05-28T20:50:58.148+0000] {logging_mixin.py:188} INFO - [2024-05-28T20:50:58.147+0000] {dag.py:3096} INFO - Sync 1 DAGs
[2024-05-28T20:50:58.178+0000] {logging_mixin.py:188} INFO - [2024-05-28T20:50:58.178+0000] {dag.py:3954} INFO - Setting next_dagrun for example_dag_1 to 2024-05-28 00:00:00+00:00, run_after=2024-05-29 00:00:00+00:00
[2024-05-28T20:50:58.207+0000] {processor.py:183} INFO - Processing /opt/airflow/dags/first_dag.py took 0.115 seconds
[2024-05-28T20:51:18.238+0000] {processor.py:161} INFO - Started process (PID=39942) to work on /opt/airflow/dags/first_dag.py
[2024-05-28T20:51:18.239+0000] {processor.py:830} INFO - Processing file /opt/airflow/dags/first_dag.py for tasks to queue
[2024-05-28T20:51:18.241+0000] {logging_mixin.py:188} INFO - [2024-05-28T20:51:18.240+0000] {dagbag.py:545} INFO - Filling up the DagBag from /opt/airflow/dags/first_dag.py
[2024-05-28T20:51:18.268+0000] {processor.py:840} INFO - DAG(s) 'example_dag_1' retrieved from /opt/airflow/dags/first_dag.py
[2024-05-28T20:51:18.444+0000] {logging_mixin.py:188} INFO - [2024-05-28T20:51:18.444+0000] {dag.py:3096} INFO - Sync 1 DAGs
[2024-05-28T20:51:18.470+0000] {logging_mixin.py:188} INFO - [2024-05-28T20:51:18.469+0000] {dag.py:3954} INFO - Setting next_dagrun for example_dag_1 to 2024-05-28 00:00:00+00:00, run_after=2024-05-29 00:00:00+00:00
[2024-05-28T20:51:18.494+0000] {processor.py:183} INFO - Processing /opt/airflow/dags/first_dag.py took 0.265 seconds
[2024-05-28T20:51:57.871+0000] {processor.py:161} INFO - Started process (PID=40001) to work on /opt/airflow/dags/first_dag.py
[2024-05-28T20:51:57.874+0000] {processor.py:830} INFO - Processing file /opt/airflow/dags/first_dag.py for tasks to queue
[2024-05-28T20:51:57.877+0000] {logging_mixin.py:188} INFO - [2024-05-28T20:51:57.877+0000] {dagbag.py:545} INFO - Filling up the DagBag from /opt/airflow/dags/first_dag.py
[2024-05-28T20:51:57.924+0000] {processor.py:840} INFO - DAG(s) 'example_dag_1' retrieved from /opt/airflow/dags/first_dag.py
[2024-05-28T20:51:58.009+0000] {logging_mixin.py:188} INFO - [2024-05-28T20:51:58.009+0000] {dag.py:3096} INFO - Sync 1 DAGs
[2024-05-28T20:51:58.096+0000] {logging_mixin.py:188} INFO - [2024-05-28T20:51:58.093+0000] {dag.py:3954} INFO - Setting next_dagrun for example_dag_1 to 2024-05-28 00:00:00+00:00, run_after=2024-05-29 00:00:00+00:00
[2024-05-28T20:51:58.171+0000] {processor.py:183} INFO - Processing /opt/airflow/dags/first_dag.py took 0.331 seconds
[2024-05-28T20:53:45.759+0000] {processor.py:161} INFO - Started process (PID=40033) to work on /opt/airflow/dags/first_dag.py
[2024-05-28T20:53:45.800+0000] {processor.py:830} INFO - Processing file /opt/airflow/dags/first_dag.py for tasks to queue
[2024-05-28T20:53:45.868+0000] {logging_mixin.py:188} INFO - [2024-05-28T20:53:45.818+0000] {dagbag.py:545} INFO - Filling up the DagBag from /opt/airflow/dags/first_dag.py
[2024-05-28T20:53:46.214+0000] {processor.py:840} INFO - DAG(s) 'example_dag_1' retrieved from /opt/airflow/dags/first_dag.py
[2024-05-28T20:53:47.366+0000] {logging_mixin.py:188} INFO - [2024-05-28T20:53:47.356+0000] {dag.py:3096} INFO - Sync 1 DAGs
[2024-05-28T20:53:47.440+0000] {logging_mixin.py:188} INFO - [2024-05-28T20:53:47.439+0000] {dag.py:3954} INFO - Setting next_dagrun for example_dag_1 to 2024-05-28 00:00:00+00:00, run_after=2024-05-29 00:00:00+00:00
[2024-05-28T20:53:47.545+0000] {processor.py:183} INFO - Processing /opt/airflow/dags/first_dag.py took 29.128 seconds
[2024-05-28T20:57:15.809+0000] {processor.py:161} INFO - Started process (PID=40083) to work on /opt/airflow/dags/first_dag.py
[2024-05-28T20:57:15.813+0000] {processor.py:830} INFO - Processing file /opt/airflow/dags/first_dag.py for tasks to queue
[2024-05-28T20:57:15.816+0000] {logging_mixin.py:188} INFO - [2024-05-28T20:57:15.816+0000] {dagbag.py:545} INFO - Filling up the DagBag from /opt/airflow/dags/first_dag.py
[2024-05-28T20:57:15.855+0000] {processor.py:840} INFO - DAG(s) 'example_dag_1' retrieved from /opt/airflow/dags/first_dag.py
[2024-05-28T20:57:15.953+0000] {logging_mixin.py:188} INFO - [2024-05-28T20:57:15.953+0000] {dag.py:3096} INFO - Sync 1 DAGs
[2024-05-28T20:57:16.037+0000] {logging_mixin.py:188} INFO - [2024-05-28T20:57:16.035+0000] {dag.py:3954} INFO - Setting next_dagrun for example_dag_1 to 2024-05-28 00:00:00+00:00, run_after=2024-05-29 00:00:00+00:00
[2024-05-28T20:57:16.080+0000] {processor.py:183} INFO - Processing /opt/airflow/dags/first_dag.py took 0.295 seconds
[2024-05-28T20:58:16.129+0000] {processor.py:161} INFO - Started process (PID=40113) to work on /opt/airflow/dags/first_dag.py
[2024-05-28T20:58:16.160+0000] {processor.py:830} INFO - Processing file /opt/airflow/dags/first_dag.py for tasks to queue
[2024-05-28T20:58:16.193+0000] {logging_mixin.py:188} INFO - [2024-05-28T20:58:16.171+0000] {dagbag.py:545} INFO - Filling up the DagBag from /opt/airflow/dags/first_dag.py
[2024-05-28T20:58:16.504+0000] {processor.py:840} INFO - DAG(s) 'example_dag_1' retrieved from /opt/airflow/dags/first_dag.py
[2024-05-28T20:58:16.670+0000] {logging_mixin.py:188} INFO - [2024-05-28T20:58:16.670+0000] {dag.py:3096} INFO - Sync 1 DAGs
[2024-05-28T20:58:16.778+0000] {logging_mixin.py:188} INFO - [2024-05-28T20:58:16.778+0000] {dag.py:3954} INFO - Setting next_dagrun for example_dag_1 to 2024-05-28 00:00:00+00:00, run_after=2024-05-29 00:00:00+00:00
[2024-05-28T20:58:16.872+0000] {processor.py:183} INFO - Processing /opt/airflow/dags/first_dag.py took 26.414 seconds
[2024-05-28T20:58:47.280+0000] {processor.py:161} INFO - Started process (PID=40178) to work on /opt/airflow/dags/first_dag.py
[2024-05-28T20:58:47.283+0000] {processor.py:830} INFO - Processing file /opt/airflow/dags/first_dag.py for tasks to queue
[2024-05-28T20:58:47.284+0000] {logging_mixin.py:188} INFO - [2024-05-28T20:58:47.284+0000] {dagbag.py:545} INFO - Filling up the DagBag from /opt/airflow/dags/first_dag.py
[2024-05-28T20:58:47.301+0000] {processor.py:840} INFO - DAG(s) 'example_dag_1' retrieved from /opt/airflow/dags/first_dag.py
[2024-05-28T20:58:47.326+0000] {logging_mixin.py:188} INFO - [2024-05-28T20:58:47.326+0000] {dag.py:3096} INFO - Sync 1 DAGs
[2024-05-28T20:58:47.354+0000] {logging_mixin.py:188} INFO - [2024-05-28T20:58:47.353+0000] {dag.py:3954} INFO - Setting next_dagrun for example_dag_1 to 2024-05-28 00:00:00+00:00, run_after=2024-05-29 00:00:00+00:00
[2024-05-28T20:58:47.374+0000] {processor.py:183} INFO - Processing /opt/airflow/dags/first_dag.py took 0.101 seconds
[2024-05-28T20:59:18.232+0000] {processor.py:161} INFO - Started process (PID=40238) to work on /opt/airflow/dags/first_dag.py
[2024-05-28T20:59:18.235+0000] {processor.py:830} INFO - Processing file /opt/airflow/dags/first_dag.py for tasks to queue
[2024-05-28T20:59:18.237+0000] {logging_mixin.py:188} INFO - [2024-05-28T20:59:18.237+0000] {dagbag.py:545} INFO - Filling up the DagBag from /opt/airflow/dags/first_dag.py
[2024-05-28T20:59:18.272+0000] {processor.py:840} INFO - DAG(s) 'example_dag_1' retrieved from /opt/airflow/dags/first_dag.py
[2024-05-28T20:59:18.323+0000] {logging_mixin.py:188} INFO - [2024-05-28T20:59:18.323+0000] {dag.py:3096} INFO - Sync 1 DAGs
[2024-05-28T20:59:18.398+0000] {logging_mixin.py:188} INFO - [2024-05-28T20:59:18.397+0000] {dag.py:3954} INFO - Setting next_dagrun for example_dag_1 to 2024-05-28 00:00:00+00:00, run_after=2024-05-29 00:00:00+00:00
[2024-05-28T20:59:18.456+0000] {processor.py:183} INFO - Processing /opt/airflow/dags/first_dag.py took 0.234 seconds
[2024-05-28T21:03:03.478+0000] {processor.py:161} INFO - Started process (PID=40295) to work on /opt/airflow/dags/first_dag.py
[2024-05-28T21:03:03.481+0000] {processor.py:830} INFO - Processing file /opt/airflow/dags/first_dag.py for tasks to queue
[2024-05-28T21:03:03.484+0000] {logging_mixin.py:188} INFO - [2024-05-28T21:03:03.484+0000] {dagbag.py:545} INFO - Filling up the DagBag from /opt/airflow/dags/first_dag.py
[2024-05-28T21:03:03.542+0000] {processor.py:840} INFO - DAG(s) 'example_dag_1' retrieved from /opt/airflow/dags/first_dag.py
[2024-05-28T21:03:03.728+0000] {logging_mixin.py:188} INFO - [2024-05-28T21:03:03.723+0000] {taskinstance.py:2907} ERROR - {'DAG Id': 'example_dag_1', 'Task Id': 'some_taskgroup.python_task', 'Run Id': 'manual__2024-05-28T20:51:41.175049+00:00', 'Hostname': '6ecac41592ab', 'External Executor Id': '6ab55bfc-3bb1-4ff4-b7c3-cfb61bccc6b3'}
[2024-05-28T21:03:03.862+0000] {logging_mixin.py:188} INFO - [2024-05-28T21:03:03.856+0000] {taskinstance.py:1206} INFO - Marking task as UP_FOR_RETRY. dag_id=example_dag_1, task_id=some_taskgroup.python_task, run_id=manual__2024-05-28T20:51:41.175049+00:00, execution_date=20240528T205141, start_date=20240528T205928, end_date=20240528T210303
[2024-05-28T21:03:03.895+0000] {processor.py:791} INFO - Executed failure callback for <TaskInstance: example_dag_1.some_taskgroup.python_task manual__2024-05-28T20:51:41.175049+00:00 [up_for_retry]> in state up_for_retry
[2024-05-28T21:03:03.947+0000] {logging_mixin.py:188} INFO - [2024-05-28T21:03:03.947+0000] {dag.py:3096} INFO - Sync 1 DAGs
[2024-05-28T21:03:04.032+0000] {logging_mixin.py:188} INFO - [2024-05-28T21:03:04.031+0000] {dag.py:3954} INFO - Setting next_dagrun for example_dag_1 to 2024-05-28 00:00:00+00:00, run_after=2024-05-29 00:00:00+00:00
[2024-05-28T21:03:04.145+0000] {processor.py:183} INFO - Processing /opt/airflow/dags/first_dag.py took 0.713 seconds
[2024-05-28T21:03:34.237+0000] {processor.py:161} INFO - Started process (PID=40355) to work on /opt/airflow/dags/first_dag.py
[2024-05-28T21:03:34.242+0000] {processor.py:830} INFO - Processing file /opt/airflow/dags/first_dag.py for tasks to queue
[2024-05-28T21:03:34.247+0000] {logging_mixin.py:188} INFO - [2024-05-28T21:03:34.246+0000] {dagbag.py:545} INFO - Filling up the DagBag from /opt/airflow/dags/first_dag.py
[2024-05-28T21:03:34.272+0000] {processor.py:840} INFO - DAG(s) 'example_dag_1' retrieved from /opt/airflow/dags/first_dag.py
[2024-05-28T21:03:34.312+0000] {logging_mixin.py:188} INFO - [2024-05-28T21:03:34.311+0000] {dag.py:3096} INFO - Sync 1 DAGs
[2024-05-28T21:03:34.337+0000] {logging_mixin.py:188} INFO - [2024-05-28T21:03:34.337+0000] {dag.py:3954} INFO - Setting next_dagrun for example_dag_1 to 2024-05-28 00:00:00+00:00, run_after=2024-05-29 00:00:00+00:00
[2024-05-28T21:03:34.354+0000] {processor.py:183} INFO - Processing /opt/airflow/dags/first_dag.py took 0.130 seconds
[2024-05-28T21:04:04.825+0000] {processor.py:161} INFO - Started process (PID=40413) to work on /opt/airflow/dags/first_dag.py
[2024-05-28T21:04:04.826+0000] {processor.py:830} INFO - Processing file /opt/airflow/dags/first_dag.py for tasks to queue
[2024-05-28T21:04:04.827+0000] {logging_mixin.py:188} INFO - [2024-05-28T21:04:04.827+0000] {dagbag.py:545} INFO - Filling up the DagBag from /opt/airflow/dags/first_dag.py
[2024-05-28T21:04:04.850+0000] {processor.py:840} INFO - DAG(s) 'example_dag_1' retrieved from /opt/airflow/dags/first_dag.py
[2024-05-28T21:04:04.892+0000] {logging_mixin.py:188} INFO - [2024-05-28T21:04:04.891+0000] {dag.py:3096} INFO - Sync 1 DAGs
[2024-05-28T21:04:04.945+0000] {logging_mixin.py:188} INFO - [2024-05-28T21:04:04.944+0000] {dag.py:3954} INFO - Setting next_dagrun for example_dag_1 to 2024-05-28 00:00:00+00:00, run_after=2024-05-29 00:00:00+00:00
[2024-05-28T21:04:04.974+0000] {processor.py:183} INFO - Processing /opt/airflow/dags/first_dag.py took 0.156 seconds
[2024-05-28T21:05:41.372+0000] {processor.py:161} INFO - Started process (PID=24) to work on /opt/airflow/dags/first_dag.py
[2024-05-28T21:05:41.383+0000] {processor.py:830} INFO - Processing file /opt/airflow/dags/first_dag.py for tasks to queue
[2024-05-28T21:05:41.388+0000] {logging_mixin.py:188} INFO - [2024-05-28T21:05:41.388+0000] {dagbag.py:545} INFO - Filling up the DagBag from /opt/airflow/dags/first_dag.py
[2024-05-28T21:05:41.439+0000] {processor.py:840} INFO - DAG(s) 'example_dag_1' retrieved from /opt/airflow/dags/first_dag.py
[2024-05-28T21:05:41.917+0000] {logging_mixin.py:188} INFO - [2024-05-28T21:05:41.917+0000] {dag.py:3096} INFO - Sync 1 DAGs
[2024-05-28T21:05:41.997+0000] {logging_mixin.py:188} INFO - [2024-05-28T21:05:41.997+0000] {dag.py:3954} INFO - Setting next_dagrun for example_dag_1 to 2024-05-28 00:00:00+00:00, run_after=2024-05-29 00:00:00+00:00
[2024-05-28T21:05:42.110+0000] {processor.py:183} INFO - Processing /opt/airflow/dags/first_dag.py took 0.829 seconds
[2024-05-28T21:06:12.254+0000] {processor.py:161} INFO - Started process (PID=85) to work on /opt/airflow/dags/first_dag.py
[2024-05-28T21:06:12.255+0000] {processor.py:830} INFO - Processing file /opt/airflow/dags/first_dag.py for tasks to queue
[2024-05-28T21:06:12.258+0000] {logging_mixin.py:188} INFO - [2024-05-28T21:06:12.257+0000] {dagbag.py:545} INFO - Filling up the DagBag from /opt/airflow/dags/first_dag.py
[2024-05-28T21:06:12.270+0000] {processor.py:840} INFO - DAG(s) 'example_dag_1' retrieved from /opt/airflow/dags/first_dag.py
[2024-05-28T21:06:12.294+0000] {logging_mixin.py:188} INFO - [2024-05-28T21:06:12.293+0000] {dag.py:3096} INFO - Sync 1 DAGs
[2024-05-28T21:06:12.320+0000] {logging_mixin.py:188} INFO - [2024-05-28T21:06:12.319+0000] {dag.py:3954} INFO - Setting next_dagrun for example_dag_1 to 2024-05-28 00:00:00+00:00, run_after=2024-05-29 00:00:00+00:00
[2024-05-28T21:06:12.340+0000] {processor.py:183} INFO - Processing /opt/airflow/dags/first_dag.py took 0.093 seconds
[2024-05-28T21:06:42.506+0000] {processor.py:161} INFO - Started process (PID=144) to work on /opt/airflow/dags/first_dag.py
[2024-05-28T21:06:42.508+0000] {processor.py:830} INFO - Processing file /opt/airflow/dags/first_dag.py for tasks to queue
[2024-05-28T21:06:42.510+0000] {logging_mixin.py:188} INFO - [2024-05-28T21:06:42.510+0000] {dagbag.py:545} INFO - Filling up the DagBag from /opt/airflow/dags/first_dag.py
[2024-05-28T21:06:42.524+0000] {processor.py:840} INFO - DAG(s) 'example_dag_1' retrieved from /opt/airflow/dags/first_dag.py
[2024-05-28T21:06:42.554+0000] {logging_mixin.py:188} INFO - [2024-05-28T21:06:42.553+0000] {dag.py:3096} INFO - Sync 1 DAGs
[2024-05-28T21:06:42.583+0000] {logging_mixin.py:188} INFO - [2024-05-28T21:06:42.583+0000] {dag.py:3954} INFO - Setting next_dagrun for example_dag_1 to 2024-05-28 00:00:00+00:00, run_after=2024-05-29 00:00:00+00:00
[2024-05-28T21:06:42.603+0000] {processor.py:183} INFO - Processing /opt/airflow/dags/first_dag.py took 0.105 seconds
[2024-05-28T21:07:13.442+0000] {processor.py:161} INFO - Started process (PID=209) to work on /opt/airflow/dags/first_dag.py
[2024-05-28T21:07:13.444+0000] {processor.py:830} INFO - Processing file /opt/airflow/dags/first_dag.py for tasks to queue
[2024-05-28T21:07:13.448+0000] {logging_mixin.py:188} INFO - [2024-05-28T21:07:13.448+0000] {dagbag.py:545} INFO - Filling up the DagBag from /opt/airflow/dags/first_dag.py
[2024-05-28T21:07:13.463+0000] {processor.py:840} INFO - DAG(s) 'example_dag_1' retrieved from /opt/airflow/dags/first_dag.py
[2024-05-28T21:07:13.487+0000] {logging_mixin.py:188} INFO - [2024-05-28T21:07:13.487+0000] {dag.py:3096} INFO - Sync 1 DAGs
[2024-05-28T21:07:13.515+0000] {logging_mixin.py:188} INFO - [2024-05-28T21:07:13.514+0000] {dag.py:3954} INFO - Setting next_dagrun for example_dag_1 to 2024-05-28 00:00:00+00:00, run_after=2024-05-29 00:00:00+00:00
[2024-05-28T21:07:13.537+0000] {processor.py:183} INFO - Processing /opt/airflow/dags/first_dag.py took 0.101 seconds
[2024-05-28T21:07:43.739+0000] {processor.py:161} INFO - Started process (PID=269) to work on /opt/airflow/dags/first_dag.py
[2024-05-28T21:07:43.742+0000] {processor.py:830} INFO - Processing file /opt/airflow/dags/first_dag.py for tasks to queue
[2024-05-28T21:07:43.744+0000] {logging_mixin.py:188} INFO - [2024-05-28T21:07:43.744+0000] {dagbag.py:545} INFO - Filling up the DagBag from /opt/airflow/dags/first_dag.py
[2024-05-28T21:07:43.758+0000] {processor.py:840} INFO - DAG(s) 'example_dag_1' retrieved from /opt/airflow/dags/first_dag.py
[2024-05-28T21:07:43.787+0000] {logging_mixin.py:188} INFO - [2024-05-28T21:07:43.787+0000] {dag.py:3096} INFO - Sync 1 DAGs
[2024-05-28T21:07:43.817+0000] {logging_mixin.py:188} INFO - [2024-05-28T21:07:43.817+0000] {dag.py:3954} INFO - Setting next_dagrun for example_dag_1 to 2024-05-28 00:00:00+00:00, run_after=2024-05-29 00:00:00+00:00
[2024-05-28T21:07:43.838+0000] {processor.py:183} INFO - Processing /opt/airflow/dags/first_dag.py took 0.107 seconds
[2024-05-28T21:08:14.197+0000] {processor.py:161} INFO - Started process (PID=329) to work on /opt/airflow/dags/first_dag.py
[2024-05-28T21:08:14.198+0000] {processor.py:830} INFO - Processing file /opt/airflow/dags/first_dag.py for tasks to queue
[2024-05-28T21:08:14.201+0000] {logging_mixin.py:188} INFO - [2024-05-28T21:08:14.201+0000] {dagbag.py:545} INFO - Filling up the DagBag from /opt/airflow/dags/first_dag.py
[2024-05-28T21:08:14.214+0000] {processor.py:840} INFO - DAG(s) 'example_dag_1' retrieved from /opt/airflow/dags/first_dag.py
[2024-05-28T21:08:14.239+0000] {logging_mixin.py:188} INFO - [2024-05-28T21:08:14.239+0000] {dag.py:3096} INFO - Sync 1 DAGs
[2024-05-28T21:08:14.268+0000] {logging_mixin.py:188} INFO - [2024-05-28T21:08:14.267+0000] {dag.py:3954} INFO - Setting next_dagrun for example_dag_1 to 2024-05-28 00:00:00+00:00, run_after=2024-05-29 00:00:00+00:00
[2024-05-28T21:08:14.289+0000] {processor.py:183} INFO - Processing /opt/airflow/dags/first_dag.py took 0.100 seconds
[2024-05-28T21:08:44.868+0000] {processor.py:161} INFO - Started process (PID=389) to work on /opt/airflow/dags/first_dag.py
[2024-05-28T21:08:44.869+0000] {processor.py:830} INFO - Processing file /opt/airflow/dags/first_dag.py for tasks to queue
[2024-05-28T21:08:44.872+0000] {logging_mixin.py:188} INFO - [2024-05-28T21:08:44.871+0000] {dagbag.py:545} INFO - Filling up the DagBag from /opt/airflow/dags/first_dag.py
[2024-05-28T21:08:44.888+0000] {processor.py:840} INFO - DAG(s) 'example_dag_1' retrieved from /opt/airflow/dags/first_dag.py
[2024-05-28T21:08:44.918+0000] {logging_mixin.py:188} INFO - [2024-05-28T21:08:44.917+0000] {dag.py:3096} INFO - Sync 1 DAGs
[2024-05-28T21:08:44.972+0000] {logging_mixin.py:188} INFO - [2024-05-28T21:08:44.972+0000] {dag.py:3954} INFO - Setting next_dagrun for example_dag_1 to 2024-05-28 00:00:00+00:00, run_after=2024-05-29 00:00:00+00:00
[2024-05-28T21:08:44.996+0000] {processor.py:183} INFO - Processing /opt/airflow/dags/first_dag.py took 0.137 seconds
[2024-05-28T21:09:15.257+0000] {processor.py:161} INFO - Started process (PID=449) to work on /opt/airflow/dags/first_dag.py
[2024-05-28T21:09:15.262+0000] {processor.py:830} INFO - Processing file /opt/airflow/dags/first_dag.py for tasks to queue
[2024-05-28T21:09:15.266+0000] {logging_mixin.py:188} INFO - [2024-05-28T21:09:15.266+0000] {dagbag.py:545} INFO - Filling up the DagBag from /opt/airflow/dags/first_dag.py
[2024-05-28T21:09:15.302+0000] {processor.py:840} INFO - DAG(s) 'example_dag_1' retrieved from /opt/airflow/dags/first_dag.py
[2024-05-28T21:09:15.388+0000] {logging_mixin.py:188} INFO - [2024-05-28T21:09:15.388+0000] {dag.py:3096} INFO - Sync 1 DAGs
[2024-05-28T21:09:15.534+0000] {logging_mixin.py:188} INFO - [2024-05-28T21:09:15.534+0000] {dag.py:3954} INFO - Setting next_dagrun for example_dag_1 to 2024-05-28 00:00:00+00:00, run_after=2024-05-29 00:00:00+00:00
[2024-05-28T21:09:15.646+0000] {processor.py:183} INFO - Processing /opt/airflow/dags/first_dag.py took 0.412 seconds
[2024-05-28T21:09:17.763+0000] {processor.py:161} INFO - Started process (PID=452) to work on /opt/airflow/dags/first_dag.py
[2024-05-28T21:09:17.764+0000] {processor.py:830} INFO - Processing file /opt/airflow/dags/first_dag.py for tasks to queue
[2024-05-28T21:09:17.767+0000] {logging_mixin.py:188} INFO - [2024-05-28T21:09:17.766+0000] {dagbag.py:545} INFO - Filling up the DagBag from /opt/airflow/dags/first_dag.py
[2024-05-28T21:09:17.786+0000] {processor.py:840} INFO - DAG(s) 'example_dag_1' retrieved from /opt/airflow/dags/first_dag.py
[2024-05-28T21:09:17.812+0000] {logging_mixin.py:188} INFO - [2024-05-28T21:09:17.812+0000] {dag.py:3096} INFO - Sync 1 DAGs
[2024-05-28T21:09:17.843+0000] {logging_mixin.py:188} INFO - [2024-05-28T21:09:17.843+0000] {dag.py:3954} INFO - Setting next_dagrun for example_dag_1 to 2024-05-28 00:00:00+00:00, run_after=2024-05-29 00:00:00+00:00
[2024-05-28T21:09:17.871+0000] {processor.py:183} INFO - Processing /opt/airflow/dags/first_dag.py took 0.116 seconds
[2024-05-28T21:09:48.135+0000] {processor.py:161} INFO - Started process (PID=512) to work on /opt/airflow/dags/first_dag.py
[2024-05-28T21:09:48.143+0000] {processor.py:830} INFO - Processing file /opt/airflow/dags/first_dag.py for tasks to queue
[2024-05-28T21:09:48.151+0000] {logging_mixin.py:188} INFO - [2024-05-28T21:09:48.150+0000] {dagbag.py:545} INFO - Filling up the DagBag from /opt/airflow/dags/first_dag.py
[2024-05-28T21:09:48.187+0000] {processor.py:840} INFO - DAG(s) 'example_dag_1' retrieved from /opt/airflow/dags/first_dag.py
[2024-05-28T21:09:48.259+0000] {logging_mixin.py:188} INFO - [2024-05-28T21:09:48.256+0000] {dag.py:3096} INFO - Sync 1 DAGs
[2024-05-28T21:09:48.357+0000] {logging_mixin.py:188} INFO - [2024-05-28T21:09:48.356+0000] {dag.py:3954} INFO - Setting next_dagrun for example_dag_1 to 2024-05-28 00:00:00+00:00, run_after=2024-05-29 00:00:00+00:00
[2024-05-28T21:09:48.416+0000] {processor.py:183} INFO - Processing /opt/airflow/dags/first_dag.py took 0.298 seconds
[2024-05-28T21:10:19.414+0000] {processor.py:161} INFO - Started process (PID=572) to work on /opt/airflow/dags/first_dag.py
[2024-05-28T21:10:19.415+0000] {processor.py:830} INFO - Processing file /opt/airflow/dags/first_dag.py for tasks to queue
[2024-05-28T21:10:19.418+0000] {logging_mixin.py:188} INFO - [2024-05-28T21:10:19.418+0000] {dagbag.py:545} INFO - Filling up the DagBag from /opt/airflow/dags/first_dag.py
[2024-05-28T21:10:19.433+0000] {processor.py:840} INFO - DAG(s) 'example_dag_1' retrieved from /opt/airflow/dags/first_dag.py
[2024-05-28T21:10:19.460+0000] {logging_mixin.py:188} INFO - [2024-05-28T21:10:19.459+0000] {dag.py:3096} INFO - Sync 1 DAGs
[2024-05-28T21:10:19.494+0000] {logging_mixin.py:188} INFO - [2024-05-28T21:10:19.494+0000] {dag.py:3954} INFO - Setting next_dagrun for example_dag_1 to 2024-05-28 00:00:00+00:00, run_after=2024-05-29 00:00:00+00:00
[2024-05-28T21:10:19.520+0000] {processor.py:183} INFO - Processing /opt/airflow/dags/first_dag.py took 0.114 seconds
[2024-05-28T21:10:49.901+0000] {processor.py:161} INFO - Started process (PID=632) to work on /opt/airflow/dags/first_dag.py
[2024-05-28T21:10:49.903+0000] {processor.py:830} INFO - Processing file /opt/airflow/dags/first_dag.py for tasks to queue
[2024-05-28T21:10:49.906+0000] {logging_mixin.py:188} INFO - [2024-05-28T21:10:49.906+0000] {dagbag.py:545} INFO - Filling up the DagBag from /opt/airflow/dags/first_dag.py
[2024-05-28T21:10:49.923+0000] {processor.py:840} INFO - DAG(s) 'example_dag_1' retrieved from /opt/airflow/dags/first_dag.py
[2024-05-28T21:10:49.947+0000] {logging_mixin.py:188} INFO - [2024-05-28T21:10:49.947+0000] {dag.py:3096} INFO - Sync 1 DAGs
[2024-05-28T21:10:49.975+0000] {logging_mixin.py:188} INFO - [2024-05-28T21:10:49.975+0000] {dag.py:3954} INFO - Setting next_dagrun for example_dag_1 to 2024-05-28 00:00:00+00:00, run_after=2024-05-29 00:00:00+00:00
[2024-05-28T21:10:49.995+0000] {processor.py:183} INFO - Processing /opt/airflow/dags/first_dag.py took 0.103 seconds
[2024-05-28T21:11:20.285+0000] {processor.py:161} INFO - Started process (PID=692) to work on /opt/airflow/dags/first_dag.py
[2024-05-28T21:11:20.286+0000] {processor.py:830} INFO - Processing file /opt/airflow/dags/first_dag.py for tasks to queue
[2024-05-28T21:11:20.289+0000] {logging_mixin.py:188} INFO - [2024-05-28T21:11:20.288+0000] {dagbag.py:545} INFO - Filling up the DagBag from /opt/airflow/dags/first_dag.py
[2024-05-28T21:11:20.303+0000] {processor.py:840} INFO - DAG(s) 'example_dag_1' retrieved from /opt/airflow/dags/first_dag.py
[2024-05-28T21:11:20.330+0000] {logging_mixin.py:188} INFO - [2024-05-28T21:11:20.330+0000] {dag.py:3096} INFO - Sync 1 DAGs
[2024-05-28T21:11:20.360+0000] {logging_mixin.py:188} INFO - [2024-05-28T21:11:20.360+0000] {dag.py:3954} INFO - Setting next_dagrun for example_dag_1 to 2024-05-28 00:00:00+00:00, run_after=2024-05-29 00:00:00+00:00
[2024-05-28T21:11:20.379+0000] {processor.py:183} INFO - Processing /opt/airflow/dags/first_dag.py took 0.103 seconds
[2024-05-28T21:11:50.711+0000] {processor.py:161} INFO - Started process (PID=751) to work on /opt/airflow/dags/first_dag.py
[2024-05-28T21:11:50.712+0000] {processor.py:830} INFO - Processing file /opt/airflow/dags/first_dag.py for tasks to queue
[2024-05-28T21:11:50.718+0000] {logging_mixin.py:188} INFO - [2024-05-28T21:11:50.717+0000] {dagbag.py:545} INFO - Filling up the DagBag from /opt/airflow/dags/first_dag.py
[2024-05-28T21:11:50.738+0000] {processor.py:840} INFO - DAG(s) 'example_dag_1' retrieved from /opt/airflow/dags/first_dag.py
[2024-05-28T21:11:50.808+0000] {logging_mixin.py:188} INFO - [2024-05-28T21:11:50.808+0000] {dag.py:3096} INFO - Sync 1 DAGs
[2024-05-28T21:11:50.843+0000] {logging_mixin.py:188} INFO - [2024-05-28T21:11:50.843+0000] {dag.py:3954} INFO - Setting next_dagrun for example_dag_1 to 2024-05-28 00:00:00+00:00, run_after=2024-05-29 00:00:00+00:00
[2024-05-28T21:11:50.863+0000] {processor.py:183} INFO - Processing /opt/airflow/dags/first_dag.py took 0.160 seconds
[2024-05-28T21:12:21.865+0000] {processor.py:161} INFO - Started process (PID=811) to work on /opt/airflow/dags/first_dag.py
[2024-05-28T21:12:21.866+0000] {processor.py:830} INFO - Processing file /opt/airflow/dags/first_dag.py for tasks to queue
[2024-05-28T21:12:21.869+0000] {logging_mixin.py:188} INFO - [2024-05-28T21:12:21.869+0000] {dagbag.py:545} INFO - Filling up the DagBag from /opt/airflow/dags/first_dag.py
[2024-05-28T21:12:21.883+0000] {processor.py:840} INFO - DAG(s) 'example_dag_1' retrieved from /opt/airflow/dags/first_dag.py
[2024-05-28T21:12:21.909+0000] {logging_mixin.py:188} INFO - [2024-05-28T21:12:21.908+0000] {dag.py:3096} INFO - Sync 1 DAGs
[2024-05-28T21:12:21.953+0000] {logging_mixin.py:188} INFO - [2024-05-28T21:12:21.953+0000] {dag.py:3954} INFO - Setting next_dagrun for example_dag_1 to 2024-05-28 00:00:00+00:00, run_after=2024-05-29 00:00:00+00:00
[2024-05-28T21:12:21.978+0000] {processor.py:183} INFO - Processing /opt/airflow/dags/first_dag.py took 0.121 seconds
[2024-05-28T21:12:52.195+0000] {processor.py:161} INFO - Started process (PID=871) to work on /opt/airflow/dags/first_dag.py
[2024-05-28T21:12:52.196+0000] {processor.py:830} INFO - Processing file /opt/airflow/dags/first_dag.py for tasks to queue
[2024-05-28T21:12:52.199+0000] {logging_mixin.py:188} INFO - [2024-05-28T21:12:52.199+0000] {dagbag.py:545} INFO - Filling up the DagBag from /opt/airflow/dags/first_dag.py
[2024-05-28T21:12:52.213+0000] {processor.py:840} INFO - DAG(s) 'example_dag_1' retrieved from /opt/airflow/dags/first_dag.py
[2024-05-28T21:12:52.241+0000] {logging_mixin.py:188} INFO - [2024-05-28T21:12:52.240+0000] {dag.py:3096} INFO - Sync 1 DAGs
[2024-05-28T21:12:52.278+0000] {logging_mixin.py:188} INFO - [2024-05-28T21:12:52.278+0000] {dag.py:3954} INFO - Setting next_dagrun for example_dag_1 to 2024-05-28 00:00:00+00:00, run_after=2024-05-29 00:00:00+00:00
[2024-05-28T21:12:52.302+0000] {processor.py:183} INFO - Processing /opt/airflow/dags/first_dag.py took 0.115 seconds
[2024-05-28T21:13:22.935+0000] {processor.py:161} INFO - Started process (PID=931) to work on /opt/airflow/dags/first_dag.py
[2024-05-28T21:13:22.936+0000] {processor.py:830} INFO - Processing file /opt/airflow/dags/first_dag.py for tasks to queue
[2024-05-28T21:13:22.939+0000] {logging_mixin.py:188} INFO - [2024-05-28T21:13:22.938+0000] {dagbag.py:545} INFO - Filling up the DagBag from /opt/airflow/dags/first_dag.py
[2024-05-28T21:13:22.952+0000] {processor.py:840} INFO - DAG(s) 'example_dag_1' retrieved from /opt/airflow/dags/first_dag.py
[2024-05-28T21:13:22.979+0000] {logging_mixin.py:188} INFO - [2024-05-28T21:13:22.979+0000] {dag.py:3096} INFO - Sync 1 DAGs
[2024-05-28T21:13:23.012+0000] {logging_mixin.py:188} INFO - [2024-05-28T21:13:23.012+0000] {dag.py:3954} INFO - Setting next_dagrun for example_dag_1 to 2024-05-28 00:00:00+00:00, run_after=2024-05-29 00:00:00+00:00
[2024-05-28T21:13:23.062+0000] {processor.py:183} INFO - Processing /opt/airflow/dags/first_dag.py took 0.135 seconds
[2024-05-28T21:13:53.117+0000] {processor.py:161} INFO - Started process (PID=991) to work on /opt/airflow/dags/first_dag.py
[2024-05-28T21:13:53.119+0000] {processor.py:830} INFO - Processing file /opt/airflow/dags/first_dag.py for tasks to queue
[2024-05-28T21:13:53.122+0000] {logging_mixin.py:188} INFO - [2024-05-28T21:13:53.122+0000] {dagbag.py:545} INFO - Filling up the DagBag from /opt/airflow/dags/first_dag.py
[2024-05-28T21:13:53.137+0000] {processor.py:840} INFO - DAG(s) 'example_dag_1' retrieved from /opt/airflow/dags/first_dag.py
[2024-05-28T21:13:53.164+0000] {logging_mixin.py:188} INFO - [2024-05-28T21:13:53.164+0000] {dag.py:3096} INFO - Sync 1 DAGs
[2024-05-28T21:13:53.194+0000] {logging_mixin.py:188} INFO - [2024-05-28T21:13:53.194+0000] {dag.py:3954} INFO - Setting next_dagrun for example_dag_1 to 2024-05-28 00:00:00+00:00, run_after=2024-05-29 00:00:00+00:00
[2024-05-28T21:13:53.218+0000] {processor.py:183} INFO - Processing /opt/airflow/dags/first_dag.py took 0.108 seconds
[2024-05-28T21:14:23.559+0000] {processor.py:161} INFO - Started process (PID=1051) to work on /opt/airflow/dags/first_dag.py
[2024-05-28T21:14:23.563+0000] {processor.py:830} INFO - Processing file /opt/airflow/dags/first_dag.py for tasks to queue
[2024-05-28T21:14:23.567+0000] {logging_mixin.py:188} INFO - [2024-05-28T21:14:23.567+0000] {dagbag.py:545} INFO - Filling up the DagBag from /opt/airflow/dags/first_dag.py
[2024-05-28T21:14:23.580+0000] {processor.py:840} INFO - DAG(s) 'example_dag_1' retrieved from /opt/airflow/dags/first_dag.py
[2024-05-28T21:14:23.601+0000] {logging_mixin.py:188} INFO - [2024-05-28T21:14:23.601+0000] {dag.py:3096} INFO - Sync 1 DAGs
[2024-05-28T21:14:23.628+0000] {logging_mixin.py:188} INFO - [2024-05-28T21:14:23.628+0000] {dag.py:3954} INFO - Setting next_dagrun for example_dag_1 to 2024-05-28 00:00:00+00:00, run_after=2024-05-29 00:00:00+00:00
[2024-05-28T21:14:23.645+0000] {processor.py:183} INFO - Processing /opt/airflow/dags/first_dag.py took 0.094 seconds
[2024-05-28T21:14:53.860+0000] {processor.py:161} INFO - Started process (PID=1110) to work on /opt/airflow/dags/first_dag.py
[2024-05-28T21:14:53.863+0000] {processor.py:830} INFO - Processing file /opt/airflow/dags/first_dag.py for tasks to queue
[2024-05-28T21:14:53.867+0000] {logging_mixin.py:188} INFO - [2024-05-28T21:14:53.867+0000] {dagbag.py:545} INFO - Filling up the DagBag from /opt/airflow/dags/first_dag.py
[2024-05-28T21:14:53.889+0000] {processor.py:840} INFO - DAG(s) 'example_dag_1' retrieved from /opt/airflow/dags/first_dag.py
[2024-05-28T21:14:53.912+0000] {logging_mixin.py:188} INFO - [2024-05-28T21:14:53.912+0000] {dag.py:3096} INFO - Sync 1 DAGs
[2024-05-28T21:14:53.941+0000] {logging_mixin.py:188} INFO - [2024-05-28T21:14:53.940+0000] {dag.py:3954} INFO - Setting next_dagrun for example_dag_1 to 2024-05-28 00:00:00+00:00, run_after=2024-05-29 00:00:00+00:00
[2024-05-28T21:14:53.961+0000] {processor.py:183} INFO - Processing /opt/airflow/dags/first_dag.py took 0.118 seconds
[2024-05-28T21:15:24.066+0000] {processor.py:161} INFO - Started process (PID=1170) to work on /opt/airflow/dags/first_dag.py
[2024-05-28T21:15:24.067+0000] {processor.py:830} INFO - Processing file /opt/airflow/dags/first_dag.py for tasks to queue
[2024-05-28T21:15:24.070+0000] {logging_mixin.py:188} INFO - [2024-05-28T21:15:24.070+0000] {dagbag.py:545} INFO - Filling up the DagBag from /opt/airflow/dags/first_dag.py
[2024-05-28T21:15:24.109+0000] {processor.py:840} INFO - DAG(s) 'example_dag_1' retrieved from /opt/airflow/dags/first_dag.py
[2024-05-28T21:15:24.185+0000] {logging_mixin.py:188} INFO - [2024-05-28T21:15:24.185+0000] {dag.py:3096} INFO - Sync 1 DAGs
[2024-05-28T21:15:24.220+0000] {logging_mixin.py:188} INFO - [2024-05-28T21:15:24.220+0000] {dag.py:3954} INFO - Setting next_dagrun for example_dag_1 to 2024-05-28 00:00:00+00:00, run_after=2024-05-29 00:00:00+00:00
[2024-05-28T21:15:24.269+0000] {processor.py:183} INFO - Processing /opt/airflow/dags/first_dag.py took 0.229 seconds
[2024-05-28T21:15:34.106+0000] {processor.py:161} INFO - Started process (PID=1195) to work on /opt/airflow/dags/first_dag.py
[2024-05-28T21:15:34.110+0000] {processor.py:830} INFO - Processing file /opt/airflow/dags/first_dag.py for tasks to queue
[2024-05-28T21:15:34.113+0000] {logging_mixin.py:188} INFO - [2024-05-28T21:15:34.113+0000] {dagbag.py:545} INFO - Filling up the DagBag from /opt/airflow/dags/first_dag.py
[2024-05-28T21:15:34.133+0000] {logging_mixin.py:188} INFO - [2024-05-28T21:15:34.128+0000] {dagbag.py:355} ERROR - Failed to import: /opt/airflow/dags/first_dag.py
Traceback (most recent call last):
  File "/home/airflow/.local/lib/python3.12/site-packages/airflow/models/dagbag.py", line 351, in parse
    loader.exec_module(new_module)
  File "<frozen importlib._bootstrap_external>", line 995, in exec_module
  File "<frozen importlib._bootstrap>", line 488, in _call_with_frames_removed
  File "/opt/airflow/dags/first_dag.py", line 7, in <module>
    from airflow.models.taskinstance import TaskInstance, xcom_push
ImportError: cannot import name 'xcom_push' from 'airflow.models.taskinstance' (/home/airflow/.local/lib/python3.12/site-packages/airflow/models/taskinstance.py)
[2024-05-28T21:15:34.137+0000] {processor.py:842} WARNING - No viable dags retrieved from /opt/airflow/dags/first_dag.py
[2024-05-28T21:15:34.168+0000] {processor.py:183} INFO - Processing /opt/airflow/dags/first_dag.py took 0.070 seconds
[2024-05-28T21:16:04.260+0000] {processor.py:161} INFO - Started process (PID=1255) to work on /opt/airflow/dags/first_dag.py
[2024-05-28T21:16:04.261+0000] {processor.py:830} INFO - Processing file /opt/airflow/dags/first_dag.py for tasks to queue
[2024-05-28T21:16:04.264+0000] {logging_mixin.py:188} INFO - [2024-05-28T21:16:04.263+0000] {dagbag.py:545} INFO - Filling up the DagBag from /opt/airflow/dags/first_dag.py
[2024-05-28T21:16:04.273+0000] {logging_mixin.py:188} INFO - [2024-05-28T21:16:04.269+0000] {dagbag.py:355} ERROR - Failed to import: /opt/airflow/dags/first_dag.py
Traceback (most recent call last):
  File "/home/airflow/.local/lib/python3.12/site-packages/airflow/models/dagbag.py", line 351, in parse
    loader.exec_module(new_module)
  File "<frozen importlib._bootstrap_external>", line 995, in exec_module
  File "<frozen importlib._bootstrap>", line 488, in _call_with_frames_removed
  File "/opt/airflow/dags/first_dag.py", line 7, in <module>
    from airflow.models.taskinstance import TaskInstance, xcom_push
ImportError: cannot import name 'xcom_push' from 'airflow.models.taskinstance' (/home/airflow/.local/lib/python3.12/site-packages/airflow/models/taskinstance.py)
[2024-05-28T21:16:04.276+0000] {processor.py:842} WARNING - No viable dags retrieved from /opt/airflow/dags/first_dag.py
[2024-05-28T21:16:04.299+0000] {processor.py:183} INFO - Processing /opt/airflow/dags/first_dag.py took 0.047 seconds
[2024-05-28T21:16:25.409+0000] {processor.py:161} INFO - Started process (PID=1291) to work on /opt/airflow/dags/first_dag.py
[2024-05-28T21:16:25.410+0000] {processor.py:830} INFO - Processing file /opt/airflow/dags/first_dag.py for tasks to queue
[2024-05-28T21:16:25.412+0000] {logging_mixin.py:188} INFO - [2024-05-28T21:16:25.412+0000] {dagbag.py:545} INFO - Filling up the DagBag from /opt/airflow/dags/first_dag.py
[2024-05-28T21:16:25.430+0000] {processor.py:840} INFO - DAG(s) 'example_dag_1' retrieved from /opt/airflow/dags/first_dag.py
[2024-05-28T21:16:25.553+0000] {logging_mixin.py:188} INFO - [2024-05-28T21:16:25.553+0000] {dag.py:3096} INFO - Sync 1 DAGs
[2024-05-28T21:16:25.736+0000] {logging_mixin.py:188} INFO - [2024-05-28T21:16:25.736+0000] {dag.py:3954} INFO - Setting next_dagrun for example_dag_1 to 2024-05-28 00:00:00+00:00, run_after=2024-05-29 00:00:00+00:00
[2024-05-28T21:16:25.768+0000] {processor.py:183} INFO - Processing /opt/airflow/dags/first_dag.py took 0.366 seconds
[2024-05-28T21:16:32.427+0000] {processor.py:161} INFO - Started process (PID=1308) to work on /opt/airflow/dags/first_dag.py
[2024-05-28T21:16:32.433+0000] {processor.py:830} INFO - Processing file /opt/airflow/dags/first_dag.py for tasks to queue
[2024-05-28T21:16:32.438+0000] {logging_mixin.py:188} INFO - [2024-05-28T21:16:32.437+0000] {dagbag.py:545} INFO - Filling up the DagBag from /opt/airflow/dags/first_dag.py
[2024-05-28T21:16:32.480+0000] {processor.py:840} INFO - DAG(s) 'example_dag_1' retrieved from /opt/airflow/dags/first_dag.py
[2024-05-28T21:16:32.518+0000] {logging_mixin.py:188} INFO - [2024-05-28T21:16:32.517+0000] {dag.py:3096} INFO - Sync 1 DAGs
[2024-05-28T21:16:32.599+0000] {logging_mixin.py:188} INFO - [2024-05-28T21:16:32.597+0000] {dag.py:3954} INFO - Setting next_dagrun for example_dag_1 to 2024-05-28 00:00:00+00:00, run_after=2024-05-29 00:00:00+00:00
[2024-05-28T21:16:32.669+0000] {processor.py:183} INFO - Processing /opt/airflow/dags/first_dag.py took 0.276 seconds
[2024-05-28T21:17:02.971+0000] {processor.py:161} INFO - Started process (PID=1365) to work on /opt/airflow/dags/first_dag.py
[2024-05-28T21:17:02.972+0000] {processor.py:830} INFO - Processing file /opt/airflow/dags/first_dag.py for tasks to queue
[2024-05-28T21:17:02.983+0000] {logging_mixin.py:188} INFO - [2024-05-28T21:17:02.982+0000] {dagbag.py:545} INFO - Filling up the DagBag from /opt/airflow/dags/first_dag.py
[2024-05-28T21:17:03.051+0000] {processor.py:840} INFO - DAG(s) 'example_dag_1' retrieved from /opt/airflow/dags/first_dag.py
[2024-05-28T21:17:03.148+0000] {logging_mixin.py:188} INFO - [2024-05-28T21:17:03.147+0000] {dag.py:3096} INFO - Sync 1 DAGs
[2024-05-28T21:17:03.265+0000] {logging_mixin.py:188} INFO - [2024-05-28T21:17:03.265+0000] {dag.py:3954} INFO - Setting next_dagrun for example_dag_1 to 2024-05-28 00:00:00+00:00, run_after=2024-05-29 00:00:00+00:00
[2024-05-28T21:17:03.358+0000] {processor.py:183} INFO - Processing /opt/airflow/dags/first_dag.py took 0.404 seconds
[2024-05-28T21:17:33.441+0000] {processor.py:161} INFO - Started process (PID=1425) to work on /opt/airflow/dags/first_dag.py
[2024-05-28T21:17:33.443+0000] {processor.py:830} INFO - Processing file /opt/airflow/dags/first_dag.py for tasks to queue
[2024-05-28T21:17:33.445+0000] {logging_mixin.py:188} INFO - [2024-05-28T21:17:33.445+0000] {dagbag.py:545} INFO - Filling up the DagBag from /opt/airflow/dags/first_dag.py
[2024-05-28T21:17:33.459+0000] {processor.py:840} INFO - DAG(s) 'example_dag_1' retrieved from /opt/airflow/dags/first_dag.py
[2024-05-28T21:17:33.485+0000] {logging_mixin.py:188} INFO - [2024-05-28T21:17:33.485+0000] {dag.py:3096} INFO - Sync 1 DAGs
[2024-05-28T21:17:33.662+0000] {logging_mixin.py:188} INFO - [2024-05-28T21:17:33.662+0000] {dag.py:3954} INFO - Setting next_dagrun for example_dag_1 to 2024-05-28 00:00:00+00:00, run_after=2024-05-29 00:00:00+00:00
[2024-05-28T21:17:33.684+0000] {processor.py:183} INFO - Processing /opt/airflow/dags/first_dag.py took 0.251 seconds
[2024-05-28T21:23:20.064+0000] {processor.py:161} INFO - Started process (PID=1468) to work on /opt/airflow/dags/first_dag.py
[2024-05-28T21:23:20.065+0000] {processor.py:830} INFO - Processing file /opt/airflow/dags/first_dag.py for tasks to queue
[2024-05-28T21:23:20.069+0000] {logging_mixin.py:188} INFO - [2024-05-28T21:23:20.068+0000] {dagbag.py:545} INFO - Filling up the DagBag from /opt/airflow/dags/first_dag.py
[2024-05-28T21:23:20.090+0000] {processor.py:840} INFO - DAG(s) 'example_dag_1' retrieved from /opt/airflow/dags/first_dag.py
[2024-05-28T21:23:20.153+0000] {logging_mixin.py:188} INFO - [2024-05-28T21:23:20.152+0000] {dag.py:3096} INFO - Sync 1 DAGs
[2024-05-28T21:23:20.200+0000] {logging_mixin.py:188} INFO - [2024-05-28T21:23:20.200+0000] {dag.py:3954} INFO - Setting next_dagrun for example_dag_1 to 2024-05-28 00:00:00+00:00, run_after=2024-05-29 00:00:00+00:00
[2024-05-28T21:23:20.242+0000] {processor.py:183} INFO - Processing /opt/airflow/dags/first_dag.py took 0.194 seconds
[2024-05-28T21:23:50.920+0000] {processor.py:161} INFO - Started process (PID=1529) to work on /opt/airflow/dags/first_dag.py
[2024-05-28T21:23:50.926+0000] {processor.py:830} INFO - Processing file /opt/airflow/dags/first_dag.py for tasks to queue
[2024-05-28T21:23:50.938+0000] {logging_mixin.py:188} INFO - [2024-05-28T21:23:50.936+0000] {dagbag.py:545} INFO - Filling up the DagBag from /opt/airflow/dags/first_dag.py
[2024-05-28T21:23:50.997+0000] {processor.py:840} INFO - DAG(s) 'example_dag_1' retrieved from /opt/airflow/dags/first_dag.py
[2024-05-28T21:23:51.106+0000] {logging_mixin.py:188} INFO - [2024-05-28T21:23:51.105+0000] {dag.py:3096} INFO - Sync 1 DAGs
[2024-05-28T21:23:51.295+0000] {logging_mixin.py:188} INFO - [2024-05-28T21:23:51.291+0000] {dag.py:3954} INFO - Setting next_dagrun for example_dag_1 to 2024-05-28 00:00:00+00:00, run_after=2024-05-29 00:00:00+00:00
[2024-05-28T21:23:51.386+0000] {processor.py:183} INFO - Processing /opt/airflow/dags/first_dag.py took 0.499 seconds
[2024-05-28T21:24:23.500+0000] {processor.py:161} INFO - Started process (PID=1589) to work on /opt/airflow/dags/first_dag.py
[2024-05-28T21:24:23.507+0000] {processor.py:830} INFO - Processing file /opt/airflow/dags/first_dag.py for tasks to queue
[2024-05-28T21:24:23.516+0000] {logging_mixin.py:188} INFO - [2024-05-28T21:24:23.515+0000] {dagbag.py:545} INFO - Filling up the DagBag from /opt/airflow/dags/first_dag.py
[2024-05-28T21:24:24.268+0000] {processor.py:840} INFO - DAG(s) 'example_dag_1' retrieved from /opt/airflow/dags/first_dag.py
[2024-05-28T21:24:24.324+0000] {logging_mixin.py:188} INFO - [2024-05-28T21:24:24.323+0000] {dag.py:3096} INFO - Sync 1 DAGs
[2024-05-28T21:24:24.378+0000] {logging_mixin.py:188} INFO - [2024-05-28T21:24:24.378+0000] {dag.py:3954} INFO - Setting next_dagrun for example_dag_1 to 2024-05-28 00:00:00+00:00, run_after=2024-05-29 00:00:00+00:00
[2024-05-28T21:24:24.445+0000] {processor.py:183} INFO - Processing /opt/airflow/dags/first_dag.py took 0.973 seconds
[2024-05-28T21:43:36.649+0000] {processor.py:161} INFO - Started process (PID=1642) to work on /opt/airflow/dags/first_dag.py
[2024-05-28T21:43:36.659+0000] {processor.py:830} INFO - Processing file /opt/airflow/dags/first_dag.py for tasks to queue
[2024-05-28T21:43:36.678+0000] {logging_mixin.py:188} INFO - [2024-05-28T21:43:36.676+0000] {dagbag.py:545} INFO - Filling up the DagBag from /opt/airflow/dags/first_dag.py
[2024-05-28T21:43:36.794+0000] {processor.py:840} INFO - DAG(s) 'example_dag_1' retrieved from /opt/airflow/dags/first_dag.py
[2024-05-28T21:43:36.973+0000] {logging_mixin.py:188} INFO - [2024-05-28T21:43:36.972+0000] {dag.py:3096} INFO - Sync 1 DAGs
[2024-05-28T21:43:37.241+0000] {logging_mixin.py:188} INFO - [2024-05-28T21:43:37.240+0000] {dag.py:3954} INFO - Setting next_dagrun for example_dag_1 to 2024-05-28 00:00:00+00:00, run_after=2024-05-29 00:00:00+00:00
[2024-05-28T21:43:37.488+0000] {processor.py:183} INFO - Processing /opt/airflow/dags/first_dag.py took 0.919 seconds
[2024-05-28T21:57:18.094+0000] {processor.py:161} INFO - Started process (PID=1700) to work on /opt/airflow/dags/first_dag.py
[2024-05-28T21:57:18.096+0000] {processor.py:830} INFO - Processing file /opt/airflow/dags/first_dag.py for tasks to queue
[2024-05-28T21:57:18.099+0000] {logging_mixin.py:188} INFO - [2024-05-28T21:57:18.098+0000] {dagbag.py:545} INFO - Filling up the DagBag from /opt/airflow/dags/first_dag.py
[2024-05-28T21:57:18.113+0000] {processor.py:840} INFO - DAG(s) 'example_dag_1' retrieved from /opt/airflow/dags/first_dag.py
[2024-05-28T21:57:18.139+0000] {logging_mixin.py:188} INFO - [2024-05-28T21:57:18.139+0000] {dag.py:3096} INFO - Sync 1 DAGs
[2024-05-28T21:57:18.165+0000] {logging_mixin.py:188} INFO - [2024-05-28T21:57:18.165+0000] {dag.py:3954} INFO - Setting next_dagrun for example_dag_1 to 2024-05-28 00:00:00+00:00, run_after=2024-05-29 00:00:00+00:00
[2024-05-28T21:57:18.185+0000] {processor.py:183} INFO - Processing /opt/airflow/dags/first_dag.py took 0.099 seconds
[2024-05-28T21:57:49.134+0000] {processor.py:161} INFO - Started process (PID=1760) to work on /opt/airflow/dags/first_dag.py
[2024-05-28T21:57:49.142+0000] {processor.py:830} INFO - Processing file /opt/airflow/dags/first_dag.py for tasks to queue
[2024-05-28T21:57:49.177+0000] {logging_mixin.py:188} INFO - [2024-05-28T21:57:49.173+0000] {dagbag.py:545} INFO - Filling up the DagBag from /opt/airflow/dags/first_dag.py
[2024-05-28T21:57:49.348+0000] {processor.py:840} INFO - DAG(s) 'example_dag_1' retrieved from /opt/airflow/dags/first_dag.py
[2024-05-28T21:57:49.611+0000] {logging_mixin.py:188} INFO - [2024-05-28T21:57:49.608+0000] {dag.py:3096} INFO - Sync 1 DAGs
[2024-05-28T21:57:49.863+0000] {logging_mixin.py:188} INFO - [2024-05-28T21:57:49.861+0000] {dag.py:3954} INFO - Setting next_dagrun for example_dag_1 to 2024-05-28 00:00:00+00:00, run_after=2024-05-29 00:00:00+00:00
[2024-05-28T21:57:49.987+0000] {processor.py:183} INFO - Processing /opt/airflow/dags/first_dag.py took 0.898 seconds
[2024-05-28T22:16:03.322+0000] {processor.py:161} INFO - Started process (PID=1819) to work on /opt/airflow/dags/first_dag.py
[2024-05-28T22:16:03.328+0000] {processor.py:830} INFO - Processing file /opt/airflow/dags/first_dag.py for tasks to queue
[2024-05-28T22:16:03.351+0000] {logging_mixin.py:188} INFO - [2024-05-28T22:16:03.346+0000] {dagbag.py:545} INFO - Filling up the DagBag from /opt/airflow/dags/first_dag.py
[2024-05-28T22:16:03.478+0000] {processor.py:840} INFO - DAG(s) 'example_dag_1' retrieved from /opt/airflow/dags/first_dag.py
[2024-05-28T22:16:03.654+0000] {logging_mixin.py:188} INFO - [2024-05-28T22:16:03.653+0000] {dag.py:3096} INFO - Sync 1 DAGs
[2024-05-28T22:16:03.820+0000] {logging_mixin.py:188} INFO - [2024-05-28T22:16:03.819+0000] {dag.py:3954} INFO - Setting next_dagrun for example_dag_1 to 2024-05-28 00:00:00+00:00, run_after=2024-05-29 00:00:00+00:00
[2024-05-28T22:16:04.010+0000] {processor.py:183} INFO - Processing /opt/airflow/dags/first_dag.py took 0.757 seconds
[2024-05-28T22:16:34.471+0000] {processor.py:161} INFO - Started process (PID=1879) to work on /opt/airflow/dags/first_dag.py
[2024-05-28T22:16:34.482+0000] {processor.py:830} INFO - Processing file /opt/airflow/dags/first_dag.py for tasks to queue
[2024-05-28T22:16:34.506+0000] {logging_mixin.py:188} INFO - [2024-05-28T22:16:34.503+0000] {dagbag.py:545} INFO - Filling up the DagBag from /opt/airflow/dags/first_dag.py
[2024-05-28T22:16:34.654+0000] {processor.py:840} INFO - DAG(s) 'example_dag_1' retrieved from /opt/airflow/dags/first_dag.py
[2024-05-28T22:16:34.951+0000] {logging_mixin.py:188} INFO - [2024-05-28T22:16:34.948+0000] {dag.py:3096} INFO - Sync 1 DAGs
[2024-05-28T22:16:35.269+0000] {logging_mixin.py:188} INFO - [2024-05-28T22:16:35.263+0000] {dag.py:3954} INFO - Setting next_dagrun for example_dag_1 to 2024-05-28 00:00:00+00:00, run_after=2024-05-29 00:00:00+00:00
[2024-05-28T22:16:35.552+0000] {processor.py:183} INFO - Processing /opt/airflow/dags/first_dag.py took 1.156 seconds
[2024-05-28T22:17:07.268+0000] {processor.py:161} INFO - Started process (PID=1931) to work on /opt/airflow/dags/first_dag.py
[2024-05-28T22:17:07.280+0000] {processor.py:830} INFO - Processing file /opt/airflow/dags/first_dag.py for tasks to queue
[2024-05-28T22:17:07.310+0000] {logging_mixin.py:188} INFO - [2024-05-28T22:17:07.307+0000] {dagbag.py:545} INFO - Filling up the DagBag from /opt/airflow/dags/first_dag.py
[2024-05-28T22:17:07.453+0000] {processor.py:840} INFO - DAG(s) 'example_dag_1' retrieved from /opt/airflow/dags/first_dag.py
[2024-05-28T22:17:07.751+0000] {logging_mixin.py:188} INFO - [2024-05-28T22:17:07.748+0000] {dag.py:3096} INFO - Sync 1 DAGs
[2024-05-28T22:17:08.053+0000] {logging_mixin.py:188} INFO - [2024-05-28T22:17:08.052+0000] {dag.py:3954} INFO - Setting next_dagrun for example_dag_1 to 2024-05-28 00:00:00+00:00, run_after=2024-05-29 00:00:00+00:00
[2024-05-28T22:17:08.262+0000] {processor.py:183} INFO - Processing /opt/airflow/dags/first_dag.py took 1.101 seconds
[2024-05-28T22:17:38.675+0000] {processor.py:161} INFO - Started process (PID=1981) to work on /opt/airflow/dags/first_dag.py
[2024-05-28T22:17:38.695+0000] {processor.py:830} INFO - Processing file /opt/airflow/dags/first_dag.py for tasks to queue
[2024-05-28T22:17:38.733+0000] {logging_mixin.py:188} INFO - [2024-05-28T22:17:38.721+0000] {dagbag.py:545} INFO - Filling up the DagBag from /opt/airflow/dags/first_dag.py
[2024-05-28T22:17:38.880+0000] {processor.py:840} INFO - DAG(s) 'example_dag_1' retrieved from /opt/airflow/dags/first_dag.py
[2024-05-28T22:17:39.059+0000] {logging_mixin.py:188} INFO - [2024-05-28T22:17:39.058+0000] {dag.py:3096} INFO - Sync 1 DAGs
[2024-05-28T22:17:39.352+0000] {logging_mixin.py:188} INFO - [2024-05-28T22:17:39.351+0000] {dag.py:3954} INFO - Setting next_dagrun for example_dag_1 to 2024-05-28 00:00:00+00:00, run_after=2024-05-29 00:00:00+00:00
[2024-05-28T22:17:39.523+0000] {processor.py:183} INFO - Processing /opt/airflow/dags/first_dag.py took 0.919 seconds
[2024-05-28T22:18:10.722+0000] {processor.py:161} INFO - Started process (PID=2041) to work on /opt/airflow/dags/first_dag.py
[2024-05-28T22:18:10.729+0000] {processor.py:830} INFO - Processing file /opt/airflow/dags/first_dag.py for tasks to queue
[2024-05-28T22:18:10.751+0000] {logging_mixin.py:188} INFO - [2024-05-28T22:18:10.750+0000] {dagbag.py:545} INFO - Filling up the DagBag from /opt/airflow/dags/first_dag.py
[2024-05-28T22:18:10.817+0000] {processor.py:840} INFO - DAG(s) 'example_dag_1' retrieved from /opt/airflow/dags/first_dag.py
[2024-05-28T22:18:10.948+0000] {logging_mixin.py:188} INFO - [2024-05-28T22:18:10.946+0000] {dag.py:3096} INFO - Sync 1 DAGs
[2024-05-28T22:18:11.071+0000] {logging_mixin.py:188} INFO - [2024-05-28T22:18:11.070+0000] {dag.py:3954} INFO - Setting next_dagrun for example_dag_1 to 2024-05-28 00:00:00+00:00, run_after=2024-05-29 00:00:00+00:00
[2024-05-28T22:18:11.196+0000] {processor.py:183} INFO - Processing /opt/airflow/dags/first_dag.py took 0.532 seconds
[2024-05-28T22:35:37.848+0000] {processor.py:161} INFO - Started process (PID=2089) to work on /opt/airflow/dags/first_dag.py
[2024-05-28T22:35:37.852+0000] {processor.py:830} INFO - Processing file /opt/airflow/dags/first_dag.py for tasks to queue
[2024-05-28T22:35:37.854+0000] {logging_mixin.py:188} INFO - [2024-05-28T22:35:37.854+0000] {dagbag.py:545} INFO - Filling up the DagBag from /opt/airflow/dags/first_dag.py
[2024-05-28T22:35:37.869+0000] {processor.py:840} INFO - DAG(s) 'example_dag_1' retrieved from /opt/airflow/dags/first_dag.py
[2024-05-28T22:35:37.913+0000] {logging_mixin.py:188} INFO - [2024-05-28T22:35:37.913+0000] {dag.py:3096} INFO - Sync 1 DAGs
[2024-05-28T22:35:37.949+0000] {logging_mixin.py:188} INFO - [2024-05-28T22:35:37.949+0000] {dag.py:3954} INFO - Setting next_dagrun for example_dag_1 to 2024-05-28 00:00:00+00:00, run_after=2024-05-29 00:00:00+00:00
[2024-05-28T22:35:37.976+0000] {processor.py:183} INFO - Processing /opt/airflow/dags/first_dag.py took 0.135 seconds
[2024-05-28T22:36:08.375+0000] {processor.py:161} INFO - Started process (PID=2149) to work on /opt/airflow/dags/first_dag.py
[2024-05-28T22:36:08.388+0000] {processor.py:830} INFO - Processing file /opt/airflow/dags/first_dag.py for tasks to queue
[2024-05-28T22:36:08.410+0000] {logging_mixin.py:188} INFO - [2024-05-28T22:36:08.406+0000] {dagbag.py:545} INFO - Filling up the DagBag from /opt/airflow/dags/first_dag.py
[2024-05-28T22:36:08.592+0000] {processor.py:840} INFO - DAG(s) 'example_dag_1' retrieved from /opt/airflow/dags/first_dag.py
[2024-05-28T22:36:08.841+0000] {logging_mixin.py:188} INFO - [2024-05-28T22:36:08.838+0000] {dag.py:3096} INFO - Sync 1 DAGs
[2024-05-28T22:36:09.146+0000] {logging_mixin.py:188} INFO - [2024-05-28T22:36:09.139+0000] {dag.py:3954} INFO - Setting next_dagrun for example_dag_1 to 2024-05-28 00:00:00+00:00, run_after=2024-05-29 00:00:00+00:00
[2024-05-28T22:36:09.379+0000] {processor.py:183} INFO - Processing /opt/airflow/dags/first_dag.py took 1.098 seconds
[2024-05-28T22:36:40.649+0000] {processor.py:161} INFO - Started process (PID=2208) to work on /opt/airflow/dags/first_dag.py
[2024-05-28T22:36:40.654+0000] {processor.py:830} INFO - Processing file /opt/airflow/dags/first_dag.py for tasks to queue
[2024-05-28T22:36:40.667+0000] {logging_mixin.py:188} INFO - [2024-05-28T22:36:40.664+0000] {dagbag.py:545} INFO - Filling up the DagBag from /opt/airflow/dags/first_dag.py
[2024-05-28T22:36:40.777+0000] {processor.py:840} INFO - DAG(s) 'example_dag_1' retrieved from /opt/airflow/dags/first_dag.py
[2024-05-28T22:36:40.896+0000] {logging_mixin.py:188} INFO - [2024-05-28T22:36:40.895+0000] {dag.py:3096} INFO - Sync 1 DAGs
[2024-05-28T22:36:41.152+0000] {logging_mixin.py:188} INFO - [2024-05-28T22:36:41.151+0000] {dag.py:3954} INFO - Setting next_dagrun for example_dag_1 to 2024-05-28 00:00:00+00:00, run_after=2024-05-29 00:00:00+00:00
[2024-05-28T22:36:41.301+0000] {processor.py:183} INFO - Processing /opt/airflow/dags/first_dag.py took 0.686 seconds
[2024-05-28T22:37:16.614+0000] {processor.py:161} INFO - Started process (PID=2267) to work on /opt/airflow/dags/first_dag.py
[2024-05-28T22:37:16.622+0000] {processor.py:830} INFO - Processing file /opt/airflow/dags/first_dag.py for tasks to queue
[2024-05-28T22:37:16.639+0000] {logging_mixin.py:188} INFO - [2024-05-28T22:37:16.637+0000] {dagbag.py:545} INFO - Filling up the DagBag from /opt/airflow/dags/first_dag.py
[2024-05-28T22:37:16.736+0000] {processor.py:840} INFO - DAG(s) 'example_dag_1' retrieved from /opt/airflow/dags/first_dag.py
[2024-05-28T22:37:16.915+0000] {logging_mixin.py:188} INFO - [2024-05-28T22:37:16.910+0000] {dag.py:3096} INFO - Sync 1 DAGs
[2024-05-28T22:37:17.257+0000] {logging_mixin.py:188} INFO - [2024-05-28T22:37:17.251+0000] {dag.py:3954} INFO - Setting next_dagrun for example_dag_1 to 2024-05-28 00:00:00+00:00, run_after=2024-05-29 00:00:00+00:00
[2024-05-28T22:37:17.459+0000] {processor.py:183} INFO - Processing /opt/airflow/dags/first_dag.py took 0.936 seconds
[2024-05-28T22:37:47.610+0000] {processor.py:161} INFO - Started process (PID=2326) to work on /opt/airflow/dags/first_dag.py
[2024-05-28T22:37:47.612+0000] {processor.py:830} INFO - Processing file /opt/airflow/dags/first_dag.py for tasks to queue
[2024-05-28T22:37:47.615+0000] {logging_mixin.py:188} INFO - [2024-05-28T22:37:47.614+0000] {dagbag.py:545} INFO - Filling up the DagBag from /opt/airflow/dags/first_dag.py
[2024-05-28T22:37:47.630+0000] {processor.py:840} INFO - DAG(s) 'example_dag_1' retrieved from /opt/airflow/dags/first_dag.py
[2024-05-28T22:37:47.660+0000] {logging_mixin.py:188} INFO - [2024-05-28T22:37:47.660+0000] {dag.py:3096} INFO - Sync 1 DAGs
[2024-05-28T22:37:47.691+0000] {logging_mixin.py:188} INFO - [2024-05-28T22:37:47.691+0000] {dag.py:3954} INFO - Setting next_dagrun for example_dag_1 to 2024-05-28 00:00:00+00:00, run_after=2024-05-29 00:00:00+00:00
[2024-05-28T22:37:47.713+0000] {processor.py:183} INFO - Processing /opt/airflow/dags/first_dag.py took 0.111 seconds
[2024-05-28T22:55:34.185+0000] {processor.py:161} INFO - Started process (PID=2366) to work on /opt/airflow/dags/first_dag.py
[2024-05-28T22:55:34.191+0000] {processor.py:830} INFO - Processing file /opt/airflow/dags/first_dag.py for tasks to queue
[2024-05-28T22:55:34.200+0000] {logging_mixin.py:188} INFO - [2024-05-28T22:55:34.199+0000] {dagbag.py:545} INFO - Filling up the DagBag from /opt/airflow/dags/first_dag.py
[2024-05-28T22:55:34.261+0000] {processor.py:840} INFO - DAG(s) 'example_dag_1' retrieved from /opt/airflow/dags/first_dag.py
[2024-05-28T22:55:34.369+0000] {logging_mixin.py:188} INFO - [2024-05-28T22:55:34.368+0000] {dag.py:3096} INFO - Sync 1 DAGs
[2024-05-28T22:55:34.500+0000] {logging_mixin.py:188} INFO - [2024-05-28T22:55:34.499+0000] {dag.py:3954} INFO - Setting next_dagrun for example_dag_1 to 2024-05-28 00:00:00+00:00, run_after=2024-05-29 00:00:00+00:00
[2024-05-28T22:55:34.621+0000] {processor.py:183} INFO - Processing /opt/airflow/dags/first_dag.py took 0.482 seconds
[2024-05-28T22:56:08.930+0000] {processor.py:161} INFO - Started process (PID=2423) to work on /opt/airflow/dags/first_dag.py
[2024-05-28T22:56:08.937+0000] {processor.py:830} INFO - Processing file /opt/airflow/dags/first_dag.py for tasks to queue
[2024-05-28T22:56:08.959+0000] {logging_mixin.py:188} INFO - [2024-05-28T22:56:08.954+0000] {dagbag.py:545} INFO - Filling up the DagBag from /opt/airflow/dags/first_dag.py
[2024-05-28T22:56:09.072+0000] {processor.py:840} INFO - DAG(s) 'example_dag_1' retrieved from /opt/airflow/dags/first_dag.py
[2024-05-28T22:56:09.327+0000] {logging_mixin.py:188} INFO - [2024-05-28T22:56:09.324+0000] {dag.py:3096} INFO - Sync 1 DAGs
[2024-05-28T22:56:09.527+0000] {logging_mixin.py:188} INFO - [2024-05-28T22:56:09.525+0000] {dag.py:3954} INFO - Setting next_dagrun for example_dag_1 to 2024-05-28 00:00:00+00:00, run_after=2024-05-29 00:00:00+00:00
[2024-05-28T22:56:09.783+0000] {processor.py:183} INFO - Processing /opt/airflow/dags/first_dag.py took 0.904 seconds
[2024-05-28T22:56:45.029+0000] {processor.py:161} INFO - Started process (PID=2481) to work on /opt/airflow/dags/first_dag.py
[2024-05-28T22:56:45.040+0000] {processor.py:830} INFO - Processing file /opt/airflow/dags/first_dag.py for tasks to queue
[2024-05-28T22:56:45.064+0000] {logging_mixin.py:188} INFO - [2024-05-28T22:56:45.060+0000] {dagbag.py:545} INFO - Filling up the DagBag from /opt/airflow/dags/first_dag.py
[2024-05-28T22:56:45.141+0000] {processor.py:840} INFO - DAG(s) 'example_dag_1' retrieved from /opt/airflow/dags/first_dag.py
[2024-05-28T22:56:45.351+0000] {logging_mixin.py:188} INFO - [2024-05-28T22:56:45.348+0000] {dag.py:3096} INFO - Sync 1 DAGs
[2024-05-28T22:56:45.627+0000] {logging_mixin.py:188} INFO - [2024-05-28T22:56:45.626+0000] {dag.py:3954} INFO - Setting next_dagrun for example_dag_1 to 2024-05-28 00:00:00+00:00, run_after=2024-05-29 00:00:00+00:00
[2024-05-28T22:56:45.844+0000] {processor.py:183} INFO - Processing /opt/airflow/dags/first_dag.py took 0.906 seconds
[2024-05-28T22:57:16.105+0000] {processor.py:161} INFO - Started process (PID=2541) to work on /opt/airflow/dags/first_dag.py
[2024-05-28T22:57:16.112+0000] {processor.py:830} INFO - Processing file /opt/airflow/dags/first_dag.py for tasks to queue
[2024-05-28T22:57:16.130+0000] {logging_mixin.py:188} INFO - [2024-05-28T22:57:16.128+0000] {dagbag.py:545} INFO - Filling up the DagBag from /opt/airflow/dags/first_dag.py
[2024-05-28T22:57:16.205+0000] {processor.py:840} INFO - DAG(s) 'example_dag_1' retrieved from /opt/airflow/dags/first_dag.py
[2024-05-28T22:57:16.386+0000] {logging_mixin.py:188} INFO - [2024-05-28T22:57:16.381+0000] {dag.py:3096} INFO - Sync 1 DAGs
[2024-05-28T22:57:16.523+0000] {logging_mixin.py:188} INFO - [2024-05-28T22:57:16.521+0000] {dag.py:3954} INFO - Setting next_dagrun for example_dag_1 to 2024-05-28 00:00:00+00:00, run_after=2024-05-29 00:00:00+00:00
[2024-05-28T22:57:16.676+0000] {processor.py:183} INFO - Processing /opt/airflow/dags/first_dag.py took 0.623 seconds
[2024-05-28T22:57:46.897+0000] {processor.py:161} INFO - Started process (PID=2598) to work on /opt/airflow/dags/first_dag.py
[2024-05-28T22:57:46.900+0000] {processor.py:830} INFO - Processing file /opt/airflow/dags/first_dag.py for tasks to queue
[2024-05-28T22:57:46.905+0000] {logging_mixin.py:188} INFO - [2024-05-28T22:57:46.904+0000] {dagbag.py:545} INFO - Filling up the DagBag from /opt/airflow/dags/first_dag.py
[2024-05-28T22:57:46.936+0000] {processor.py:840} INFO - DAG(s) 'example_dag_1' retrieved from /opt/airflow/dags/first_dag.py
[2024-05-28T22:57:46.989+0000] {logging_mixin.py:188} INFO - [2024-05-28T22:57:46.989+0000] {dag.py:3096} INFO - Sync 1 DAGs
[2024-05-28T22:57:47.055+0000] {logging_mixin.py:188} INFO - [2024-05-28T22:57:47.054+0000] {dag.py:3954} INFO - Setting next_dagrun for example_dag_1 to 2024-05-28 00:00:00+00:00, run_after=2024-05-29 00:00:00+00:00
[2024-05-28T22:57:47.101+0000] {processor.py:183} INFO - Processing /opt/airflow/dags/first_dag.py took 0.221 seconds
[2024-05-28T22:58:17.545+0000] {processor.py:161} INFO - Started process (PID=2658) to work on /opt/airflow/dags/first_dag.py
[2024-05-28T22:58:17.546+0000] {processor.py:830} INFO - Processing file /opt/airflow/dags/first_dag.py for tasks to queue
[2024-05-28T22:58:17.556+0000] {logging_mixin.py:188} INFO - [2024-05-28T22:58:17.555+0000] {dagbag.py:545} INFO - Filling up the DagBag from /opt/airflow/dags/first_dag.py
[2024-05-28T22:58:17.596+0000] {processor.py:840} INFO - DAG(s) 'example_dag_1' retrieved from /opt/airflow/dags/first_dag.py
[2024-05-28T22:58:17.655+0000] {logging_mixin.py:188} INFO - [2024-05-28T22:58:17.655+0000] {dag.py:3096} INFO - Sync 1 DAGs
[2024-05-28T22:58:17.747+0000] {logging_mixin.py:188} INFO - [2024-05-28T22:58:17.744+0000] {dag.py:3954} INFO - Setting next_dagrun for example_dag_1 to 2024-05-28 00:00:00+00:00, run_after=2024-05-29 00:00:00+00:00
[2024-05-28T22:58:17.833+0000] {processor.py:183} INFO - Processing /opt/airflow/dags/first_dag.py took 0.316 seconds
[2024-05-28T22:58:48.407+0000] {processor.py:161} INFO - Started process (PID=2718) to work on /opt/airflow/dags/first_dag.py
[2024-05-28T22:58:48.408+0000] {processor.py:830} INFO - Processing file /opt/airflow/dags/first_dag.py for tasks to queue
[2024-05-28T22:58:48.411+0000] {logging_mixin.py:188} INFO - [2024-05-28T22:58:48.411+0000] {dagbag.py:545} INFO - Filling up the DagBag from /opt/airflow/dags/first_dag.py
[2024-05-28T22:58:48.427+0000] {processor.py:840} INFO - DAG(s) 'example_dag_1' retrieved from /opt/airflow/dags/first_dag.py
[2024-05-28T22:58:48.457+0000] {logging_mixin.py:188} INFO - [2024-05-28T22:58:48.457+0000] {dag.py:3096} INFO - Sync 1 DAGs
[2024-05-28T22:58:48.493+0000] {logging_mixin.py:188} INFO - [2024-05-28T22:58:48.492+0000] {dag.py:3954} INFO - Setting next_dagrun for example_dag_1 to 2024-05-28 00:00:00+00:00, run_after=2024-05-29 00:00:00+00:00
[2024-05-28T22:58:48.518+0000] {processor.py:183} INFO - Processing /opt/airflow/dags/first_dag.py took 0.120 seconds
[2024-05-28T22:59:19.443+0000] {processor.py:161} INFO - Started process (PID=2778) to work on /opt/airflow/dags/first_dag.py
[2024-05-28T22:59:19.446+0000] {processor.py:830} INFO - Processing file /opt/airflow/dags/first_dag.py for tasks to queue
[2024-05-28T22:59:19.450+0000] {logging_mixin.py:188} INFO - [2024-05-28T22:59:19.449+0000] {dagbag.py:545} INFO - Filling up the DagBag from /opt/airflow/dags/first_dag.py
[2024-05-28T22:59:19.464+0000] {processor.py:840} INFO - DAG(s) 'example_dag_1' retrieved from /opt/airflow/dags/first_dag.py
[2024-05-28T22:59:19.486+0000] {logging_mixin.py:188} INFO - [2024-05-28T22:59:19.486+0000] {dag.py:3096} INFO - Sync 1 DAGs
[2024-05-28T22:59:19.513+0000] {logging_mixin.py:188} INFO - [2024-05-28T22:59:19.513+0000] {dag.py:3954} INFO - Setting next_dagrun for example_dag_1 to 2024-05-28 00:00:00+00:00, run_after=2024-05-29 00:00:00+00:00
[2024-05-28T22:59:19.532+0000] {processor.py:183} INFO - Processing /opt/airflow/dags/first_dag.py took 0.097 seconds
[2024-05-28T23:16:53.043+0000] {processor.py:161} INFO - Started process (PID=2811) to work on /opt/airflow/dags/first_dag.py
[2024-05-28T23:16:53.048+0000] {processor.py:830} INFO - Processing file /opt/airflow/dags/first_dag.py for tasks to queue
[2024-05-28T23:16:53.052+0000] {logging_mixin.py:188} INFO - [2024-05-28T23:16:53.051+0000] {dagbag.py:545} INFO - Filling up the DagBag from /opt/airflow/dags/first_dag.py
[2024-05-28T23:16:53.131+0000] {processor.py:840} INFO - DAG(s) 'example_dag_1' retrieved from /opt/airflow/dags/first_dag.py
[2024-05-28T23:16:53.317+0000] {logging_mixin.py:188} INFO - [2024-05-28T23:16:53.316+0000] {dag.py:3096} INFO - Sync 1 DAGs
[2024-05-28T23:16:53.454+0000] {logging_mixin.py:188} INFO - [2024-05-28T23:16:53.452+0000] {dag.py:3954} INFO - Setting next_dagrun for example_dag_1 to 2024-05-28 00:00:00+00:00, run_after=2024-05-29 00:00:00+00:00
[2024-05-28T23:16:53.541+0000] {processor.py:183} INFO - Processing /opt/airflow/dags/first_dag.py took 0.530 seconds
[2024-05-28T23:17:28.670+0000] {processor.py:161} INFO - Started process (PID=2877) to work on /opt/airflow/dags/first_dag.py
[2024-05-28T23:17:28.678+0000] {processor.py:830} INFO - Processing file /opt/airflow/dags/first_dag.py for tasks to queue
[2024-05-28T23:17:28.689+0000] {logging_mixin.py:188} INFO - [2024-05-28T23:17:28.684+0000] {dagbag.py:545} INFO - Filling up the DagBag from /opt/airflow/dags/first_dag.py
[2024-05-28T23:17:28.816+0000] {processor.py:840} INFO - DAG(s) 'example_dag_1' retrieved from /opt/airflow/dags/first_dag.py
[2024-05-28T23:17:29.080+0000] {logging_mixin.py:188} INFO - [2024-05-28T23:17:29.079+0000] {dag.py:3096} INFO - Sync 1 DAGs
[2024-05-28T23:17:29.672+0000] {logging_mixin.py:188} INFO - [2024-05-28T23:17:29.668+0000] {dag.py:3954} INFO - Setting next_dagrun for example_dag_1 to 2024-05-28 00:00:00+00:00, run_after=2024-05-29 00:00:00+00:00
[2024-05-28T23:17:29.891+0000] {processor.py:183} INFO - Processing /opt/airflow/dags/first_dag.py took 1.280 seconds
[2024-05-28T23:18:02.192+0000] {processor.py:161} INFO - Started process (PID=2936) to work on /opt/airflow/dags/first_dag.py
[2024-05-28T23:18:02.212+0000] {processor.py:830} INFO - Processing file /opt/airflow/dags/first_dag.py for tasks to queue
[2024-05-28T23:18:02.233+0000] {logging_mixin.py:188} INFO - [2024-05-28T23:18:02.225+0000] {dagbag.py:545} INFO - Filling up the DagBag from /opt/airflow/dags/first_dag.py
[2024-05-28T23:18:02.439+0000] {processor.py:840} INFO - DAG(s) 'example_dag_1' retrieved from /opt/airflow/dags/first_dag.py
[2024-05-28T23:18:02.666+0000] {logging_mixin.py:188} INFO - [2024-05-28T23:18:02.664+0000] {dag.py:3096} INFO - Sync 1 DAGs
[2024-05-28T23:18:02.933+0000] {logging_mixin.py:188} INFO - [2024-05-28T23:18:02.932+0000] {dag.py:3954} INFO - Setting next_dagrun for example_dag_1 to 2024-05-28 00:00:00+00:00, run_after=2024-05-29 00:00:00+00:00
[2024-05-28T23:18:03.105+0000] {processor.py:183} INFO - Processing /opt/airflow/dags/first_dag.py took 1.021 seconds
[2024-05-28T23:18:33.658+0000] {processor.py:161} INFO - Started process (PID=2996) to work on /opt/airflow/dags/first_dag.py
[2024-05-28T23:18:33.662+0000] {processor.py:830} INFO - Processing file /opt/airflow/dags/first_dag.py for tasks to queue
[2024-05-28T23:18:33.667+0000] {logging_mixin.py:188} INFO - [2024-05-28T23:18:33.665+0000] {dagbag.py:545} INFO - Filling up the DagBag from /opt/airflow/dags/first_dag.py
[2024-05-28T23:18:33.717+0000] {processor.py:840} INFO - DAG(s) 'example_dag_1' retrieved from /opt/airflow/dags/first_dag.py
[2024-05-28T23:18:33.814+0000] {logging_mixin.py:188} INFO - [2024-05-28T23:18:33.813+0000] {dag.py:3096} INFO - Sync 1 DAGs
[2024-05-28T23:18:33.927+0000] {logging_mixin.py:188} INFO - [2024-05-28T23:18:33.926+0000] {dag.py:3954} INFO - Setting next_dagrun for example_dag_1 to 2024-05-28 00:00:00+00:00, run_after=2024-05-29 00:00:00+00:00
[2024-05-28T23:18:34.015+0000] {processor.py:183} INFO - Processing /opt/airflow/dags/first_dag.py took 0.420 seconds
[2024-05-28T23:24:28.877+0000] {processor.py:161} INFO - Started process (PID=3026) to work on /opt/airflow/dags/first_dag.py
[2024-05-28T23:24:28.880+0000] {processor.py:830} INFO - Processing file /opt/airflow/dags/first_dag.py for tasks to queue
[2024-05-28T23:24:28.881+0000] {logging_mixin.py:188} INFO - [2024-05-28T23:24:28.881+0000] {dagbag.py:545} INFO - Filling up the DagBag from /opt/airflow/dags/first_dag.py
[2024-05-28T23:24:28.900+0000] {processor.py:840} INFO - DAG(s) 'example_dag_1' retrieved from /opt/airflow/dags/first_dag.py
[2024-05-28T23:24:28.927+0000] {logging_mixin.py:188} INFO - [2024-05-28T23:24:28.926+0000] {dag.py:3096} INFO - Sync 1 DAGs
[2024-05-28T23:24:28.958+0000] {logging_mixin.py:188} INFO - [2024-05-28T23:24:28.958+0000] {dag.py:3954} INFO - Setting next_dagrun for example_dag_1 to 2024-05-28 00:00:00+00:00, run_after=2024-05-29 00:00:00+00:00
[2024-05-28T23:24:28.979+0000] {processor.py:183} INFO - Processing /opt/airflow/dags/first_dag.py took 0.110 seconds
[2024-05-28T23:25:00.007+0000] {processor.py:161} INFO - Started process (PID=3086) to work on /opt/airflow/dags/first_dag.py
[2024-05-28T23:25:00.015+0000] {processor.py:830} INFO - Processing file /opt/airflow/dags/first_dag.py for tasks to queue
[2024-05-28T23:25:00.025+0000] {logging_mixin.py:188} INFO - [2024-05-28T23:25:00.023+0000] {dagbag.py:545} INFO - Filling up the DagBag from /opt/airflow/dags/first_dag.py
[2024-05-28T23:25:00.149+0000] {processor.py:840} INFO - DAG(s) 'example_dag_1' retrieved from /opt/airflow/dags/first_dag.py
[2024-05-28T23:25:00.334+0000] {logging_mixin.py:188} INFO - [2024-05-28T23:25:00.332+0000] {dag.py:3096} INFO - Sync 1 DAGs
[2024-05-28T23:25:00.647+0000] {logging_mixin.py:188} INFO - [2024-05-28T23:25:00.645+0000] {dag.py:3954} INFO - Setting next_dagrun for example_dag_1 to 2024-05-28 00:00:00+00:00, run_after=2024-05-29 00:00:00+00:00
[2024-05-28T23:25:00.866+0000] {processor.py:183} INFO - Processing /opt/airflow/dags/first_dag.py took 0.965 seconds
[2024-05-28T23:25:31.237+0000] {processor.py:161} INFO - Started process (PID=3147) to work on /opt/airflow/dags/first_dag.py
[2024-05-28T23:25:31.243+0000] {processor.py:830} INFO - Processing file /opt/airflow/dags/first_dag.py for tasks to queue
[2024-05-28T23:25:31.251+0000] {logging_mixin.py:188} INFO - [2024-05-28T23:25:31.248+0000] {dagbag.py:545} INFO - Filling up the DagBag from /opt/airflow/dags/first_dag.py
[2024-05-28T23:25:31.358+0000] {processor.py:840} INFO - DAG(s) 'example_dag_1' retrieved from /opt/airflow/dags/first_dag.py
[2024-05-28T23:25:31.477+0000] {logging_mixin.py:188} INFO - [2024-05-28T23:25:31.476+0000] {dag.py:3096} INFO - Sync 1 DAGs
[2024-05-28T23:25:31.730+0000] {logging_mixin.py:188} INFO - [2024-05-28T23:25:31.729+0000] {dag.py:3954} INFO - Setting next_dagrun for example_dag_1 to 2024-05-28 00:00:00+00:00, run_after=2024-05-29 00:00:00+00:00
[2024-05-28T23:25:31.991+0000] {processor.py:183} INFO - Processing /opt/airflow/dags/first_dag.py took 0.819 seconds
[2024-05-28T23:26:04.683+0000] {processor.py:161} INFO - Started process (PID=3205) to work on /opt/airflow/dags/first_dag.py
[2024-05-28T23:26:04.692+0000] {processor.py:830} INFO - Processing file /opt/airflow/dags/first_dag.py for tasks to queue
[2024-05-28T23:26:04.699+0000] {logging_mixin.py:188} INFO - [2024-05-28T23:26:04.696+0000] {dagbag.py:545} INFO - Filling up the DagBag from /opt/airflow/dags/first_dag.py
[2024-05-28T23:26:04.768+0000] {processor.py:840} INFO - DAG(s) 'example_dag_1' retrieved from /opt/airflow/dags/first_dag.py
[2024-05-28T23:26:04.877+0000] {logging_mixin.py:188} INFO - [2024-05-28T23:26:04.873+0000] {dag.py:3096} INFO - Sync 1 DAGs
[2024-05-28T23:26:05.124+0000] {logging_mixin.py:188} INFO - [2024-05-28T23:26:05.118+0000] {dag.py:3954} INFO - Setting next_dagrun for example_dag_1 to 2024-05-28 00:00:00+00:00, run_after=2024-05-29 00:00:00+00:00
[2024-05-28T23:26:05.507+0000] {processor.py:183} INFO - Processing /opt/airflow/dags/first_dag.py took 0.920 seconds
[2024-05-28T23:26:35.604+0000] {processor.py:161} INFO - Started process (PID=3271) to work on /opt/airflow/dags/first_dag.py
[2024-05-28T23:26:35.606+0000] {processor.py:830} INFO - Processing file /opt/airflow/dags/first_dag.py for tasks to queue
[2024-05-28T23:26:35.608+0000] {logging_mixin.py:188} INFO - [2024-05-28T23:26:35.607+0000] {dagbag.py:545} INFO - Filling up the DagBag from /opt/airflow/dags/first_dag.py
[2024-05-28T23:26:35.625+0000] {processor.py:840} INFO - DAG(s) 'example_dag_1' retrieved from /opt/airflow/dags/first_dag.py
[2024-05-28T23:26:35.653+0000] {logging_mixin.py:188} INFO - [2024-05-28T23:26:35.653+0000] {dag.py:3096} INFO - Sync 1 DAGs
[2024-05-28T23:26:35.684+0000] {logging_mixin.py:188} INFO - [2024-05-28T23:26:35.684+0000] {dag.py:3954} INFO - Setting next_dagrun for example_dag_1 to 2024-05-28 00:00:00+00:00, run_after=2024-05-29 00:00:00+00:00
[2024-05-28T23:26:35.709+0000] {processor.py:183} INFO - Processing /opt/airflow/dags/first_dag.py took 0.115 seconds
[2024-05-28T23:42:08.220+0000] {processor.py:161} INFO - Started process (PID=3309) to work on /opt/airflow/dags/first_dag.py
[2024-05-28T23:42:08.225+0000] {processor.py:830} INFO - Processing file /opt/airflow/dags/first_dag.py for tasks to queue
[2024-05-28T23:42:08.233+0000] {logging_mixin.py:188} INFO - [2024-05-28T23:42:08.230+0000] {dagbag.py:545} INFO - Filling up the DagBag from /opt/airflow/dags/first_dag.py
[2024-05-28T23:42:08.351+0000] {processor.py:840} INFO - DAG(s) 'example_dag_1' retrieved from /opt/airflow/dags/first_dag.py
[2024-05-28T23:42:08.539+0000] {logging_mixin.py:188} INFO - [2024-05-28T23:42:08.537+0000] {dag.py:3096} INFO - Sync 1 DAGs
[2024-05-28T23:42:08.860+0000] {logging_mixin.py:188} INFO - [2024-05-28T23:42:08.859+0000] {dag.py:3954} INFO - Setting next_dagrun for example_dag_1 to 2024-05-28 00:00:00+00:00, run_after=2024-05-29 00:00:00+00:00
[2024-05-28T23:42:09.083+0000] {processor.py:183} INFO - Processing /opt/airflow/dags/first_dag.py took 0.926 seconds
[2024-05-28T23:42:41.644+0000] {processor.py:161} INFO - Started process (PID=3365) to work on /opt/airflow/dags/first_dag.py
[2024-05-28T23:42:41.649+0000] {processor.py:830} INFO - Processing file /opt/airflow/dags/first_dag.py for tasks to queue
[2024-05-28T23:42:41.654+0000] {logging_mixin.py:188} INFO - [2024-05-28T23:42:41.653+0000] {dagbag.py:545} INFO - Filling up the DagBag from /opt/airflow/dags/first_dag.py
[2024-05-28T23:42:41.720+0000] {processor.py:840} INFO - DAG(s) 'example_dag_1' retrieved from /opt/airflow/dags/first_dag.py
[2024-05-28T23:42:42.101+0000] {logging_mixin.py:188} INFO - [2024-05-28T23:42:42.100+0000] {dag.py:3096} INFO - Sync 1 DAGs
[2024-05-28T23:42:42.254+0000] {logging_mixin.py:188} INFO - [2024-05-28T23:42:42.253+0000] {dag.py:3954} INFO - Setting next_dagrun for example_dag_1 to 2024-05-28 00:00:00+00:00, run_after=2024-05-29 00:00:00+00:00
[2024-05-28T23:42:42.355+0000] {processor.py:183} INFO - Processing /opt/airflow/dags/first_dag.py took 0.751 seconds
[2024-05-28T23:43:15.192+0000] {processor.py:161} INFO - Started process (PID=3419) to work on /opt/airflow/dags/first_dag.py
[2024-05-28T23:43:15.210+0000] {processor.py:830} INFO - Processing file /opt/airflow/dags/first_dag.py for tasks to queue
[2024-05-28T23:43:15.231+0000] {logging_mixin.py:188} INFO - [2024-05-28T23:43:15.225+0000] {dagbag.py:545} INFO - Filling up the DagBag from /opt/airflow/dags/first_dag.py
[2024-05-28T23:43:15.413+0000] {processor.py:840} INFO - DAG(s) 'example_dag_1' retrieved from /opt/airflow/dags/first_dag.py
[2024-05-28T23:43:15.651+0000] {logging_mixin.py:188} INFO - [2024-05-28T23:43:15.650+0000] {dag.py:3096} INFO - Sync 1 DAGs
[2024-05-28T23:43:15.974+0000] {logging_mixin.py:188} INFO - [2024-05-28T23:43:15.970+0000] {dag.py:3954} INFO - Setting next_dagrun for example_dag_1 to 2024-05-28 00:00:00+00:00, run_after=2024-05-29 00:00:00+00:00
[2024-05-28T23:43:16.249+0000] {processor.py:183} INFO - Processing /opt/airflow/dags/first_dag.py took 1.249 seconds
[2024-05-28T23:43:48.645+0000] {processor.py:161} INFO - Started process (PID=3479) to work on /opt/airflow/dags/first_dag.py
[2024-05-28T23:43:48.653+0000] {processor.py:830} INFO - Processing file /opt/airflow/dags/first_dag.py for tasks to queue
[2024-05-28T23:43:48.665+0000] {logging_mixin.py:188} INFO - [2024-05-28T23:43:48.660+0000] {dagbag.py:545} INFO - Filling up the DagBag from /opt/airflow/dags/first_dag.py
[2024-05-28T23:43:48.739+0000] {processor.py:840} INFO - DAG(s) 'example_dag_1' retrieved from /opt/airflow/dags/first_dag.py
[2024-05-28T23:43:48.797+0000] {logging_mixin.py:188} INFO - [2024-05-28T23:43:48.796+0000] {dag.py:3096} INFO - Sync 1 DAGs
[2024-05-28T23:43:48.895+0000] {logging_mixin.py:188} INFO - [2024-05-28T23:43:48.895+0000] {dag.py:3954} INFO - Setting next_dagrun for example_dag_1 to 2024-05-28 00:00:00+00:00, run_after=2024-05-29 00:00:00+00:00
[2024-05-28T23:43:48.958+0000] {processor.py:183} INFO - Processing /opt/airflow/dags/first_dag.py took 0.388 seconds
